number,value,datetime_start,datetime_complete,duration,params_adam_beta1,params_adam_beta2,params_hidden,params_lambda_ic,params_lambda_phys,params_lr,params_n_layers,params_scheduler_gamma,params_scheduler_step,state
366,0.04685457423329353,2026-05-20 18:25:11.760554,2026-05-20 18:25:12.131793,0 days 00:00:00.371239,0.953575215921053,0.9943052036582856,80,1.433942728033009,0.40030372937491854,0.0006712562048900384,5,0.7989839497907475,1000,PRUNED
367,0.03906604275107384,2026-05-20 18:25:12.139721,2026-05-20 18:25:12.444388,0 days 00:00:00.304667,0.8813133313647568,0.9952468791235475,48,1.1570224111923182,0.12747414510723126,0.0013993412827641876,5,0.8287339502997251,1000,PRUNED
368,0.04713433235883713,2026-05-20 18:25:12.451569,2026-05-20 18:25:12.648154,0 days 00:00:00.196585,0.9879379713346322,0.9936622228330066,48,1.3148166111810922,0.10022452014367593,0.001219799531636456,2,0.7896623952620859,1000,PRUNED
369,0.043238453567028046,2026-05-20 18:25:12.654664,2026-05-20 18:25:12.998949,0 days 00:00:00.344285,0.9049468056895252,0.9938869627701659,64,2.7933796718488177,0.05985739585728028,0.0011024139263484155,5,0.7237263219010601,1000,PRUNED
370,0.058768220245838165,2026-05-20 18:25:13.005594,2026-05-20 18:25:13.311926,0 days 00:00:00.306332,0.9084795500229259,0.9931501733881428,48,6.658322119018625,0.22129412060332437,0.0016124832790299667,5,0.8439611416355021,1000,PRUNED
371,0.03867260366678238,2026-05-20 18:25:13.318403,2026-05-20 18:25:13.626274,0 days 00:00:00.307871,0.8845088692547683,0.9918602491402299,48,1.711981353756988,0.048714055222155966,0.0009916468810545712,5,0.8089544707165086,1000,PRUNED
372,0.03834041580557823,2026-05-20 18:25:13.632729,2026-05-20 18:25:13.944628,0 days 00:00:00.311899,0.8751991453084589,0.9946187030377672,48,1.4706270484478419,1.7735894211456749,0.0012880780392390844,5,0.7021903314939046,1000,PRUNED
373,0.04438595473766327,2026-05-20 18:25:13.952265,2026-05-20 18:25:14.185408,0 days 00:00:00.233143,0.8783924229545866,0.9943192902775745,48,1.1090377024454474,0.07763564528020037,0.0014329635950255924,3,0.7539532199451227,1000,PRUNED
374,0.04780161753296852,2026-05-20 18:25:14.192742,2026-05-20 18:25:14.468662,0 days 00:00:00.275920,0.8938728039117845,0.9950427055760966,32,1.2490743791002914,0.036113019708159944,0.0011639985155028545,5,0.37496751925328053,1000,PRUNED
375,0.07255015522241592,2026-05-20 18:25:14.475487,2026-05-20 18:25:14.741246,0 days 00:00:00.265759,0.8903104335752706,0.9940934216562831,48,16.45714022748909,0.027576809430736024,0.0008008075716187101,4,0.8226853307698179,1000,PRUNED
376,0.04618651419878006,2026-05-20 18:25:14.747389,2026-05-20 18:25:15.087472,0 days 00:00:00.340083,0.8973974939368452,0.9934377947726992,64,1.5397933827461832,0.09088456611657235,0.0009104959409688466,5,0.8617242551814528,1000,PRUNED
377,0.03952312469482422,2026-05-20 18:25:15.093839,2026-05-20 18:25:15.402510,0 days 00:00:00.308671,0.8707307938639965,0.9944348333348005,48,1.3663766971189968,0.06315932181256012,0.0013081554106462738,5,0.8371196403035304,1000,PRUNED
378,0.04577880725264549,2026-05-20 18:25:15.408841,2026-05-20 18:25:15.712763,0 days 00:00:00.303922,0.9730303870151455,0.9938648470036596,48,1.2026892329816081,0.1103272578033241,0.001035520694859667,5,0.5166559417165837,1000,PRUNED
379,0.042762935161590576,2026-05-20 18:25:15.719104,2026-05-20 18:25:16.023457,0 days 00:00:00.304353,0.9267488816716823,0.9927650197809281,48,1.0733020374382227,0.1613421364114261,0.0011411958544411533,5,0.7892008175129738,1000,PRUNED
380,0.04659004881978035,2026-05-20 18:25:16.030208,2026-05-20 18:25:16.305043,0 days 00:00:00.274835,0.8877756351895553,0.994200252001019,32,2.284307666784853,0.0018969627478845545,0.0015110087398619739,5,0.8506249569099305,1000,PRUNED
381,0.038135576993227005,2026-05-20 18:25:16.312723,2026-05-20 18:25:16.615197,0 days 00:00:00.302474,0.8864580288267858,0.9936314524931971,48,1.8811858146439913,0.7232000194132567,0.001276202073848937,5,0.8116841093038142,1000,PRUNED
382,0.047142527997493744,2026-05-20 18:25:16.622437,2026-05-20 18:25:16.963201,0 days 00:00:00.340764,0.8828324457530513,0.9947459841734713,64,1.2506674950820993,0.051186239467528254,0.004838439747246015,5,0.7707500657877586,1000,PRUNED
383,0.04107750579714775,2026-05-20 18:25:16.969857,2026-05-20 18:25:17.244496,0 days 00:00:00.274639,0.8915874882146264,0.9945464867354348,48,1.422214101114065,0.1346667430334048,0.0017031507834725987,4,0.3001176514258474,1000,PRUNED
384,0.04656033217906952,2026-05-20 18:25:17.250828,2026-05-20 18:25:17.557449,0 days 00:00:00.306621,0.9591561959425627,0.9940455786664325,48,1.5882349611857713,0.07327362834600352,0.0027551077581202555,5,0.6254970255090145,3000,PRUNED
385,0.03902649134397507,2026-05-20 18:25:17.563919,2026-05-20 18:25:17.828857,0 days 00:00:00.264938,0.8785615582634955,0.990054984120444,16,18.812351139742912,0.039156008259043286,0.0009206218023349471,5,0.8018427855501103,1000,PRUNED
386,0.047449078410863876,2026-05-20 18:25:17.835431,2026-05-20 18:25:18.179068,0 days 00:00:00.343637,0.9455484757761753,0.9943611780941494,48,1.1512689086355339,0.09187418014322132,0.0010706227640458882,6,0.82554893148524,1000,PRUNED
387,0.03890317678451538,2026-05-20 18:25:18.186718,2026-05-20 18:25:18.496298,0 days 00:00:00.309580,0.9013105250999313,0.9938417367542528,48,1.3265929049004725,0.05597446603877126,0.001215539118598077,5,0.42705663003198313,1000,PRUNED
388,0.04544099420309067,2026-05-20 18:25:18.502836,2026-05-20 18:25:18.808644,0 days 00:00:00.305808,0.9825747746370169,0.9915498050490907,48,1.0542890160517213,0.11577957487027156,0.0013858263604438746,5,0.7377388324506713,1000,PRUNED
389,0.051344022154808044,2026-05-20 18:25:18.815199,2026-05-20 18:25:19.119868,0 days 00:00:00.304669,0.8810165807731244,0.9941758853424203,64,12.352165665064684,0.07407898885574347,0.0020505747951860475,4,0.8415249050451635,4000,PRUNED
390,0.03858233988285065,2026-05-20 18:25:19.127984,2026-05-20 18:25:19.435435,0 days 00:00:00.307451,0.88516091890671,0.9948714559026107,48,1.675665051415538,0.04452404272650997,0.0008277420902692243,5,0.8129121068377517,2000,PRUNED
391,0.03908388316631317,2026-05-20 18:25:19.442079,2026-05-20 18:25:19.758649,0 days 00:00:00.316570,0.8887093929136862,0.9940184204010408,48,1.195285268533051,0.08595872329549742,0.0009971107474308822,5,0.5711319817470647,1000,PRUNED
392,0.043271489441394806,2026-05-20 18:25:19.765170,2026-05-20 18:25:20.073667,0 days 00:00:00.308497,0.9667214969081815,0.994573971439785,48,1.3479776211631573,0.06000136070909699,0.00116181881007508,5,0.882755488152975,1000,PRUNED
393,0.03857097029685974,2026-05-20 18:25:20.081837,2026-05-20 18:25:20.391926,0 days 00:00:00.310089,0.8953671172433308,0.99434553119088,48,1.4674491288866194,0.1471472427895815,0.001478143293817772,5,0.7828265222433579,1000,PRUNED
394,0.039355918765068054,2026-05-20 18:25:20.400730,2026-05-20 18:25:20.710047,0 days 00:00:00.309317,0.8639910059576298,0.9921018736547416,48,1.0024458726688092,0.10422458680378228,0.0007237212554037575,5,0.8654841947023931,1000,PRUNED
395,0.08876219391822815,2026-05-20 18:25:20.719023,2026-05-20 18:25:20.991723,0 days 00:00:00.272700,0.8767480857491795,0.9933116295809582,48,21.351369214336742,0.19072211904025707,0.0012965547032262792,4,0.8313458677990264,1000,PRUNED
396,0.039935871958732605,2026-05-20 18:25:20.997798,2026-05-20 18:25:21.325414,0 days 00:00:00.327616,0.9200119750935534,0.9954721096986442,48,1.2379195949524116,0.06848813861351712,0.0010826759133213421,5,0.8526503799269403,2000,PRUNED
397,0.04383006691932678,2026-05-20 18:25:21.332571,2026-05-20 18:25:21.683921,0 days 00:00:00.351350,0.9779681809290334,0.9936756049521445,64,1.1208554885999695,0.030319891958703712,0.0012090093516266146,5,0.7969018428485133,5000,PRUNED
398,0.03884590417146683,2026-05-20 18:25:21.690410,2026-05-20 18:25:22.000771,0 days 00:00:00.310361,0.8909494422159515,0.9941902103479758,48,1.3046769745941447,0.048580853661066146,0.000896737271028217,5,0.8160748009754104,1000,PRUNED
399,0.04678076133131981,2026-05-20 18:25:22.006861,2026-05-20 18:25:22.280896,0 days 00:00:00.274035,0.8857003291468772,0.993975852747265,32,4.91378319437898,0.005390237532595107,0.0016117439395261356,5,0.35527656393308865,1000,PRUNED
