number,value,datetime_start,datetime_complete,duration,params_adam_beta1,params_adam_beta2,params_hidden,params_lambda_ic,params_lambda_phys,params_lr,params_n_layers,params_scheduler_gamma,params_scheduler_step,state
274,0.040563736110925674,2026-05-20 18:24:42.423989,2026-05-20 18:24:42.724957,0 days 00:00:00.300968,0.9493295581806906,0.9936395354303688,48,1.7690608041864222,0.02649415478929667,0.0014515219303222224,5,0.7929118618756886,1000,PRUNED
275,0.04509182274341583,2026-05-20 18:24:42.731267,2026-05-20 18:24:43.137725,0 days 00:00:00.406458,0.8713097151903543,0.9913745344962143,64,1.5329698538511538,0.11460385654907511,0.0011835193881737207,6,0.8621871030273053,1000,PRUNED
276,0.07450781017541885,2026-05-20 18:24:43.144533,2026-05-20 18:24:43.490306,0 days 00:00:00.345773,0.8873967485931571,0.9951488066341414,48,17.642944052615174,0.05478140060810216,0.0013228537290327863,5,0.8093657898728259,1000,PRUNED
277,0.03865603357553482,2026-05-20 18:24:43.496629,2026-05-20 18:24:43.841851,0 days 00:00:00.345222,0.8930528387350668,0.9947905810479696,48,1.3554043559981697,0.007376237290769503,0.0007566783370551184,5,0.7630063342187623,2000,PRUNED
278,0.04161115735769272,2026-05-20 18:24:43.848684,2026-05-20 18:24:44.159902,0 days 00:00:00.311218,0.8979841794729739,0.993958946801858,48,1.0888811835827195,0.034345300105258575,0.0015651616410906372,5,0.8442561910592545,1000,PRUNED
279,0.042645230889320374,2026-05-20 18:24:44.166465,2026-05-20 18:24:44.440174,0 days 00:00:00.273709,0.8818492159408509,0.9942156957068732,48,1.2412924274650718,0.06527474362196767,0.001016779223467403,4,0.8837738375572337,1000,PRUNED
280,0.06596097350120544,2026-05-20 18:24:44.449449,2026-05-20 18:24:44.766174,0 days 00:00:00.316725,0.8753761639137817,0.9920149898727881,48,25.54349466685918,0.08820353903851022,0.0008691593606212745,5,0.8279264075169639,1000,PRUNED
281,0.04524238407611847,2026-05-20 18:24:44.775482,2026-05-20 18:24:45.079675,0 days 00:00:00.304193,0.9611681256543574,0.9944621841486007,48,1.1423759312705744,0.04700254554924451,0.0011851458375730154,4,0.8040215671028715,5000,PRUNED
282,0.04581430181860924,2026-05-20 18:24:45.086606,2026-05-20 18:24:45.430777,0 days 00:00:00.344171,0.8898757942449008,0.9937709029821924,64,1.431753764137078,0.12013981247274451,0.0013682595993579343,5,0.8185917017414636,1000,PRUNED
283,0.04729912057518959,2026-05-20 18:24:45.437350,2026-05-20 18:24:45.711173,0 days 00:00:00.273823,0.8859303293846144,0.99407719368705,32,1.0008936358016218,0.22727030663087833,0.0017478263011779032,5,0.8370007082393905,1000,PRUNED
284,0.03846513852477074,2026-05-20 18:24:45.717607,2026-05-20 18:24:46.022359,0 days 00:00:00.304752,0.9072275969707039,0.9933798348676524,48,1.6443384420578455,0.07159986755427565,0.0010890968532175076,5,0.7702777395618025,1000,PRUNED
285,0.07006356865167618,2026-05-20 18:24:46.028428,2026-05-20 18:24:46.335374,0 days 00:00:00.306946,0.8799474228653362,0.9943177214873333,48,20.33643973510411,0.05088707489461077,0.0009413100412634978,5,0.783665701560512,1000,PRUNED
286,0.040745772421360016,2026-05-20 18:24:46.341582,2026-05-20 18:24:46.643595,0 days 00:00:00.302013,0.8911344001673289,0.9945855611800517,48,1.3077541375261357,0.09877688397725662,0.002013358373147116,5,0.3018097945167476,1000,PRUNED
287,0.047495823353528976,2026-05-20 18:24:46.649775,2026-05-20 18:24:46.929009,0 days 00:00:00.279234,0.8943042085073067,0.9939201406187052,32,1.1538447916259487,0.13434769816584427,0.0012567079924010636,5,0.8498246563774083,1000,PRUNED
288,0.038504283875226974,2026-05-20 18:24:46.938396,2026-05-20 18:24:47.245647,0 days 00:00:00.307251,0.887604168101272,0.9942505795589838,48,1.5512926294472087,0.16629110730893507,0.001450894280788169,5,0.7979418332409781,1000,PRUNED
289,0.05305107310414314,2026-05-20 18:24:47.252532,2026-05-20 18:24:47.525579,0 days 00:00:00.273047,0.8839040561957071,0.9948628290609001,48,9.489204093879405,1.3057447081231124,0.0008065205616842229,4,0.8262125153241954,1000,PRUNED
290,0.03829839453101158,2026-05-20 18:24:47.533318,2026-05-20 18:24:47.838384,0 days 00:00:00.305066,0.8776275414065161,0.9903695334822584,48,1.277634983975744,0.03645181299788056,0.0011833093222586109,5,0.8139437219005067,1000,PRUNED
291,0.04712323099374771,2026-05-20 18:24:47.844868,2026-05-20 18:24:48.168892,0 days 00:00:00.324024,0.9835716050870342,0.9945093208461018,48,1.4340150446762934,0.06745155327153803,0.0010556359075324523,5,0.8680656486759866,1000,PRUNED
292,0.046316955238580704,2026-05-20 18:24:48.175613,2026-05-20 18:24:48.520044,0 days 00:00:00.344431,0.8894972380176723,0.9931176862614256,64,1.1037397980134271,0.0123443166087289,0.0012996751896761972,5,0.47622951508244443,1000,PRUNED
293,0.10398375988006592,2026-05-20 18:24:48.527808,2026-05-20 18:24:48.873197,0 days 00:00:00.345389,0.8816375620268853,0.9907811744020891,48,97.85967181783327,0.0829711168751764,0.0016189994281719812,5,0.561580530637437,4000,PRUNED
294,0.03999123349785805,2026-05-20 18:24:48.882375,2026-05-20 18:24:49.214982,0 days 00:00:00.332607,0.97511414282631,0.9940290442826364,48,1.7425250606177993,0.04349738462471133,0.0009707717509304698,5,0.8372167051422057,1000,PRUNED
295,0.03848358616232872,2026-05-20 18:24:49.222665,2026-05-20 18:24:49.559350,0 days 00:00:00.336685,0.8744545275561376,0.9943932166168542,48,1.2186274010223934,0.056580644038787396,0.0011297763399952746,5,0.397514870803004,1000,PRUNED
296,0.03993663191795349,2026-05-20 18:24:49.566601,2026-05-20 18:24:49.867251,0 days 00:00:00.300650,0.9302378897371403,0.9935191541013141,48,1.3528767277984972,0.10081931283967131,0.0006689840583805972,5,0.8487989605049645,1000,PRUNED
297,0.04083596542477608,2026-05-20 18:24:49.873409,2026-05-20 18:24:50.143576,0 days 00:00:00.270167,0.8955193156488317,0.9941778204459755,48,1.9283906845021817,0.07680412583566458,0.0013744138511873408,4,0.7447507360081482,1000,PRUNED
298,0.04170102998614311,2026-05-20 18:24:50.149657,2026-05-20 18:24:50.450973,0 days 00:00:00.301316,0.8851988697944171,0.9937516479174422,48,1.172557414073027,0.13894694619246242,0.0021977674614907117,5,0.7910398749158223,1000,PRUNED
299,0.0394294336438179,2026-05-20 18:24:50.457263,2026-05-20 18:24:50.758053,0 days 00:00:00.300790,0.8927715982533644,0.9947809609374706,48,2.4181130458604487,0.06265824926444519,0.0008836303732440246,5,0.7142920089328362,1000,PRUNED
300,0.04385999217629433,2026-05-20 18:24:50.764273,2026-05-20 18:24:51.103442,0 days 00:00:00.339169,0.901742809714937,0.9929088543898734,64,5.815021123581488,0.11536450745691823,0.0012425178845688215,5,0.8065725652598114,1000,PRUNED
301,0.03917362540960312,2026-05-20 18:24:51.110752,2026-05-20 18:24:51.410069,0 days 00:00:00.299317,0.888197062065684,0.9938929820019586,48,1.0678620407170107,0.04928649863753549,0.0010657028514393053,5,0.5824005549899629,1000,PRUNED
302,0.04811488091945648,2026-05-20 18:24:51.417689,2026-05-20 18:24:51.691438,0 days 00:00:00.273749,0.977780820274889,0.995022222108154,32,1.4767920031643944,0.0851292788333781,0.0014278363008783505,5,0.8577756502803706,1000,PRUNED
303,0.045047685503959656,2026-05-20 18:24:51.697679,2026-05-20 18:24:52.036258,0 days 00:00:00.338579,0.9651066408255634,0.9945940766931054,64,1.2809941435995507,0.06297712977794576,0.0011677935895694274,5,0.8215099123191193,1000,PRUNED
304,0.040167186409235,2026-05-20 18:24:52.042448,2026-05-20 18:24:52.344183,0 days 00:00:00.301735,0.918361562071425,0.9941318883129832,48,1.612165232456581,0.003012776806403822,0.0007543344884282118,5,0.7734936574952118,1000,PRUNED
305,0.038690436631441116,2026-05-20 18:24:52.350434,2026-05-20 18:24:52.653873,0 days 00:00:00.303439,0.8802901259262947,0.9943767124373223,48,1.3336293998269033,0.09366956364241612,0.0015378073512138575,5,0.8333486871604526,1000,PRUNED
306,0.0657205879688263,2026-05-20 18:24:52.661653,2026-05-20 18:24:53.009039,0 days 00:00:00.347386,0.883519922929701,0.9936689044035589,48,16.122219918075775,0.0423078006465683,0.000986367971121085,5,0.8118402685996557,2000,PRUNED
307,0.03949731960892677,2026-05-20 18:24:53.015264,2026-05-20 18:24:53.318713,0 days 00:00:00.303449,0.8902795644049186,0.9940518969721397,48,1.178006767316458,0.19849760097393623,0.0013456191544399848,5,0.5412840190709858,4000,PRUNED
308,0.0426187664270401,2026-05-20 18:24:53.325847,2026-05-20 18:24:53.600969,0 days 00:00:00.275122,0.8868310530383908,0.9924450885297242,48,1.0691143053732761,0.07383000870735801,0.001233557494557889,4,0.841670026914513,1000,PRUNED
309,0.04167621210217476,2026-05-20 18:24:53.608992,2026-05-20 18:24:53.955689,0 days 00:00:00.346697,0.8776076037940868,0.9943158940711416,64,1.4270326397159658,0.057907847416000274,0.0029481064454548733,5,0.7947813546794551,1000,PRUNED
310,0.038924459367990494,2026-05-20 18:24:53.962181,2026-05-20 18:24:54.261126,0 days 00:00:00.298945,0.8981376930274373,0.9953807771308575,48,1.2344208627475775,0.03593996578863891,0.001094721350882467,5,0.873263550294201,1000,PRUNED
311,0.038678597658872604,2026-05-20 18:24:54.267455,2026-05-20 18:24:54.574361,0 days 00:00:00.306906,0.8837581459911067,0.9958343776397466,48,1.587075978344494,0.11181296176506342,0.0008921635087517784,5,0.8247078428193555,1000,PRUNED
312,0.038905397057533264,2026-05-20 18:24:54.581300,2026-05-20 18:24:54.886251,0 days 00:00:00.304951,0.892489982893937,0.9946607142611124,48,2.1504606021377297,0.15935040546945495,0.0018225250293160775,5,0.6852903306742553,1000,PRUNED
313,0.07444996386766434,2026-05-20 18:24:54.893317,2026-05-20 18:24:55.160607,0 days 00:00:00.267290,0.9230491353887332,0.9942102316444015,48,21.30961110167362,0.05263046767223675,0.001302383893086366,4,0.7806296806032227,1000,PRUNED
314,0.049021560698747635,2026-05-20 18:24:55.167511,2026-05-20 18:24:55.441152,0 days 00:00:00.273641,0.8868480938937139,0.9915634518322036,32,1.0129038074240402,0.08539528138083788,0.007738381976028741,5,0.8543991468628759,1000,PRUNED
315,0.040893349796533585,2026-05-20 18:24:55.448716,2026-05-20 18:24:55.749091,0 days 00:00:00.300375,0.9378766485181118,0.9939118947768668,48,1.376802772758415,0.06988821715053174,0.000816384551764788,5,0.6570281102428266,1000,PRUNED
316,0.03785835951566696,2026-05-20 18:24:55.755671,2026-05-20 18:24:56.055789,0 days 00:00:00.300118,0.8721699293905935,0.9934779067805846,48,1.8316773614821285,0.5553684733441971,0.002576875690808901,5,0.3830160282057188,1000,PRUNED
317,0.03833390399813652,2026-05-20 18:24:56.061870,2026-05-20 18:24:56.359896,0 days 00:00:00.298026,0.881085945582646,0.9944633998253651,48,1.1723212753392005,0.027258823261706748,0.0010182164051419985,5,0.6085399652745338,1000,PRUNED
318,0.046981967985630035,2026-05-20 18:24:56.366072,2026-05-20 18:24:56.722036,0 days 00:00:00.355964,0.913500840563974,0.9937852991666428,64,1.3043033504907586,0.14142758552495338,0.0011403943903407067,5,0.34094700599173744,1000,PRUNED
319,0.03949139267206192,2026-05-20 18:24:56.728869,2026-05-20 18:24:57.086699,0 days 00:00:00.357830,0.8902901000825966,0.9940580642824823,48,1.1267182950888917,0.10073294885611672,0.0015192515593041057,5,0.8017318060822912,1000,PRUNED
320,0.04520170018076897,2026-05-20 18:24:57.093466,2026-05-20 18:24:57.479185,0 days 00:00:00.385719,0.894883934872593,0.9942809208939796,48,1.5427245238379073,0.0023328121939524453,0.0012104172632224082,6,0.7584447229762962,1000,PRUNED
321,0.04550955072045326,2026-05-20 18:24:57.486339,2026-05-20 18:24:57.834495,0 days 00:00:00.348156,0.9797316400476578,0.9948475946866192,48,12.452816505385277,0.009673823864411756,0.0009585312367796997,5,0.8324570835769263,1000,PRUNED
322,0.04226425290107727,2026-05-20 18:24:57.842183,2026-05-20 18:24:58.186674,0 days 00:00:00.344491,0.9321343005643941,0.9945027797102864,48,1.2455467444177857,0.047222889430632985,0.0014173630514599021,5,0.8169654189146552,1000,PRUNED
323,0.042407553642988205,2026-05-20 18:24:58.193713,2026-05-20 18:24:58.469420,0 days 00:00:00.275707,0.885000081877335,0.9932216119035187,32,1.4496048203514413,0.015953100168363044,0.00165991799929785,4,0.8419624493374055,1000,PRUNED
324,0.07510186731815338,2026-05-20 18:24:58.477237,2026-05-20 18:24:58.779001,0 days 00:00:00.301764,0.8763025437698023,0.9951829172440639,48,39.45839012976649,0.11998920285609531,0.0010849434941420596,5,0.7883642163676278,5000,PRUNED
325,0.040584463626146317,2026-05-20 18:24:58.785339,2026-05-20 18:24:59.044338,0 days 00:00:00.258999,0.971448317632285,0.9939735760606185,16,10.518396342673839,0.2986901531319557,0.001306676252052969,5,0.8601848581789259,2000,PRUNED
326,0.03931759297847748,2026-05-20 18:24:59.050742,2026-05-20 18:24:59.351031,0 days 00:00:00.300289,0.850221419405607,0.993702434987716,48,1.715264916864886,0.07633645552899924,0.0011729858985918733,5,0.8924300866348959,1000,PRUNED
327,0.04633176699280739,2026-05-20 18:24:59.357224,2026-05-20 18:24:59.712468,0 days 00:00:00.355244,0.8891244547832228,0.9941794859160499,64,1.082333916926208,0.06375143910106465,0.0009579145853710673,5,0.8097659184700796,1000,PRUNED
328,0.03886793181300163,2026-05-20 18:24:59.718923,2026-05-20 18:25:00.023711,0 days 00:00:00.304788,0.8794153198327651,0.9946967110286287,48,1.3323030893545902,0.03161771563553583,0.0008510256340114493,5,0.36103422321131107,1000,PRUNED
329,0.043760135769844055,2026-05-20 18:25:00.031195,2026-05-20 18:25:00.333189,0 days 00:00:00.301994,0.9854990174419207,0.9943071556456887,48,1.2123054958362667,0.039387610453719205,0.000720414806137587,5,0.8278331394758145,1000,PRUNED
330,0.07232476770877838,2026-05-20 18:25:00.340795,2026-05-20 18:25:00.653343,0 days 00:00:00.312548,0.882016333327883,0.9944933105109138,48,7.84434112647056,0.091751466839756,0.0012844237189139024,4,0.32045227587065,1000,PRUNED
331,0.03850356489419937,2026-05-20 18:25:00.660671,2026-05-20 18:25:01.010042,0 days 00:00:00.349371,0.8873189398080745,0.993918619732971,48,1.4678752504469474,0.057718821160981044,0.0014541602039202601,5,0.798840878326794,1000,PRUNED
332,0.03903554752469063,2026-05-20 18:25:01.017447,2026-05-20 18:25:01.325630,0 days 00:00:00.308183,0.8915423180771523,0.9941197244259359,48,1.1458771051351813,0.08308986616021834,0.0010866648444939145,5,0.5297593992865397,1000,PRUNED
333,0.0417104996740818,2026-05-20 18:25:01.331677,2026-05-20 18:25:01.693296,0 days 00:00:00.361619,0.8849078441325806,0.9935739919331662,64,18.018465414403913,0.047007707039880026,0.0012026904530477117,5,0.8187603598877462,1000,PRUNED
334,0.044647764414548874,2026-05-20 18:25:01.700663,2026-05-20 18:25:02.004750,0 days 00:00:00.304087,0.9559589269248135,0.994962614171633,48,1.3467872319865324,0.12328132921373301,0.001014237299442181,5,0.844999907458146,1000,PRUNED
335,0.04325280711054802,2026-05-20 18:25:02.012353,2026-05-20 18:25:02.313757,0 days 00:00:00.301404,0.8953881485909163,0.9943734639336445,48,1.0610014155731056,0.06652960522227669,0.0019784426250554054,5,0.6692586724813083,1000,PRUNED
336,0.04865899682044983,2026-05-20 18:25:02.320043,2026-05-20 18:25:02.594767,0 days 00:00:00.274724,0.9816745653615255,0.9946709200755725,32,1.2668528437782853,0.1017436863077169,0.0013604414487069835,5,0.7768424863288952,1000,PRUNED
337,0.03861423209309578,2026-05-20 18:25:02.600896,2026-05-20 18:25:02.906115,0 days 00:00:00.305219,0.8885502886509301,0.990219838538935,48,1.6349496656812952,0.05501103258347734,0.0015850330395558827,5,0.8661981028974365,1000,PRUNED
338,0.03899127617478371,2026-05-20 18:25:02.912315,2026-05-20 18:25:03.231569,0 days 00:00:00.319254,0.8751213776386023,0.993817710756688,48,1.1602383568036274,0.18131239047441122,0.0009245544258003534,5,0.8340897785244481,1000,PRUNED
339,0.056751638650894165,2026-05-20 18:25:03.238170,2026-05-20 18:25:03.589505,0 days 00:00:00.351335,0.8923877051409987,0.9926471959193002,48,22.790252964694258,0.08082717524063288,0.0033112377508376406,6,0.8087787445073726,1000,PRUNED
340,0.04548631235957146,2026-05-20 18:25:03.596015,2026-05-20 18:25:03.941356,0 days 00:00:00.345341,0.8828164368429366,0.9956334145022774,64,1.4258441821360102,0.03952287442376768,0.0011596664143007668,5,0.8236405843243464,4000,PRUNED
341,0.04355660825967789,2026-05-20 18:25:03.948116,2026-05-20 18:25:04.225621,0 days 00:00:00.277505,0.8788047766266736,0.9933248272742851,48,1.2490660597504575,0.13066011936254307,0.0007989908279607053,4,0.8797760801438306,1000,PRUNED
342,0.03912884369492531,2026-05-20 18:25:04.233511,2026-05-20 18:25:04.536476,0 days 00:00:00.302965,0.9345169330211219,0.9942631035925229,48,2.029140533032707,0.07030198620363334,0.0013179944088592402,5,0.5951140307652483,1000,PRUNED
343,0.04125168174505234,2026-05-20 18:25:04.544032,2026-05-20 18:25:04.846004,0 days 00:00:00.301972,0.8993714558927705,0.9940602417326283,48,1.0212235193408357,0.049602940132535626,0.0010511917999731226,5,0.44548184155020265,1000,PRUNED
344,0.04251526668667793,2026-05-20 18:25:04.852372,2026-05-20 18:25:05.088298,0 days 00:00:00.235926,0.8864766247630153,0.9945295051425204,48,1.5283821932224286,0.09733292184142152,0.0017140361388491058,3,0.8492905220087015,1000,PRUNED
345,0.045006606727838516,2026-05-20 18:25:05.094866,2026-05-20 18:25:05.397773,0 days 00:00:00.302907,0.8678282947247575,0.9922680256290582,48,1.348604156648396,0.06280383810646996,0.003919106176830421,5,0.7930182101661828,1000,PRUNED
346,0.047632813453674316,2026-05-20 18:25:05.404130,2026-05-20 18:25:05.681118,0 days 00:00:00.276988,0.8890277421648756,0.9938394354907875,32,1.0025713327616823,0.0013595276254084656,0.0012403572826490117,5,0.8032071533287882,1000,PRUNED
347,0.04563762620091438,2026-05-20 18:25:05.687368,2026-05-20 18:25:05.984465,0 days 00:00:00.297097,0.881193819882779,0.9941436623565665,64,1.7377371524165013,0.10953733074024274,0.0013869679343624993,4,0.8183599193178702,1000,PRUNED
348,0.04252194985747337,2026-05-20 18:25:05.990688,2026-05-20 18:25:06.305544,0 days 00:00:00.314856,0.891626735676055,0.9943640608217996,48,1.1422435636191715,0.07678271981724465,0.002312957280330923,5,0.8335119824663937,1000,PRUNED
349,0.039331886917352676,2026-05-20 18:25:06.313110,2026-05-20 18:25:06.689370,0 days 00:00:00.376260,0.8855174089869813,0.9906351520459352,48,1.2249970962271006,0.1601541734390417,0.0014946135490792943,5,0.8576021116979476,1000,PRUNED
350,0.0381615087389946,2026-05-20 18:25:06.697468,2026-05-20 18:25:06.999382,0 days 00:00:00.301914,0.896190581424914,0.9936518150042595,48,1.4030469289259255,0.055027219284165055,0.0011257829800296112,5,0.33299470776136747,1000,PRUNED
351,0.041544679552316666,2026-05-20 18:25:07.005545,2026-05-20 18:25:07.309222,0 days 00:00:00.303677,0.9410270242200944,0.9939946257410008,48,1.5185019243943625,0.021463302478283333,0.0009374699046562491,5,0.7839031240174564,1000,PRUNED
352,0.07358457893133163,2026-05-20 18:25:07.317805,2026-05-20 18:25:07.623763,0 days 00:00:00.305958,0.8770266094667376,0.9946233547201618,48,25.524975430992516,0.04351752977598592,0.001261508073992842,5,0.4066248182724125,1000,PRUNED
353,0.04573430120944977,2026-05-20 18:25:07.631831,2026-05-20 18:25:07.977654,0 days 00:00:00.345823,0.883131843296417,0.9912385238992161,64,1.287602320926323,0.08580651402781195,0.0008606462242356093,5,0.8428287309366911,1000,PRUNED
354,0.047660525888204575,2026-05-20 18:25:07.984008,2026-05-20 18:25:08.290918,0 days 00:00:00.306910,0.9693013095977644,0.9929696558465079,48,28.096800261532216,0.11190688187486797,0.001077361876521392,5,0.503534417328042,5000,PRUNED
355,0.04662873223423958,2026-05-20 18:25:08.297008,2026-05-20 18:25:08.571721,0 days 00:00:00.274713,0.8733586603626932,0.9942131602949139,48,3.4507443572889858,0.14100529268822096,0.0011947982635956847,4,0.8134260941518932,1000,PRUNED
356,0.03895708546042442,2026-05-20 18:25:08.579408,2026-05-20 18:25:08.891183,0 days 00:00:00.311775,0.8894989971445859,0.9948612772375736,48,1.11373436233523,0.06933709564282177,0.0009936659783476745,5,0.7634269810851612,1000,PRUNED
357,0.047195691615343094,2026-05-20 18:25:08.898551,2026-05-20 18:25:09.210763,0 days 00:00:00.312212,0.9759733653493141,0.9944470551840242,48,1.1918988425035688,0.03366669330459259,0.0014011482774443636,5,0.46716336262527297,2000,PRUNED
358,0.04167570918798447,2026-05-20 18:25:09.217415,2026-05-20 18:25:09.521409,0 days 00:00:00.303994,0.9483131543773924,0.993456628269797,48,1.3595332091219874,0.006727554886125639,0.0007624393428845092,5,0.8265259294362463,1000,PRUNED
359,0.044250380247831345,2026-05-20 18:25:09.528385,2026-05-20 18:25:09.875015,0 days 00:00:00.346630,0.8935075630794317,0.9939946576411864,64,14.169449454809829,3.11276719908321,0.0015381575509195978,5,0.8017773466998727,1000,PRUNED
360,0.047291986644268036,2026-05-20 18:25:09.884392,2026-05-20 18:25:10.203879,0 days 00:00:00.319487,0.87969177010009,0.9909933704537948,32,1.6024212756253968,0.985473330262247,0.0005940755499712686,5,0.8717344879213236,1000,PRUNED
361,0.0763372853398323,2026-05-20 18:25:10.213075,2026-05-20 18:25:10.523198,0 days 00:00:00.310123,0.886695816898188,0.9937973497970225,48,19.871491166049168,0.0950285325807657,0.0011469326530534187,5,0.8550870123485972,1000,PRUNED
362,0.04362044855952263,2026-05-20 18:25:10.530085,2026-05-20 18:25:10.835095,0 days 00:00:00.305010,0.9623749723283895,0.9942078108811944,48,1.8494951126084493,0.05461882657149967,0.001289683085443829,5,0.8362694076400446,1000,PRUNED
363,0.03927097097039223,2026-05-20 18:25:10.841829,2026-05-20 18:25:11.155187,0 days 00:00:00.313358,0.8839583188962015,0.9944786630334905,48,1.107048517233973,0.06684094338800466,0.0010405571438480482,5,0.6375321164308059,1000,PRUNED
364,0.04298638924956322,2026-05-20 18:25:11.162492,2026-05-20 18:25:11.472908,0 days 00:00:00.310416,0.8916981323366661,0.994754029951609,48,1.0016636531254453,0.04360534949281016,0.0018365691927516037,5,0.7770514139297829,4000,PRUNED
365,0.04314696416258812,2026-05-20 18:25:11.479624,2026-05-20 18:25:11.754027,0 days 00:00:00.274403,0.888605341248935,0.9940673688766666,48,1.2587882371006807,0.0801762785449637,0.000882635230486104,4,0.817554894809403,3000,PRUNED
