number,value,datetime_start,datetime_complete,duration,params_adam_beta1,params_adam_beta2,params_hidden,params_lambda_ic,params_lambda_phys,params_lr,params_n_layers,params_scheduler_gamma,params_scheduler_step,state
182,0.00591985322535038,2026-05-18 07:11:45.068409,2026-05-18 07:11:46.267339,0 days 00:00:01.198930,0.8905522715060918,0.9939131562211877,48,1.6662917935591965,0.050096237611409015,0.0013952998507077324,5,0.8433689478966929,1000,PRUNED
183,0.004678906872868538,2026-05-18 07:11:46.275196,2026-05-18 07:11:51.797723,0 days 00:00:05.522527,0.8868568290435033,0.9943549075268827,48,1.3491830211875597,0.03723635435526695,0.0012177739871270285,5,0.8205420062547886,1000,PRUNED
184,0.01059107668697834,2026-05-18 07:11:51.805620,2026-05-18 07:11:52.135301,0 days 00:00:00.329681,0.893176142371625,0.9934831934356247,48,1.1012587827930547,0.07231920720376404,0.0015597015557091624,5,0.8291305478636667,1000,PRUNED
185,0.014328669756650925,2026-05-18 07:11:52.144775,2026-05-18 07:11:52.442585,0 days 00:00:00.297810,0.8823636896447126,0.9940710218847258,48,19.238800739744462,0.08461344315424821,0.001104402228415583,5,0.859600136006876,1000,PRUNED
186,0.005127570126205683,2026-05-18 07:11:52.448541,2026-05-18 07:11:55.672804,0 days 00:00:03.224263,0.8700448165573031,0.9944687201024176,48,1.2125663455938782,0.061351759074072025,0.0013197527871257335,5,0.8739278690465773,1000,PRUNED
187,0.010137958452105522,2026-05-18 07:11:55.680821,2026-05-18 07:11:56.005828,0 days 00:00:00.325007,0.898035459373658,0.9936870508668704,48,1.0024027888900666,0.1251586892217789,0.0010101200557042429,5,0.8030237479314001,1000,PRUNED
188,0.012875805608928204,2026-05-18 07:11:56.012999,2026-05-18 07:11:56.297983,0 days 00:00:00.284984,0.8886584960210542,0.9939676861107803,32,1.4087994569369608,0.04651686881328134,0.0015058453285935066,5,0.7618184172587142,1000,PRUNED
189,0.01458574179559946,2026-05-18 07:11:56.304073,2026-05-18 07:11:56.589526,0 days 00:00:00.285453,0.9178558433922938,0.9931410447092833,64,1.5280027134164382,0.010757804784454622,0.0011688986689706588,5,0.7746676447440263,1000,PRUNED
190,0.011033316142857075,2026-05-18 07:11:56.595628,2026-05-18 07:11:56.850019,0 days 00:00:00.254391,0.8579880083147831,0.9942495652146409,48,1.7143037543895827,0.05739797779252945,0.0008552881691977613,4,0.7883685371706288,1000,PRUNED
191,0.007277545053511858,2026-05-18 07:11:56.856317,2026-05-18 07:11:57.378845,0 days 00:00:00.522528,0.8804451882096117,0.9943100675232931,48,1.2071602680405582,0.0762795517300739,0.0009530074577690902,5,0.8184571073727848,1000,PRUNED
192,0.007371668703854084,2026-05-18 07:11:57.386152,2026-05-18 07:11:57.907157,0 days 00:00:00.521005,0.8785441299710186,0.9945560039325899,48,1.1328512909127844,0.09847812555140237,0.001301330617132385,5,0.8282293168261764,1000,PRUNED
193,0.005807899869978428,2026-05-18 07:11:57.913229,2026-05-18 07:11:59.357089,0 days 00:00:01.443860,0.8846489911351302,0.9941994899224563,48,1.3012449390644074,0.08190257385735383,0.0011065024896892007,5,0.8469835452618426,1000,PRUNED
194,0.010261007584631443,2026-05-18 07:11:59.365411,2026-05-18 07:11:59.704566,0 days 00:00:00.339155,0.8866420187891867,0.9947153751239467,48,1.1280931956694833,0.041941350282435876,0.0014231211508850196,5,0.8078898451556209,1000,PRUNED
195,0.006020779255777597,2026-05-18 07:11:59.713251,2026-05-18 07:12:00.732078,0 days 00:00:01.018827,0.8730276845847338,0.9938306924321623,48,1.4793975660605378,0.06418963183063481,0.0010045881970610032,5,0.8270237617710691,1000,PRUNED
196,0.010125580243766308,2026-05-18 07:12:00.738455,2026-05-18 07:12:01.027467,0 days 00:00:00.289012,0.891069715570266,0.9950520208952635,48,1.083985123187502,0.1612480164010684,0.0012071888217839218,5,0.8399877537588721,1000,PRUNED
197,0.010382980108261108,2026-05-18 07:12:01.033555,2026-05-18 07:12:01.314885,0 days 00:00:00.281330,0.88040941707024,0.9940006396215394,48,1.2811608040207136,0.11491999202073315,0.0016303971602372176,5,0.7932690977634088,1000,PRUNED
198,0.010106043890118599,2026-05-18 07:12:01.321194,2026-05-18 07:12:01.604805,0 days 00:00:00.283611,0.8832268495309603,0.9944678127205456,48,1.1987856847770375,0.05467883616120006,0.0013858263604438746,5,0.8864564594251716,1000,PRUNED
199,0.01327858678996563,2026-05-18 07:12:01.612133,2026-05-18 07:12:01.894108,0 days 00:00:00.281975,0.8767560453536818,0.9942628945862646,48,25.021791472750454,0.0896896033267822,0.0012678604897386908,5,0.8582773917033194,1000,PRUNED
200,0.04710051044821739,2026-05-20 18:24:16.916457,2026-05-20 18:24:19.319801,0 days 00:00:02.403344,0.89233444083275,0.9934207332018908,64,1.3654596273580035,0.07052167930777191,0.0008297705615645059,4,0.8185343202339262,1000,PRUNED
201,0.038114551454782486,2026-05-20 18:24:19.329625,2026-05-20 18:24:19.634336,0 days 00:00:00.304711,0.879342685590791,0.9943593508862405,48,1.190410792767608,0.1077455493431109,0.0009551571670293556,5,0.8413819893522051,1000,PRUNED
202,0.038557469844818115,2026-05-20 18:24:19.642517,2026-05-20 18:24:19.950790,0 days 00:00:00.308273,0.8866555364145493,0.9941554553736914,48,1.2883661188221909,0.12304918486871237,0.0009217935243854185,5,0.8361739193903441,1000,PRUNED
203,0.03972330316901207,2026-05-20 18:24:19.957677,2026-05-20 18:24:20.258238,0 days 00:00:00.300561,0.8886507384363939,0.9937839497359565,48,1.0067727314636252,0.12808529000410696,0.0010805652793117323,5,0.8041330333246657,1000,PRUNED
204,0.03910242021083832,2026-05-20 18:24:20.264583,2026-05-20 18:24:20.562854,0 days 00:00:00.298271,0.8824989777781531,0.9947240537869715,48,1.1316478040258,0.18454700470669227,0.0011896556034586623,5,0.8271430326642791,1000,PRUNED
205,0.038573797792196274,2026-05-20 18:24:20.569756,2026-05-20 18:24:20.874861,0 days 00:00:00.305105,0.8958273466624493,0.994071154225458,48,1.511466740662167,0.05038731560380389,0.0010528487714054468,5,0.8532144632363026,1000,PRUNED
206,0.03872811421751976,2026-05-20 18:24:20.882591,2026-05-20 18:24:21.187302,0 days 00:00:00.304711,0.8751963958367608,0.9944094141762871,48,1.2504723242380824,0.08922600882772846,0.001458992041572959,5,0.8130885263594747,1000,PRUNED
207,0.03893875330686569,2026-05-20 18:24:21.194390,2026-05-20 18:24:21.499888,0 days 00:00:00.305498,0.8795112497928707,0.994965505050589,48,1.3854886615698647,0.03282978571583363,0.0007366577389352141,5,0.7948590038909759,1000,PRUNED
208,0.04230647534132004,2026-05-20 18:24:21.506214,2026-05-20 18:24:21.770971,0 days 00:00:00.264757,0.8849395454676651,0.9945987324822758,48,1.0866493209770203,0.07526824011161155,0.001313012722509891,4,0.7830250017707544,1000,PRUNED
209,0.04249138385057449,2026-05-20 18:24:21.777317,2026-05-20 18:24:22.081356,0 days 00:00:00.304039,0.890160105487947,0.9936676544844066,48,1.6091387286156518,0.03947577687223279,0.0027015184013729787,5,0.8299920888415685,1000,PRUNED
210,0.047682054340839386,2026-05-20 18:24:22.087844,2026-05-20 18:24:22.465964,0 days 00:00:00.378120,0.8940109991211509,0.9942562520387193,64,17.504664943860067,0.06500811592537101,0.0017570587355295172,5,0.8674784921757462,1000,PRUNED
211,0.03839215636253357,2026-05-20 18:24:22.472366,2026-05-20 18:24:22.815026,0 days 00:00:00.342660,0.8808690880860248,0.9907973687014804,48,1.1879568916447634,0.10349284518037548,0.0008702500895418114,5,0.8428598476206939,1000,PRUNED
212,0.03821791335940361,2026-05-20 18:24:22.821173,2026-05-20 18:24:23.124051,0 days 00:00:00.302878,0.8842557925874408,0.9942787442166702,48,1.1585900907565558,0.14042874489348878,0.0009109189079929503,5,0.837556854322175,1000,PRUNED
213,0.03891897201538086,2026-05-20 18:24:23.131749,2026-05-20 18:24:23.433695,0 days 00:00:00.301946,0.8774253241601804,0.993860655912326,48,1.3815862190612962,0.10955610688838836,0.0006619024268572931,5,0.8064124834821382,1000,PRUNED
214,0.03908269852399826,2026-05-20 18:24:23.441474,2026-05-20 18:24:23.739687,0 days 00:00:00.298213,0.8877825601352399,0.9940276562205349,48,1.2683849953561597,0.0862228393564155,0.0011804822305356395,5,0.8208443880284847,1000,PRUNED
215,0.03924116864800453,2026-05-20 18:24:23.745806,2026-05-20 18:24:24.045932,0 days 00:00:00.300126,0.8828743661091323,0.9944398903223007,48,1.0861332934064845,0.054131396443036606,0.0011042833770233225,5,0.8533084608498431,1000,PRUNED
216,0.03982878848910332,2026-05-20 18:24:24.052645,2026-05-20 18:24:24.353077,0 days 00:00:00.300432,0.890520355594062,0.9941705442535727,48,1.0052435533533206,0.04426237166955222,0.0010018621630787613,5,0.8354867495303552,1000,PRUNED
217,0.038086604326963425,2026-05-20 18:24:24.359589,2026-05-20 18:24:24.667973,0 days 00:00:00.308384,0.9003190314887591,0.9945722445249962,48,1.442756357429334,2.6884733208614646,0.0012539398857549248,5,0.7732707112705047,1000,PRUNED
218,0.03986899554729462,2026-05-20 18:24:24.675875,2026-05-20 18:24:25.017309,0 days 00:00:00.341434,0.886134959752774,0.9939549793507789,48,1.1853566814862355,0.06699956962359806,0.0013713621980718368,5,0.8127376664312413,1000,PRUNED
219,0.04012887924909592,2026-05-20 18:24:25.026831,2026-05-20 18:24:25.271747,0 days 00:00:00.244916,0.8785834961055113,0.9943295345486342,32,21.173348625339163,0.15372727022257576,0.0009365379322249471,4,0.8019714275484241,1000,PRUNED
220,0.03893023729324341,2026-05-20 18:24:25.278893,2026-05-20 18:24:25.577797,0 days 00:00:00.298904,0.8739035295464017,0.9904345026582401,48,1.3001954456788551,0.07702869637539425,0.0010938769933919186,5,0.7912140130119923,1000,PRUNED
221,0.03901868313550949,2026-05-20 18:24:25.584091,2026-05-20 18:24:25.886460,0 days 00:00:00.302369,0.8924100810752814,0.9942610669945474,48,1.1297309849284203,0.12656739125760783,0.0007827503685063099,5,0.8195013941859522,1000,PRUNED
222,0.04181579500436783,2026-05-20 18:24:25.893194,2026-05-20 18:24:26.238736,0 days 00:00:00.345542,0.9455363322837489,0.994812806159463,48,1.195721767873398,0.00852756206291226,0.0008854035364171666,5,0.824156346134245,1000,PRUNED
223,0.039473164826631546,2026-05-20 18:24:26.244963,2026-05-20 18:24:26.546739,0 days 00:00:00.301776,0.8894589701441623,0.9943979902611687,48,1.08500666649264,0.09425877772078675,0.0011960202930914245,5,0.8347771419218899,1000,PRUNED
224,0.03800171613693237,2026-05-20 18:24:26.552783,2026-05-20 18:24:26.851096,0 days 00:00:00.298313,0.8825710302833133,0.9940763096522431,48,1.3264192544092788,0.11163552302253643,0.000975922311299687,5,0.8519040415569213,1000,PRUNED
225,0.03841385245323181,2026-05-20 18:24:26.858275,2026-05-20 18:24:27.168853,0 days 00:00:00.310578,0.8860705729544347,0.9946174882326133,48,1.4695071263644925,0.05931318449482251,0.001484504138263841,5,0.8148743154199506,1000,PRUNED
226,0.04251927509903908,2026-05-20 18:24:27.177589,2026-05-20 18:24:27.530960,0 days 00:00:00.353371,0.9259547619818838,0.9912004031144673,48,1.2162364742382592,0.08180110742186128,0.0013246324867883755,5,0.7976087523328796,1000,PRUNED
227,0.041418056935071945,2026-05-20 18:24:27.537272,2026-05-20 18:24:27.885190,0 days 00:00:00.347918,0.888277318563343,0.9938001287853395,48,1.8337875905936185,0.10876730361852416,0.0030887235308382868,5,0.8761513859027121,1000,PRUNED
228,0.03930563107132912,2026-05-20 18:24:27.891795,2026-05-20 18:24:28.189696,0 days 00:00:00.297901,0.8926574013960588,0.9942171602869395,48,1.0949187015255177,0.04671861350113877,0.0008099934600194475,5,0.8636875496460229,1000,PRUNED
229,0.038055237382650375,2026-05-20 18:24:28.195999,2026-05-20 18:24:28.506159,0 days 00:00:00.310160,0.8811684192314159,0.9955018972398731,48,1.3438649805529148,0.06480377480777597,0.001144948553107862,5,0.7796894374858373,1000,PRUNED
230,0.07533835619688034,2026-05-20 18:24:28.512228,2026-05-20 18:24:28.857501,0 days 00:00:00.345273,0.884781883868751,0.995277310958077,48,30.757450680590956,0.052733467063877736,0.001048055564237047,5,0.7008170251084372,1000,PRUNED
231,0.03899538516998291,2026-05-20 18:24:28.863802,2026-05-20 18:24:29.209139,0 days 00:00:00.345337,0.9291723305182201,0.9935480608399121,48,1.6447755110944065,0.12487527817617217,0.000770189972846683,5,0.8474400061733147,1000,PRUNED
232,0.040473900735378265,2026-05-20 18:24:29.215744,2026-05-20 18:24:29.577936,0 days 00:00:00.362192,0.9212347325196801,0.9936616643930459,48,1.6032933709684778,0.10024862504547541,0.0007123143875667112,5,0.838889403349818,1000,PRUNED
233,0.038968972861766815,2026-05-20 18:24:29.586178,2026-05-20 18:24:29.929281,0 days 00:00:00.343103,0.8794590102171908,0.9939741401158834,48,1.5104281084141293,0.1445773891109974,0.0008465807978092635,5,0.826498835352969,1000,PRUNED
234,0.03953985124826431,2026-05-20 18:24:29.935760,2026-05-20 18:24:30.283083,0 days 00:00:00.347323,0.8698221231964728,0.9944387850121502,48,1.2830466173076989,0.07903018545074109,0.0012678463806521747,5,0.8129598727716658,1000,PRUNED
235,0.0422586053609848,2026-05-20 18:24:30.289371,2026-05-20 18:24:30.593965,0 days 00:00:00.304594,0.9427805985151152,0.9941149857989593,48,1.1335368063709959,0.201199963777786,0.0009055970250623033,5,0.8464546672280209,1000,PRUNED
236,0.039207279682159424,2026-05-20 18:24:30.600105,2026-05-20 18:24:30.900834,0 days 00:00:00.300729,0.8770878629212587,0.9937960408966646,48,1.3814767713849638,0.10922203265685473,0.002130547090732298,5,0.8047681499103472,1000,PRUNED
237,0.045674268156290054,2026-05-20 18:24:30.907518,2026-05-20 18:24:31.248965,0 days 00:00:00.341447,0.889247233644996,0.9943039212660114,64,1.2266722593799821,0.08634434789980555,0.0011631260956137743,5,0.6773488685279211,1000,PRUNED
238,0.03860701248049736,2026-05-20 18:24:31.256262,2026-05-20 18:24:31.563340,0 days 00:00:00.307078,0.8808928206041764,0.9900538495888399,48,1.7429529815105727,0.06700227562718303,0.0013413001247146237,5,0.8214654906473529,1000,PRUNED
239,0.04106136038899422,2026-05-20 18:24:31.571233,2026-05-20 18:24:31.834592,0 days 00:00:00.263359,0.8953251897640374,0.9939679891983236,48,1.4769381818023093,0.1591906694885103,0.0015915378961307467,4,0.7532362199030233,1000,PRUNED
240,0.057205501943826675,2026-05-20 18:24:31.842062,2026-05-20 18:24:32.143126,0 days 00:00:00.301064,0.8865892573541164,0.9947302538457692,48,11.293997545694276,0.03767611243973857,0.001044023507823023,5,0.8355960257393815,1000,PRUNED
241,0.04766380414366722,2026-05-20 18:24:32.149244,2026-05-20 18:24:32.420224,0 days 00:00:00.270980,0.8906683668142801,0.9929415970523187,32,1.85710656085056,0.10392911989706836,0.0009433104432816222,5,0.858352937619519,1000,PRUNED
242,0.044834502041339874,2026-05-20 18:24:32.426391,2026-05-20 18:24:32.687842,0 days 00:00:00.261451,0.877174995164039,0.9933490300736666,16,2.115073730877918,0.005589987095056512,0.0008020979042400215,5,0.7911488132037933,1000,PRUNED
243,0.04712270572781563,2026-05-20 18:24:32.694100,2026-05-20 18:24:33.002318,0 days 00:00:00.308218,0.8817071263494876,0.9931036320348376,32,1.0082990744889964,0.054865365706684606,0.0012602479445188058,6,0.8303573984316056,1000,PRUNED
244,0.04597003757953644,2026-05-20 18:24:33.008830,2026-05-20 18:24:33.350303,0 days 00:00:00.341473,0.9103001140780204,0.9935827443286205,64,1.203522006514023,0.07408498811901384,0.0014133786480182056,5,0.30983616750897397,1000,PRUNED
245,0.04055042192339897,2026-05-20 18:24:33.356531,2026-05-20 18:24:33.664586,0 days 00:00:00.308055,0.9150929327618621,0.9927791631105158,48,1.5767358195723329,0.017294454988834435,0.0011289804097214236,5,0.8103775341762999,1000,PRUNED
246,0.03812010586261749,2026-05-20 18:24:33.672466,2026-05-20 18:24:34.009905,0 days 00:00:00.337439,0.8842331928594913,0.9941492600653126,48,1.37111368753491,0.047752467827147996,0.001009647413835018,5,0.8461483231242287,1000,PRUNED
247,0.038436632603406906,2026-05-20 18:24:34.018832,2026-05-20 18:24:34.324526,0 days 00:00:00.305694,0.8870754624551092,0.9944689073472173,48,1.2667477675850087,0.12642530601853563,0.0008887443136816471,5,0.3734139888961724,1000,PRUNED
248,0.038870926946401596,2026-05-20 18:24:34.331373,2026-05-20 18:24:34.631664,0 days 00:00:00.300291,0.8733562074279707,0.993852592721879,48,1.1063805505502906,0.09250185056673962,0.001244459636522159,5,0.7676290570189811,1000,PRUNED
249,0.04575199633836746,2026-05-20 18:24:34.637684,2026-05-20 18:24:34.979798,0 days 00:00:00.342114,0.8902360860837308,0.994269507308561,64,1.4305389358831935,0.0037093088929521195,0.0014673125144250615,5,0.34426596559431083,1000,PRUNED
250,0.039926234632730484,2026-05-20 18:24:34.987414,2026-05-20 18:24:35.297626,0 days 00:00:00.310212,0.8934200005118706,0.9940970202232464,48,1.17392204588568,0.060505427440284705,0.0006264498546755819,5,0.821279785767971,1000,PRUNED
251,0.038128744810819626,2026-05-20 18:24:35.304135,2026-05-20 18:24:35.612001,0 days 00:00:00.307866,0.8783946493136038,0.9945656611859801,48,1.2940079385663368,0.004466177786143784,0.00110261142246759,5,0.8005924846935192,1000,PRUNED
252,0.054485123604536057,2026-05-20 18:24:35.618473,2026-05-20 18:24:35.922597,0 days 00:00:00.304124,0.8846635253709489,0.9922209786937146,48,15.442210303199602,0.07635698385351924,0.0007171625524770249,5,0.8342119190504407,1000,PRUNED
253,0.03957929462194443,2026-05-20 18:24:35.930475,2026-05-20 18:24:36.233434,0 days 00:00:00.302959,0.9388696483868075,0.9939190183771982,48,1.7036628934885893,1.9090615498305943,0.0012842429306734735,5,0.8612025865809957,1000,PRUNED
254,0.048044998198747635,2026-05-20 18:24:36.239862,2026-05-20 18:24:36.542813,0 days 00:00:00.302951,0.9521933498830729,0.9936452830946523,48,1.1003668964181414,0.04196181370329013,0.0049240467833388145,5,0.45597578821135093,1000,PRUNED
255,0.0448322556912899,2026-05-20 18:24:36.549239,2026-05-20 18:24:36.891829,0 days 00:00:00.342590,0.897507031759614,0.9944098308415258,64,1.53505403626235,0.09074235873039782,0.0011630473675261167,5,0.7863489031654723,1000,PRUNED
256,0.038866862654685974,2026-05-20 18:24:36.898160,2026-05-20 18:24:37.200023,0 days 00:00:00.301863,0.8888963417035671,0.9932682404465601,48,1.3170333354328387,0.06582886955123349,0.0010347466013098912,5,0.488120327333552,2000,PRUNED
257,0.03898472338914871,2026-05-20 18:24:37.207613,2026-05-20 18:24:37.513748,0 days 00:00:00.306135,0.8831418812840568,0.9949449747263541,48,1.185778957264749,0.1225664487471528,0.001394374248496927,5,0.3562562994552342,1000,PRUNED
258,0.0406179241836071,2026-05-20 18:24:37.521627,2026-05-20 18:24:37.827494,0 days 00:00:00.305867,0.8867819224803347,0.9942577440645317,48,1.9484998987718964,0.05622571221447005,0.002441168080359951,5,0.814858265718807,1000,PRUNED
259,0.040347542613744736,2026-05-20 18:24:37.835189,2026-05-20 18:24:38.143586,0 days 00:00:00.308397,0.8616084494181828,0.9939659016991463,48,1.0428223358197992,0.030800578576809057,0.0018724081695272192,5,0.8446787146089112,1000,PRUNED
260,0.03960481286048889,2026-05-20 18:24:38.152260,2026-05-20 18:24:38.416611,0 days 00:00:00.264351,0.9041334836910857,0.9946138056508569,16,19.457494261999713,0.021593154014297938,0.0009631177340302107,5,0.8728687490676037,1000,PRUNED
261,0.04200926050543785,2026-05-20 18:24:38.424491,2026-05-20 18:24:38.730378,0 days 00:00:00.305887,0.9794347629488791,0.9941598179472209,48,1.416713608570926,6.566253033504282,0.0008310620922071477,5,0.7974734137245413,1000,PRUNED
262,0.047291915863752365,2026-05-20 18:24:38.736767,2026-05-20 18:24:39.011509,0 days 00:00:00.274742,0.875706840547222,0.9937376708135522,32,1.2078393982550135,0.04881047513171105,0.0012217478697482541,5,0.4381164920073579,4000,PRUNED
263,0.08134922385215759,2026-05-20 18:24:39.017962,2026-05-20 18:24:39.294884,0 days 00:00:00.276922,0.8924137673749838,0.9934876145995312,48,22.96801835156441,0.8084807583986378,0.0015142067860239026,4,0.8257678429423695,1000,PRUNED
264,0.04458138719201088,2026-05-20 18:24:39.302805,2026-05-20 18:24:39.653383,0 days 00:00:00.350578,0.8950044643674225,0.9943664333354916,64,1.6330390671941324,0.17470482553554348,0.0011068871352933663,5,0.64581200980042,1000,PRUNED
265,0.08964626491069794,2026-05-20 18:24:39.659753,2026-05-20 18:24:39.961580,0 days 00:00:00.301827,0.8787628462597901,0.9940583096177286,48,13.811028724098612,0.08448199663708006,0.0013680588217343719,5,0.7814075396796287,1000,PRUNED
266,0.04129575937986374,2026-05-20 18:24:39.967976,2026-05-20 18:24:40.237966,0 days 00:00:00.269990,0.8821556004809867,0.9947005514347762,48,1.3272865373364946,0.10677351186708374,0.0012336759002801018,4,0.8075294727847473,1000,PRUNED
267,0.045073337852954865,2026-05-20 18:24:40.245378,2026-05-20 18:24:40.548870,0 days 00:00:00.303492,0.9243831147318393,0.992605476628853,48,1.0068458880855475,0.07143956428687703,0.0016516734409798822,5,0.32351598742716425,1000,PRUNED
268,0.0443977490067482,2026-05-20 18:24:40.556721,2026-05-20 18:24:40.866477,0 days 00:00:00.309756,0.95735824771627,0.9944924497785101,48,1.1590434500798084,0.1448429597763529,0.000964067863988365,5,0.8514503163519261,1000,PRUNED
269,0.03797198832035065,2026-05-20 18:24:40.872691,2026-05-20 18:24:41.173037,0 days 00:00:00.300346,0.8886445979411408,0.9938603286571559,48,1.4988935799950394,0.0413993644095855,0.0008859783372206549,5,0.5090582614441223,1000,PRUNED
270,0.04557931423187256,2026-05-20 18:24:41.179843,2026-05-20 18:24:41.516677,0 days 00:00:00.336834,0.885810950942766,0.994120687696131,64,1.27300275650013,0.059006218944460766,0.001130584501727374,5,0.8208777660612071,1000,PRUNED
271,0.045949436724185944,2026-05-20 18:24:41.522954,2026-05-20 18:24:41.826330,0 days 00:00:00.303376,0.8909657131148725,0.9910213089889309,48,1.1023330893411736,3.934846109294798,0.003550747698382451,5,0.7321712734631465,1000,PRUNED
272,0.03875187039375305,2026-05-20 18:24:41.832653,2026-05-20 18:24:42.134787,0 days 00:00:00.302134,0.8796804944081158,0.9943165220337943,48,1.4013540883953122,0.09823011849379891,0.0012960794778759481,5,0.8357793098023132,1000,PRUNED
273,0.04766448587179184,2026-05-20 18:24:42.142931,2026-05-20 18:24:42.416947,0 days 00:00:00.274016,0.8840668199717425,0.9918002661277785,32,1.2254145313984022,0.0779811122184297,0.0010443233591062875,5,0.41934853395659555,1000,PRUNED
