number,value,datetime_start,datetime_complete,duration,params_dropout_rate,params_hidden,params_lambda_ic,params_lambda_phys,params_lr,params_n_layers,params_scheduler_gamma,params_scheduler_step,state
0,0.08860582113265991,2026-05-15 12:46:35.628508,2026-05-15 12:47:19.349474,0 days 00:00:43.720966,0.146398788362281,48,53.99484409787433,0.0017073967431528124,0.0015751320499779737,6,0.39361118426546193,1000,COMPLETE
1,0.002543967217206955,2026-05-15 12:47:19.369625,2026-05-15 12:47:48.150119,0 days 00:00:28.780494,0.004116898859160489,80,2.32706770838378,0.005337032762603957,0.008706020878304856,5,0.7994655844802532,1500,COMPLETE
2,0.08017083257436752,2026-05-15 12:47:48.167003,2026-05-15 12:48:31.867545,0 days 00:00:43.700542,0.08638900372842316,48,5.404103854647328,0.01474275315991467,0.0003823475224675188,4,0.6671117368334277,1000,COMPLETE
3,0.01684301160275936,2026-05-15 12:48:31.877170,2026-05-15 12:49:10.404155,0 days 00:00:38.526985,0.03993475643167195,64,2.1930485556643684,0.26926469100861794,0.0010677482709481358,5,0.6554487413172255,500,COMPLETE
4,0.11784589290618896,2026-05-15 12:49:10.420463,2026-05-15 12:49:25.026873,0 days 00:00:14.606410,0.19312640661491187,16,7.591104805282694,0.5456725485601477,0.004138040112561018,6,0.4827682615040224,500,COMPLETE
5,0.2045384794473648,2026-05-15 12:49:25.040238,2026-05-15 12:49:25.259580,0 days 00:00:00.219342,0.006877704223043679,16,10.968217207529522,0.017654048052495083,0.006586289317583112,4,0.4552679889600102,3500,PRUNED
6,0.2734566032886505,2026-05-15 12:49:25.266706,2026-05-15 12:49:25.422681,0 days 00:00:00.155975,0.19391692555291173,80,69.78281265126033,0.24637685958997463,0.0035503048581283078,2,0.8636993649385136,4500,PRUNED
7,0.1726677268743515,2026-05-15 12:49:25.428869,2026-05-15 12:49:25.590860,0 days 00:00:00.161991,0.009045457782107613,16,5.170191786366991,2.0651425578959257,0.0004473636174621269,2,0.5332063738136892,1500,PRUNED
8,0.0025613929610699415,2026-05-15 12:49:25.597177,2026-05-15 12:50:08.003287,0 days 00:00:42.406110,0.02818484499495253,48,2.4970737145052717,1.2273800987852967,0.0040215545266902904,4,0.3447303862078625,5000,COMPLETE
9,0.20472751557826996,2026-05-15 12:50:08.014863,2026-05-15 12:50:08.330082,0 days 00:00:00.315219,0.14137146876952342,16,1.7050539260269288,0.02715581955282941,0.0028708753481954683,6,0.7627622080115675,500,PRUNED
10,0.2307850569486618,2026-05-15 12:50:08.336452,2026-05-15 12:50:08.536327,0 days 00:00:00.199875,0.07374575454421947,128,1.058315350587586,0.001154460820484614,0.00010862348973937149,3,0.8895982437149503,2500,PRUNED
11,0.003179773921146989,2026-05-15 12:50:08.542847,2026-05-15 12:50:48.191971,0 days 00:00:39.649124,0.04513514235331549,96,3.0208778601692803,6.278871663391087,0.007791470666172783,4,0.34304891675229365,2500,COMPLETE
12,0.008821590803563595,2026-05-15 12:50:48.201985,2026-05-15 12:51:14.845694,0 days 00:00:26.643709,0.0423584446993113,96,20.20051308295781,1.2990132253334292,0.008731481958021156,5,0.7748815993499715,5000,COMPLETE
13,0.0022370924707502127,2026-05-15 12:51:14.857359,2026-05-15 12:51:38.994975,0 days 00:00:24.137616,0.0012199113928081928,48,1.0243918246367023,0.056561467651267544,0.0020223648114944875,5,0.6085337539039134,3500,COMPLETE
14,0.08349086344242096,2026-05-15 12:51:39.010300,2026-05-15 12:51:40.032648,0 days 00:00:01.022348,0.06549563819737138,80,1.0077021831726773,0.005508571077477059,0.0016755693348856548,5,0.5867104829366274,3000,PRUNED
15,0.13828937709331512,2026-05-15 12:51:40.039731,2026-05-15 12:51:40.338577,0 days 00:00:00.298846,0.11839114126534654,128,1.5118886793651602,0.06957771473202023,0.0005617808565792004,5,0.753853691325427,4000,PRUNED
16,0.1748894900083542,2026-05-15 12:51:40.344781,2026-05-15 12:51:40.554563,0 days 00:00:00.209782,0.00743517445329157,64,3.5487979502479883,0.055196667219298785,0.0021467908966185554,3,0.6655559737263075,2000,PRUNED
17,0.36635828018188477,2026-05-15 12:51:40.561709,2026-05-15 12:51:40.847007,0 days 00:00:00.285298,0.0005774906735975375,96,15.822739892352544,0.004118464327425741,0.00018349999083829086,5,0.8312696718297345,3500,PRUNED
18,0.4629380404949188,2026-05-15 12:51:40.854651,2026-05-15 12:51:41.078171,0 days 00:00:00.223520,0.10536509745625804,32,39.17034330357436,0.0048726536372756205,0.000943988713905609,3,0.5983777053004371,2000,PRUNED
19,0.0032188883051276207,2026-05-15 12:51:41.084614,2026-05-15 12:52:11.338469,0 days 00:00:30.253855,0.06080706717698318,112,1.5147749198726173,0.15206341703041568,0.006387255624731285,6,0.7177618458882215,3000,COMPLETE
20,0.2356286495923996,2026-05-15 12:52:11.353056,2026-05-15 12:52:11.600727,0 days 00:00:00.247671,0.026989485964110455,64,4.377909918285812,0.03315170987793583,0.0008284554095422222,5,0.8150479274466733,2000,PRUNED
21,0.13763976097106934,2026-05-15 12:52:11.607259,2026-05-15 12:52:11.834558,0 days 00:00:00.227299,0.02627869330225126,48,2.4064231730927483,8.40775592844868,0.00440783929441981,4,0.41992688044612775,5000,PRUNED
22,0.15029995143413544,2026-05-15 12:52:11.840931,2026-05-15 12:52:12.074285,0 days 00:00:00.233354,0.02542876840177448,32,2.194660820738537,0.8813985910837595,0.0025605032313631743,4,0.32571119234627743,4000,PRUNED
23,0.1293007731437683,2026-05-15 12:52:12.080408,2026-05-15 12:52:12.306110,0 days 00:00:00.225702,0.021134208211948086,32,1.3109242906847547,2.751491510053253,0.009801722438995209,4,0.526740156956822,4500,PRUNED
24,0.07845859229564667,2026-05-15 12:52:12.312950,2026-05-15 12:52:13.201849,0 days 00:00:00.888899,0.052858536003744336,48,2.8561345988286804,0.007932630287891663,0.004398353687537497,5,0.5542288610460648,4000,PRUNED
25,0.116996631026268,2026-05-15 12:52:13.208101,2026-05-15 12:52:13.426692,0 days 00:00:00.218591,0.019863669229321836,64,6.729339151089929,0.4241689190629601,0.005373068697328545,3,0.6382165966372345,3500,PRUNED
26,0.12008586525917053,2026-05-15 12:52:13.433714,2026-05-15 12:52:13.693712,0 days 00:00:00.259998,0.03703556025520456,80,1.9008431411207363,0.12829176679078838,0.001622433203696774,5,0.7110140797133955,4500,PRUNED
27,0.2631300687789917,2026-05-15 12:52:13.701158,2026-05-15 12:52:13.915864,0 days 00:00:00.214706,0.013070568756550943,32,3.500913287595699,0.0021454709998875976,0.003109309913027891,4,0.3005147598309268,1500,PRUNED
28,0.11971580237150192,2026-05-15 12:52:13.923023,2026-05-15 12:52:14.207960,0 days 00:00:00.284937,0.07974065440590347,48,1.2678161115668614,0.009644957300469933,0.002253791638238957,6,0.37993692893740527,5000,PRUNED
29,0.4166297912597656,2026-05-15 12:52:14.215496,2026-05-15 12:52:14.483769,0 days 00:00:00.268273,0.136693601389005,48,21.213646569067123,0.057802398775783886,0.001316911656555445,6,0.4806367837584611,1500,PRUNED
30,0.13263580203056335,2026-05-15 12:52:14.490806,2026-05-15 12:52:14.729468,0 days 00:00:00.238662,0.09286670933299376,80,10.446356731526294,0.002904786421783053,0.005054338741109781,5,0.37882783646402013,1000,PRUNED
31,0.14071428775787354,2026-05-15 12:52:14.736759,2026-05-15 12:52:14.955932,0 days 00:00:00.219173,0.05342773535131338,96,3.1301392058163224,8.444426365891013,0.007752475977328219,4,0.34457490738718893,2500,PRUNED
32,0.0026898044161498547,2026-05-15 12:52:14.963596,2026-05-15 12:52:56.231027,0 days 00:00:41.267431,0.03444525222630106,112,4.083011637089592,4.119698787438647,0.009949436743809513,4,0.42960962196688374,3000,COMPLETE
33,0.10947977006435394,2026-05-15 12:52:56.239810,2026-05-15 12:52:56.490484,0 days 00:00:00.250674,0.0002460533821064632,112,4.365587249496697,3.7227811654174743,0.006130702268202698,4,0.44174114289008104,3000,PRUNED
34,0.10730700939893723,2026-05-15 12:52:56.497671,2026-05-15 12:52:56.715600,0 days 00:00:00.217929,0.16978673854293286,112,7.150692938955941,1.4521803399744397,0.009931008991483732,3,0.40936417555309335,3500,PRUNED
35,0.10898227244615555,2026-05-15 12:52:56.723314,2026-05-15 12:52:56.965469,0 days 00:00:00.242155,0.03450084357547187,64,2.12839219751569,5.053133899950163,0.003566867263481904,5,0.4900537451586229,3000,PRUNED
36,0.002365229418501258,2026-05-15 12:52:56.974685,2026-05-15 12:53:20.469880,0 days 00:00:23.495195,0.015581599159762649,64,2.4995576833490367,0.5938131829412322,0.0067953437161007045,4,0.36254147242667906,4000,COMPLETE
37,0.09654201567173004,2026-05-15 12:53:20.484678,2026-05-15 12:53:20.950473,0 days 00:00:00.465795,0.013925636216849701,64,2.4651130146812434,0.4109542907444587,0.0019093150747627823,5,0.7160092476621733,4500,PRUNED
38,0.1113625094294548,2026-05-15 12:53:20.957992,2026-05-15 12:53:21.362069,0 days 00:00:00.404077,0.01703271316758076,48,5.952720904985866,0.2529519223160481,0.0037123713079667804,4,0.6399603762918951,4000,PRUNED
39,0.0021790452301502228,2026-05-15 12:53:21.368580,2026-05-15 12:53:40.553127,0 days 00:00:19.184547,0.001147916468724372,80,1.3014938106053302,0.7459203295160153,0.005857131061110801,4,0.372565790028775,4500,COMPLETE
40,0.002188396640121937,2026-05-15 12:53:40.570643,2026-05-15 12:54:03.188061,0 days 00:00:22.617418,0.0007635777943726589,80,1.2363647937796463,0.6842918626953054,0.006990117399255659,3,0.5129494714919167,4500,COMPLETE
41,0.11377624422311783,2026-05-15 12:54:03.201185,2026-05-15 12:54:03.367548,0 days 00:00:00.166363,0.002425752649561926,80,1.2406999618027226,0.657097454898474,0.006332702574696412,2,0.4660662612174479,4500,PRUNED
42,0.0022767819464206696,2026-05-15 12:54:03.375587,2026-05-15 12:54:25.671940,0 days 00:00:22.296353,0.00557806092228994,80,1.6790692474672815,0.7229835234036595,0.0067950238068245124,3,0.5292079517594794,4000,COMPLETE
43,0.0021949945949018,2026-05-15 12:54:25.681849,2026-05-15 12:54:51.708748,0 days 00:00:26.026899,0.011209660995336693,80,1.6035694510932348,0.7386903413649231,0.005159063963046226,3,0.5504222268484195,4000,COMPLETE
44,0.1039864718914032,2026-05-15 12:54:51.724416,2026-05-15 12:54:51.903224,0 days 00:00:00.178808,0.009794725927709177,80,1.5830185892337343,0.20581043542907504,0.0053231630609996234,2,0.5629879335520551,4500,PRUNED
45,0.13315996527671814,2026-05-15 12:54:51.909883,2026-05-15 12:54:52.109902,0 days 00:00:00.200019,0.0012502296286052133,96,1.0078778709614742,1.9840538339525513,0.0032145398240499843,3,0.5175431540962366,4000,PRUNED
46,0.10284260660409927,2026-05-15 12:54:52.116416,2026-05-15 12:54:52.326533,0 days 00:00:00.210117,0.04752412639010776,80,1.8526230368869192,0.9035718088679342,0.004837392107142874,3,0.6277200719849889,3500,PRUNED
47,0.1688377857208252,2026-05-15 12:54:52.333082,2026-05-15 12:54:52.522484,0 days 00:00:00.189402,0.011076319054903357,96,97.41006954424007,0.4018834458401463,0.007798777112896782,3,0.5637492525779262,4500,PRUNED
48,0.11967591941356659,2026-05-15 12:54:52.528704,2026-05-15 12:54:52.686763,0 days 00:00:00.158059,0.18200800751815627,80,1.2448492018963355,0.8472095709273872,0.0074551793595986505,2,0.505197621551059,5000,PRUNED
49,0.14163683354854584,2026-05-15 12:54:52.693107,2026-05-15 12:54:52.884824,0 days 00:00:00.191717,0.033102078397089285,80,1.7218573806211315,0.10186153323973837,0.001302519286633214,3,0.6152722646541244,4000,PRUNED
50,0.1310550719499588,2026-05-15 12:54:52.890904,2026-05-15 12:54:53.085739,0 days 00:00:00.194835,0.007922656396411085,96,1.4278197859168251,1.8535552381548752,0.002608573493869712,3,0.5787697122462567,3500,PRUNED
51,0.0023594871163368225,2026-05-15 12:54:53.091906,2026-05-15 12:55:20.710291,0 days 00:00:27.618385,0.01856507195243274,64,1.0735618162141982,0.6018271189588477,0.006149949985555842,3,0.5409614250804621,4000,COMPLETE
52,0.0025772307999432087,2026-05-15 12:55:20.726111,2026-05-15 12:55:43.337992,0 days 00:00:22.611881,0.020658487043737177,64,1.1254659653309425,0.3420227829012247,0.005917588064262779,3,0.6094653364516905,4000,COMPLETE
53,0.10586608946323395,2026-05-15 12:55:43.349520,2026-05-15 12:55:43.529438,0 days 00:00:00.179918,0.009480143073499462,80,1.0083508577650129,0.1869714190103703,0.003907014958014942,2,0.5318653930089692,4500,PRUNED
54,0.10794296115636826,2026-05-15 12:55:43.535749,2026-05-15 12:55:43.728613,0 days 00:00:00.192864,0.02819798002395138,64,1.477616743431897,1.3040418932520979,0.007962367174247989,3,0.6753716375455955,4000,PRUNED
55,0.20784933865070343,2026-05-15 12:55:43.735302,2026-05-15 12:55:43.928515,0 days 00:00:00.193213,0.019318363116365395,80,1.918382449306453,0.033805103090799656,0.0007077022247016294,3,0.5515030272694651,3500,PRUNED
56,0.12044598162174225,2026-05-15 12:55:43.936390,2026-05-15 12:55:44.097703,0 days 00:00:00.161313,0.0035964613866217173,64,1.291682590056349,0.623123975911466,0.004717839081501674,2,0.46305451900408057,4500,PRUNED
57,0.18617087602615356,2026-05-15 12:55:44.105094,2026-05-15 12:55:44.295794,0 days 00:00:00.190700,0.04495859389313886,96,1.6710341523283034,0.2920759600455,0.00022903292890144987,3,0.49967237270785153,5000,PRUNED
58,0.13428044319152832,2026-05-15 12:55:44.303812,2026-05-15 12:55:44.499993,0 days 00:00:00.196181,0.027904824177040616,48,1.1802869303695105,2.706555126670211,0.005708752993275869,3,0.5785400754606427,4000,PRUNED
59,0.24525411427021027,2026-05-15 12:55:44.507815,2026-05-15 12:55:44.661610,0 days 00:00:00.153795,0.12339961509771852,64,13.169581875530646,0.08496718215669256,0.002939505385514653,2,0.5470424090922493,3500,PRUNED
60,0.002412124304100871,2026-05-15 12:55:44.668812,2026-05-15 12:56:04.678548,0 days 00:00:20.009736,0.009045871729393574,80,2.016820251129787,0.9885246716424039,0.008876640803317903,3,0.6849063414811106,4500,COMPLETE
61,0.0021804869174957275,2026-05-15 12:56:04.692834,2026-05-15 12:56:34.824833,0 days 00:00:30.131999,0.015195796764424247,64,1.4585894362505958,0.5033588851773279,0.006916770924584696,4,0.3628136435884525,4000,COMPLETE
62,0.002199425594881177,2026-05-15 12:56:34.835325,2026-05-15 12:57:01.194612,0 days 00:00:26.359287,0.022688878483624282,64,1.458387901269099,0.45348842196903544,0.006911118249410032,4,0.4023027007317813,4000,COMPLETE
63,0.00220520724542439,2026-05-15 12:57:01.209655,2026-05-15 12:57:27.127385,0 days 00:00:25.917730,0.006732571648338522,64,1.4464387235042153,0.48135447864389164,0.006983258942144892,4,0.3982952428393298,4500,COMPLETE
64,0.02026604302227497,2026-05-15 12:57:27.140085,2026-05-15 12:57:28.997876,0 days 00:00:01.857791,0.024604317517260842,48,1.3844129756297783,0.45959384585384416,0.008540853052131302,4,0.378513663140537,5000,PRUNED
65,0.1974547952413559,2026-05-15 12:57:29.004722,2026-05-15 12:57:29.267179,0 days 00:00:00.262457,0.00017483155377577737,64,39.21803581836193,0.13875781493615344,0.004198386767420339,4,0.4043648597950481,4500,PRUNED
66,0.10395175963640213,2026-05-15 12:57:29.273904,2026-05-15 12:57:29.533389,0 days 00:00:00.259485,0.03888257530607362,48,1.3895135726072074,0.04437603381986363,0.007075900573374162,4,0.317389138373917,4500,PRUNED
67,0.10816747695207596,2026-05-15 12:57:29.540965,2026-05-15 12:57:29.782789,0 days 00:00:00.241824,0.013148845728643839,32,2.2125748012703594,1.1310765988782119,0.004633494175916489,4,0.36004001674656805,4500,PRUNED
68,0.0022266923915594816,2026-05-15 12:57:29.789044,2026-05-15 12:58:01.099668,0 days 00:00:31.310624,0.022967770653283526,64,1.1603073378204778,0.021619677076707568,0.00545246008716353,4,0.43931997707373127,5000,COMPLETE
69,0.08677157014608383,2026-05-15 12:58:01.112867,2026-05-15 12:58:01.539995,0 days 00:00:00.427128,0.06022928214715366,64,8.51526033548726,0.015751962546312753,0.008789098749477099,4,0.44250586099374023,5000,PRUNED
70,0.10793840140104294,2026-05-15 12:58:01.546977,2026-05-15 12:58:01.768544,0 days 00:00:00.221567,0.03181668581669688,64,2.755958229816795,0.2921835685458895,0.005272099897120776,4,0.3979132885214805,5000,PRUNED
71,0.08364159613847733,2026-05-15 12:58:01.775917,2026-05-15 12:58:02.205869,0 days 00:00:00.429952,0.022873467547590655,80,1.1388718506497406,0.022094814937509834,0.003287614979966481,4,0.4275078576594566,4500,PRUNED
72,0.10241437703371048,2026-05-15 12:58:02.213033,2026-05-15 12:58:02.449883,0 days 00:00:00.236850,0.01521462436715855,48,1.553420786788432,0.09847024037702222,0.007048778116456047,4,0.33110682901915994,5000,PRUNED
73,0.10591902583837509,2026-05-15 12:58:02.455948,2026-05-15 12:58:02.709688,0 days 00:00:00.253740,0.006376680939878917,64,1.7670670794719212,0.009655214876410937,0.005606523035381995,4,0.36898245995794826,4000,PRUNED
74,0.10562387108802795,2026-05-15 12:58:02.716654,2026-05-15 12:58:02.976570,0 days 00:00:00.259916,0.014517183766407912,80,1.1470797041235237,1.50545094841407,0.004142707322341733,5,0.4153964231189262,4000,PRUNED
75,0.08881805092096329,2026-05-15 12:58:02.983585,2026-05-15 12:58:03.398557,0 days 00:00:00.414972,0.04063342245021988,64,1.4358070685225393,0.49109442245880347,0.0023454912494397075,4,0.44108063494958133,5000,PRUNED
76,0.002287383424118161,2026-05-15 12:58:03.406017,2026-05-15 12:58:16.362062,0 days 00:00:12.956045,3.8190988075026975e-05,80,2.0880851909003013,0.051289621050876,0.008876901436169407,4,0.35147276312516834,3500,COMPLETE
77,0.1005251556634903,2026-05-15 12:58:16.376354,2026-05-15 12:58:16.669775,0 days 00:00:00.293421,0.029594169683747316,48,1.003231398545599,0.16462946189195327,0.004880519466455734,5,0.475492712623539,4500,PRUNED
78,0.14571213722229004,2026-05-15 12:58:16.678874,2026-05-15 12:58:16.961481,0 days 00:00:00.282607,0.022997626639704526,64,1.2984043528501255,0.020952047782026893,0.006565695425026398,6,0.39245224557142366,4500,PRUNED
79,0.10411436855792999,2026-05-15 12:58:16.974053,2026-05-15 12:58:17.196543,0 days 00:00:00.222490,0.00833867694124251,96,2.5815756214275094,0.24363210179946804,0.0019092530441120984,4,0.45281681207279095,4000,PRUNED
80,0.18040485680103302,2026-05-15 12:58:17.202753,2026-05-15 12:58:17.443868,0 days 00:00:00.241115,0.07518059222152516,48,3.080928172671478,0.7773232560221904,0.00043588680841034417,5,0.39457960290105154,3500,PRUNED
81,0.0022085963282734156,2026-05-15 12:58:17.450195,2026-05-15 12:58:40.338308,0 days 00:00:22.888113,0.005069958300439015,80,1.6510082163238846,0.35994691727814426,0.007121610307599878,4,0.5058267831776556,4000,COMPLETE
82,0.0021949762012809515,2026-05-15 12:58:40.352029,2026-05-15 12:59:07.349107,0 days 00:00:26.997078,0.00454659590713789,80,1.5003370475324032,0.38019929015383946,0.007645243653264144,4,0.5152458280193315,4000,COMPLETE
83,0.002162927994504571,2026-05-15 12:59:07.363318,2026-05-15 12:59:31.648284,0 days 00:00:24.284966,0.006042132926378006,80,1.809567945969536,0.34165397247415286,0.00738473519695991,4,0.5073365265532214,4000,COMPLETE
84,0.002229600679129362,2026-05-15 12:59:31.667403,2026-05-15 12:59:56.554353,0 days 00:00:24.886950,0.005351334247130307,80,1.8349117770022076,0.3302884335757707,0.00796765242460635,4,0.5164444474987407,4000,COMPLETE
85,0.002266754861921072,2026-05-15 12:59:56.570854,2026-05-15 13:00:23.255354,0 days 00:00:26.684500,0.012399482292210953,80,1.5500426023778864,0.5096586376972654,0.009980419859601719,4,0.49042177573054563,4000,COMPLETE
86,0.11125356703996658,2026-05-15 13:00:23.267793,2026-05-15 13:00:23.512820,0 days 00:00:00.245027,0.017250432207020588,96,2.288469765369223,0.35570899987758453,0.007103148120640866,4,0.3006765898501546,4000,PRUNED
87,0.04680220037698746,2026-05-15 13:00:23.519019,2026-05-15 13:00:24.096981,0 days 00:00:00.577962,0.007164336794979511,80,2.008250379983218,0.22139222122667285,0.0061180238245606275,4,0.5093967411214793,3500,PRUNED
88,0.10083852708339691,2026-05-15 13:00:24.105742,2026-05-15 13:00:24.351463,0 days 00:00:00.245721,0.004827285739647268,80,3.6088673113030105,1.0619618997081701,0.008270799093919446,4,0.5957263744652797,4500,PRUNED
89,0.1073753833770752,2026-05-15 13:00:24.360548,2026-05-15 13:00:24.596024,0 days 00:00:00.235476,0.10030619240124013,80,1.6469346307783486,0.7430356650961584,0.007471651658637708,4,0.4842072634471044,4000,PRUNED
90,0.11125504970550537,2026-05-15 13:00:24.603557,2026-05-15 13:00:24.838507,0 days 00:00:00.234950,0.15315857785872494,96,1.3993742262617375,0.5417809214046351,0.009188486679625059,4,0.5652441627699083,4000,PRUNED
91,0.04887997359037399,2026-05-15 13:00:24.846326,2026-05-15 13:00:25.399221,0 days 00:00:00.552895,0.019367551646088464,64,1.2166741071796097,0.40312166595963933,0.005574926094204884,4,0.46057993898856736,4500,PRUNED
92,0.10814214497804642,2026-05-15 13:00:25.405732,2026-05-15 13:00:25.628730,0 days 00:00:00.222998,0.012415672838444022,80,1.7934267322751574,0.6672589563100173,0.0064850975706552275,4,0.42421686416758714,4500,PRUNED
93,0.11616643518209457,2026-05-15 13:00:25.634833,2026-05-15 13:00:25.856964,0 days 00:00:00.222131,0.02381767454718559,64,1.5881551993316545,0.18811368569386278,0.00519956984703523,4,0.38409229141766676,4000,PRUNED
94,0.10390554368495941,2026-05-15 13:00:25.863585,2026-05-15 13:00:26.085386,0 days 00:00:00.221801,0.0055483042888272854,80,1.1334967134044847,0.2959586753081638,0.004396696561937034,4,0.3329548429204845,4500,PRUNED
95,0.09881994873285294,2026-05-15 13:00:26.091527,2026-05-15 13:00:26.307871,0 days 00:00:00.216344,0.01764354312209157,64,1.31030046740938,0.8755267050706611,0.0061209776142932696,4,0.49899968374000675,5000,PRUNED
96,0.007064283825457096,2026-05-15 13:00:26.314098,2026-05-15 13:00:32.496212,0 days 00:00:06.182114,0.01195971911291617,80,1.4991623689995186,0.4014907144322457,0.007502520664040638,4,0.5234435067071233,3500,PRUNED
97,0.11144260317087173,2026-05-15 13:00:32.505120,2026-05-15 13:00:32.775223,0 days 00:00:00.270103,0.002635783939288065,80,21.539622856634974,0.5448901993227546,0.0038461573067958684,4,0.5366674036843868,4000,PRUNED
98,0.15798965096473694,2026-05-15 13:00:32.782964,2026-05-15 13:00:33.029908,0 days 00:00:00.246944,0.025957247328564116,64,1.9919498741605053,1.7103155631301712,0.00027677717157907947,4,0.4699017318714537,4500,PRUNED
