number,value,datetime_start,datetime_complete,duration,params_dropout_rate,params_hidden,params_lambda_ic,params_lambda_phys,params_lr,params_n_layers,params_scheduler_gamma,params_scheduler_step,state
199,0.002205164171755314,2026-05-15 13:06:38.057268,2026-05-15 13:06:59.042558,0 days 00:00:20.985290,0.004780842143970977,64,1.476496852586612,0.30709733770249825,0.008322643338240574,4,0.37192754988688337,3500,COMPLETE
