number,value,datetime_start,datetime_complete,duration,params_adam_beta1,params_adam_beta2,params_hidden,params_lambda_ic,params_lambda_phys,params_lr,params_n_layers,params_scheduler_gamma,params_scheduler_step,state
185,0.041994787752628326,2026-05-18 07:56:04.828674,2026-05-18 07:56:05.168069,0 days 00:00:00.339395,0.9694007086886351,0.9922926890780455,112,5.935985986995766,7.442623988862333,0.005466387302089903,5,0.5799457252238891,1000,PRUNED
186,0.029371296986937523,2026-05-18 07:56:05.176213,2026-05-18 07:56:05.471135,0 days 00:00:00.294922,0.9188589917123826,0.9918122392238549,32,2.2163018843797078,3.7259384432769465,0.007202608064091658,5,0.7152641549552344,1000,PRUNED
187,0.03493165597319603,2026-05-18 07:56:05.477507,2026-05-18 07:56:05.761105,0 days 00:00:00.283598,0.9649451815853972,0.9916367449593029,48,7.1545491079975765,5.4181018870454025,0.008945418274277328,5,0.6550673837949914,1000,PRUNED
188,0.03445060923695564,2026-05-18 07:56:05.767626,2026-05-18 07:56:06.051049,0 days 00:00:00.283423,0.95838640581282,0.9925560580348215,32,3.2553336222503853,1.8389928295599793,0.006042290454887404,5,0.5201506219152738,4000,PRUNED
189,0.037774428725242615,2026-05-18 07:56:06.058383,2026-05-18 07:56:06.339831,0 days 00:00:00.281448,0.951062941257163,0.9921586905127048,16,4.467397704140079,8.210275014980496,0.007888778639116188,5,0.7617926165521369,1000,PRUNED
190,0.0001203019855893217,2026-05-18 07:56:06.347578,2026-05-18 07:56:18.810260,0 days 00:00:12.462682,0.8733816998578892,0.9900018886798891,48,17.24785022512577,3.3406092667906524,0.008742341449636532,6,0.7854071764241782,4000,COMPLETE
191,3.849111089948565e-05,2026-05-18 07:56:18.819419,2026-05-18 07:56:30.330704,0 days 00:00:11.511285,0.9453683156540197,0.9904517949327595,32,4.0141899241812595,2.2933999624821633,0.008339228997040453,5,0.6215365142563706,1000,COMPLETE
192,5.056046575191431e-05,2026-05-18 07:56:30.339495,2026-05-18 07:56:40.767847,0 days 00:00:10.428352,0.9558428850808939,0.9907000078299136,32,3.589489619590767,2.8728589142239525,0.00925180186314965,5,0.5893764706369019,4000,COMPLETE
193,0.02736799232661724,2026-05-18 07:56:40.776926,2026-05-18 07:56:41.076683,0 days 00:00:00.299757,0.9596632926747325,0.9912854266751842,32,4.984787664447358,6.305495347020659,0.007356442718496188,5,0.5952936477378985,3000,PRUNED
194,0.24228978157043457,2026-05-18 07:56:41.082685,2026-05-18 07:56:41.378719,0 days 00:00:00.296034,0.9155699936900095,0.9902274920797598,32,3.754504852618016,2.9535875250527903,0.0002790916821471266,5,0.6036712761864206,1000,PRUNED
195,9.196604514727369e-05,2026-05-18 07:56:41.384804,2026-05-18 07:56:52.588982,0 days 00:00:11.204178,0.906800172768598,0.9910136643383755,32,30.150001628814014,9.87514238953247,0.008185604571842888,5,0.7262780247515683,3000,COMPLETE
196,0.04250328987836838,2026-05-18 07:56:52.597316,2026-05-18 07:56:52.928754,0 days 00:00:00.331438,0.954416638120142,0.9914635819690883,48,5.3783826018974565,4.467200566690393,0.009942550391677657,5,0.6945851195493684,4000,PRUNED
197,0.03818221762776375,2026-05-18 07:56:52.935056,2026-05-18 07:56:53.208968,0 days 00:00:00.273912,0.9659814607819942,0.9919804500941846,32,4.203119179919307,1.8772777221207653,0.006657009534550427,4,0.5757840573902097,3000,PRUNED
198,4.7147947043413296e-05,2026-05-18 07:56:53.215885,2026-05-18 07:57:03.086543,0 days 00:00:09.870658,0.957049243945067,0.9904688246189921,32,2.9645712510311446,6.795289804658323,0.008828703172816992,5,0.8227771952392063,1000,COMPLETE
199,0.0846632570028305,2026-05-18 07:57:03.095888,2026-05-18 07:57:03.362137,0 days 00:00:00.266249,0.9618575333866786,0.9918100022688998,48,3.3437291648935523,2.280739859044535,0.0007905897253618996,4,0.8033327775721227,2000,PRUNED
