number,value,datetime_start,datetime_complete,duration,params_adam_beta1,params_adam_beta2,params_hidden,params_lambda_ic,params_lambda_phys,params_lr,params_n_layers,params_scheduler_gamma,params_scheduler_step,state
0,0.004482760559767485,2026-05-18 07:25:48.826211,2026-05-18 07:26:00.235391,0 days 00:00:11.409180,0.9712646604084909,0.9959510386162578,48,15.75132049977973,0.8471801418819978,0.0002051338263087451,6,0.3935967122017216,1000,COMPLETE
1,0.009850572794675827,2026-05-18 07:26:00.247608,2026-05-18 07:26:06.959815,0 days 00:00:06.712207,0.8925939140143353,0.9951950886731592,96,46.22589001020831,7.579479953348009,0.00026587543983272726,2,0.4090949803242604,1000,COMPLETE
2,0.006166238337755203,2026-05-18 07:26:06.967347,2026-05-18 07:26:15.223112,0 days 00:00:08.255765,0.9599246345950219,0.9919767704433677,64,1.9010245319870354,0.2801635158716261,0.0003839629299804173,3,0.5198171059762151,3000,COMPLETE
3,0.004343670792877674,2026-05-18 07:26:15.231103,2026-05-18 07:26:24.260825,0 days 00:00:09.029722,0.9851884846304383,0.998003133746353,80,16.40928673064792,0.0015339162591163618,0.00021930485556643703,4,0.3390309557911677,5000,COMPLETE
4,0.011609491892158985,2026-05-18 07:26:24.273218,2026-05-18 07:26:31.542932,0 days 00:00:07.269714,0.9773048562910295,0.9925619218178402,48,7.591104805282694,0.5456725485601477,0.00017541893487450815,2,0.5971061460667622,1000,COMPLETE
5,0.022219017148017883,2026-05-18 07:26:31.551927,2026-05-18 07:26:34.589076,0 days 00:00:03.037149,0.9815298518189864,0.9988587907692338,96,12.399967836846093,0.12030178871154672,0.00023426581058204064,3,0.8817507766587351,4000,PRUNED
6,0.2607412338256836,2026-05-18 07:26:34.597282,2026-05-18 07:26:34.949662,0 days 00:00:00.352380,0.8879888644483455,0.9982045013406041,80,2.4658447214487373,0.002259279742015696,0.00012315571723666037,6,0.49519819845795865,2000,PRUNED
7,8.82813474163413e-05,2026-05-18 07:26:34.956822,2026-05-18 07:26:43.258204,0 days 00:00:08.301382,0.9581142677015321,0.9919672852471884,48,1.9135880487692298,0.14817820606039092,0.0040215545266902904,3,0.3447303862078625,5000,COMPLETE
8,0.0008155198884196579,2026-05-18 07:26:43.268977,2026-05-18 07:26:55.294181,0 days 00:00:12.025204,0.8662216683335181,0.9985447239161683,16,28.70875348195468,0.6720930050156113,0.0034877126245459306,6,0.3444267910404542,2000,COMPLETE
9,0.14201776683330536,2026-05-18 07:26:55.303501,2026-05-18 07:26:55.565752,0 days 00:00:00.262251,0.9742097839606857,0.9946749277591033,80,4.187594718900626,0.0017956984225677636,0.0004470608546778491,3,0.7377637070028384,4000,PRUNED
10,0.17060206830501556,2026-05-18 07:26:55.573365,2026-05-18 07:26:55.835872,0 days 00:00:00.262507,0.9373716938041312,0.9903940161001624,128,1.0862348973937128,0.0184157984854315,0.009165193790139851,4,0.7141482441414871,5000,PRUNED
11,0.0005969766643829644,2026-05-18 07:26:55.842109,2026-05-18 07:27:06.775965,0 days 00:00:10.933856,0.8604465441190641,0.9998807207324026,16,73.47973767867614,3.014081614611621,0.0037539522659534334,5,0.3124093411638383,3000,COMPLETE
12,0.00015496424748562276,2026-05-18 07:27:06.785188,2026-05-18 07:27:17.145548,0 days 00:00:10.360360,0.9287649115322774,0.9932765096125924,16,91.35711670702345,5.208143324730921,0.002048794692741816,5,0.4646909839694886,3000,COMPLETE
13,0.015920490026474,2026-05-18 07:27:17.153867,2026-05-18 07:27:21.492189,0 days 00:00:04.338322,0.9345277359691101,0.9932136942764584,32,99.7068227503645,0.030035379785445907,0.0012456333337665703,5,0.47430539367968844,4000,PRUNED
14,8.630519005237147e-05,2026-05-18 07:27:21.501559,2026-05-18 07:27:31.223504,0 days 00:00:09.721945,0.9162968170837362,0.9904934515212983,32,5.578490353906736,2.892929314369735,0.0015559442067310046,5,0.5939952036534855,3000,COMPLETE
15,0.0005682165501639247,2026-05-18 07:27:31.233127,2026-05-18 07:27:40.818553,0 days 00:00:09.585426,0.9047801113382941,0.9904447415916816,48,5.424156948928395,0.03206350124459488,0.0008395201719710421,4,0.6468973569972776,2000,COMPLETE
16,3.5133682104060426e-05,2026-05-18 07:27:40.827276,2026-05-18 07:27:49.939985,0 days 00:00:09.112709,0.9517750652503263,0.9914818486369154,32,3.1180932081260746,2.281166987382632,0.008077302467797419,4,0.8680829558481382,5000,COMPLETE
17,6.002832014928572e-05,2026-05-18 07:27:49.950353,2026-05-18 07:28:00.079919,0 days 00:00:10.129566,0.9477994511360902,0.9912425550065137,32,3.393293543107886,1.6221684653717652,0.005702835691386685,5,0.898988925887855,4000,COMPLETE
18,7.33205015421845e-05,2026-05-18 07:28:00.089245,2026-05-18 07:28:09.753593,0 days 00:00:09.664348,0.9572799194166056,0.9913670153322436,32,3.624039165647309,1.5447538609348965,0.00888359972144778,5,0.8885676905898321,4000,COMPLETE
19,3.592792199924588e-05,2026-05-18 07:28:09.761201,2026-05-18 07:28:18.732433,0 days 00:00:08.971232,0.9462534630722067,0.9941655783556793,64,1.2201176204653303,1.6385963781957906,0.006038784772477498,4,0.8097413093302093,5000,COMPLETE
20,0.013221163302659988,2026-05-18 07:28:18.742199,2026-05-18 07:28:19.960777,0 days 00:00:01.218578,0.9197836133860775,0.9943703381142688,64,1.0108151854008058,9.658318826868332,0.002601440542815465,4,0.8045771771635356,5000,PRUNED
21,9.520437743049115e-05,2026-05-18 07:28:19.967611,2026-05-18 07:28:29.157551,0 days 00:00:09.189940,0.9472536578820298,0.99598601928897,32,2.7777979130088095,1.7190595313968355,0.006282032101979027,4,0.8190454099291047,5000,COMPLETE
22,7.876761083025485e-05,2026-05-18 07:28:29.164736,2026-05-18 07:28:39.486813,0 days 00:00:10.322077,0.9465898810296218,0.9936161923410664,64,1.3687413121990022,0.38630149186931484,0.006345411656280451,4,0.8269812907255264,4000,COMPLETE
23,4.239979534759186e-05,2026-05-18 07:28:39.494689,2026-05-18 07:28:50.302373,0 days 00:00:10.807684,0.9445241907330133,0.9913243340931223,32,1.6949751557360428,1.3029705066831894,0.005755094635217657,5,0.743034415767149,5000,COMPLETE
24,5.961065835435875e-05,2026-05-18 07:28:50.310394,2026-05-18 07:29:00.646157,0 days 00:00:10.335763,0.9263703495680184,0.9969976459942287,112,1.6408065425115257,3.71873871918125,0.004994628925003602,4,0.7525671877338214,5000,COMPLETE
25,0.12684191763401031,2026-05-18 07:29:00.654487,2026-05-18 07:29:00.923934,0 days 00:00:00.269447,0.9638530892286273,0.9925500228091299,48,2.140457272947507,0.2767103765278736,0.0024558857965415073,3,0.7037008040896493,5000,PRUNED
26,4.430695480550639e-05,2026-05-18 07:29:00.931574,2026-05-18 07:29:12.126071,0 days 00:00:11.194497,0.9103891642283521,0.9912445155156525,16,1.3711441239432374,1.0656969862932402,0.009264889037334622,5,0.7764838168105423,5000,COMPLETE
27,0.02116411365568638,2026-05-18 07:29:12.133959,2026-05-18 07:29:12.703726,0 days 00:00:00.569767,0.9391343276315398,0.9939467646783524,64,2.8782637578052905,0.06243419090349706,0.0031702844739115443,4,0.6644082124360466,4000,PRUNED
28,0.04767822101712227,2026-05-18 07:29:12.710646,2026-05-18 07:29:13.078899,0 days 00:00:00.368253,0.9509530345799068,0.9926239971434663,96,7.445294132535419,0.01091615950170656,0.0008207639409150915,6,0.8464875060259281,5000,PRUNED
29,0.30975252389907837,2026-05-18 07:29:13.086310,2026-05-18 07:29:13.408394,0 days 00:00:00.322084,0.9675773838654259,0.9955302446398527,32,1.3604486776062998,0.8682584665198398,0.0017792279721583397,5,0.7939351517055,4000,PRUNED
30,0.00010868140088859946,2026-05-18 07:29:13.415597,2026-05-18 07:29:25.848955,0 days 00:00:12.433358,0.928676747743048,0.9969890265788458,48,4.680091082386796,2.07912637683343,0.006905432578652642,6,0.8533362170043058,5000,COMPLETE
31,2.8841199309681542e-05,2026-05-18 07:29:25.857178,2026-05-18 07:29:37.256851,0 days 00:00:11.399673,0.902474155363813,0.9912664652382781,16,1.3369605444670367,0.9657390125198574,0.009428424059646152,5,0.7526332069623146,5000,COMPLETE
32,0.07213038951158524,2026-05-18 07:29:37.267209,2026-05-18 07:29:37.526180,0 days 00:00:00.258971,0.8910458610296235,0.9900173031646233,16,1.5691551418007836,5.340359171267041,0.004587374716761167,4,0.7646215847976361,5000,PRUNED
33,0.04522513225674629,2026-05-18 07:29:37.533418,2026-05-18 07:29:37.816721,0 days 00:00:00.283303,0.8778218110341091,0.99203809896085,16,1.0377792988435748,0.8881065609819594,0.008207824091378907,5,0.648306705001722,5000,PRUNED
34,0.00720498850569129,2026-05-18 07:29:37.823130,2026-05-18 07:29:38.734071,0 days 00:00:00.910941,0.9020449894196471,0.9911108308635498,32,2.0882651003451165,0.2229232500657886,0.007009237062998842,4,0.6804576868549148,4000,PRUNED
35,0.007788050454109907,2026-05-18 07:29:38.740813,2026-05-18 07:29:40.006535,0 days 00:00:01.265722,0.9391588133591013,0.9921254238805646,32,21.11649942398558,0.42165908260270063,0.00522001855413835,5,0.8534434852189144,5000,PRUNED
36,0.04257762432098389,2026-05-18 07:29:40.012623,2026-05-18 07:29:40.215361,0 days 00:00:00.202738,0.8999687341511413,0.9929542766378657,48,2.4588657737101975,5.678037230605554,0.009830813857629347,2,0.7394854587280559,5000,PRUNED
37,0.0853944793343544,2026-05-18 07:29:40.221604,2026-05-18 07:29:40.451869,0 days 00:00:00.230265,0.9874595688404935,0.9915498453950125,80,1.7928546909718246,1.2014257118509113,0.0028265664026430604,3,0.5516115854268305,1000,PRUNED
38,0.0030534500256180763,2026-05-18 07:29:40.458993,2026-05-18 07:29:42.749124,0 days 00:00:02.290131,0.8815834920217034,0.9907547330100905,64,8.764742603178508,0.5505663349534767,0.004397104691078764,6,0.79463449636323,4000,PRUNED
39,0.2225034087896347,2026-05-18 07:29:42.756808,2026-05-18 07:29:43.009100,0 days 00:00:00.252292,0.9546090548336486,0.991758634269374,16,1.286240632605043,2.52235579331379,0.0005668336744940229,3,0.7127816649886322,5000,PRUNED
40,5.4233401897363365e-05,2026-05-18 07:29:43.016737,2026-05-18 07:29:54.408218,0 days 00:00:11.391481,0.9706434581836686,0.9939777832269874,48,3.1930458419858803,0.08680238130224395,0.007503237015570158,5,0.620551949921775,5000,COMPLETE
41,2.2083400835981593e-05,2026-05-18 07:29:54.418606,2026-05-18 07:30:05.907732,0 days 00:00:11.489126,0.9150915070500305,0.9908839184614316,16,1.4293926240091221,1.042491061529106,0.009981524612566683,5,0.7626721878351013,5000,COMPLETE
42,0.0020438097417354584,2026-05-18 07:30:05.918182,2026-05-18 07:30:07.850301,0 days 00:00:01.932119,0.9130416344362948,0.990904056656798,16,2.22429912081982,0.6325855498015404,0.005641188610174482,6,0.8625550429631567,5000,PRUNED
43,0.05197831988334656,2026-05-18 07:30:07.856657,2026-05-18 07:30:08.143129,0 days 00:00:00.286472,0.9231275403750849,0.9900693414131979,16,1.6178946595433272,4.378735741953351,0.007892846953369177,4,0.8185481545584923,5000,PRUNED
44,4.675912714446895e-05,2026-05-18 07:30:08.149322,2026-05-18 07:30:19.344523,0 days 00:00:11.195201,0.908552219759372,0.9923058709526633,32,1.1850017402002953,1.2301802328755138,0.00427401692867896,5,0.7574586959475464,4000,COMPLETE
45,0.14425331354141235,2026-05-18 07:30:19.352986,2026-05-18 07:30:19.659106,0 days 00:00:00.306120,0.8979321136147725,0.9916799140036782,112,1.753425127547799,0.18776346279674327,0.007347555941471028,4,0.7789956364451576,5000,PRUNED
46,0.03974524140357971,2026-05-18 07:30:19.666387,2026-05-18 07:30:19.950454,0 days 00:00:00.284067,0.9792545851960774,0.9909146155244459,16,2.6008100313878293,0.3808446790488994,0.009839291088093133,5,0.7259640147376817,5000,PRUNED
47,0.16631925106048584,2026-05-18 07:30:19.956509,2026-05-18 07:30:20.212182,0 days 00:00:00.255673,0.9350583718591101,0.9929112719370969,32,13.374013226815018,0.004619628850343472,0.00016418479631553413,4,0.6861514566725314,4000,PRUNED
48,0.058779388666152954,2026-05-18 07:30:20.218100,2026-05-18 07:30:20.509631,0 days 00:00:00.291531,0.9318993101163187,0.9951650488882352,16,34.078537397216266,6.974561528243673,0.003679392886487281,5,0.8295124071332752,5000,PRUNED
49,6.121806654846296e-05,2026-05-18 07:30:20.517288,2026-05-18 07:30:31.674887,0 days 00:00:11.157599,0.9628641755045204,0.9906296187725795,32,1.4714042464842638,2.3609821250119802,0.005491410161231564,5,0.87161105246396,3000,COMPLETE
50,0.2192741334438324,2026-05-18 07:30:31.682342,2026-05-18 07:30:32.044950,0 days 00:00:00.362608,0.9433180859007713,0.9961976009300435,80,4.374499385427641,3.252312322364638,0.00036537288730985193,6,0.3968997243492619,2000,PRUNED
51,0.03765462338924408,2026-05-18 07:30:32.052570,2026-05-18 07:30:32.335340,0 days 00:00:00.282770,0.910566548502517,0.9913639005967297,16,1.9220827824677196,0.9612389369118995,0.009655689683821304,5,0.7728964660548707,5000,PRUNED
52,0.041697874665260315,2026-05-18 07:30:32.342612,2026-05-18 07:30:32.625108,0 days 00:00:00.282496,0.9168290171546776,0.9917962138894867,16,1.1868273800217932,1.2543950142241436,0.008070516421118692,5,0.7811493505717478,5000,PRUNED
53,0.0560210756957531,2026-05-18 07:30:32.631266,2026-05-18 07:30:32.915984,0 days 00:00:00.284718,0.90644167719772,0.9902882174441454,16,1.0198382514809425,0.7245784192275281,0.0063270875053268085,5,0.7413678888709788,5000,PRUNED
54,4.6245197154348716e-05,2026-05-18 07:30:32.922145,2026-05-18 07:30:42.951021,0 days 00:00:10.028876,0.8948634957194993,0.9912425868115542,32,1.3613246296709096,1.9300916233230725,0.009909377613575035,4,0.8112323317118799,5000,COMPLETE
55,0.00011080843978561461,2026-05-18 07:30:42.958944,2026-05-18 07:30:53.178152,0 days 00:00:10.219208,0.8848215946111444,0.9923837385330648,48,2.359309651506471,0.4683156134400295,0.006132209950142442,5,0.8825655303228438,5000,COMPLETE
56,0.03977186605334282,2026-05-18 07:30:53.186201,2026-05-18 07:30:53.471698,0 days 00:00:00.285497,0.9246796191962031,0.9909910411170683,16,1.2303360798795684,1.297810829203636,0.008181787219152123,5,0.834603993526598,4000,PRUNED
57,0.04240690916776657,2026-05-18 07:30:53.478391,2026-05-18 07:30:53.736161,0 days 00:00:00.257770,0.9204739422155814,0.9994488576708479,32,1.8932045273230806,0.3126269282780846,0.004970783300594224,4,0.6945102175002236,3000,PRUNED
58,0.06398291140794754,2026-05-18 07:30:53.745187,2026-05-18 07:30:54.007104,0 days 00:00:00.261917,0.8523636521000252,0.9934370231799348,16,3.5553286883239976,3.64612012940393,0.0030820390777287535,4,0.729596455990942,5000,PRUNED
59,0.052607715129852295,2026-05-18 07:30:54.016184,2026-05-18 07:30:54.252934,0 days 00:00:00.236750,0.9556261454188668,0.9904987498166852,112,1.5211978331489202,7.972305846594885,0.003990064728285625,3,0.8067087951048402,1000,PRUNED
60,0.25286611914634705,2026-05-18 07:30:54.259466,2026-05-18 07:30:54.582245,0 days 00:00:00.322779,0.9417368864913287,0.9915443208337092,128,1.1566625690060026,1.8451512716437533,0.006728688887317345,6,0.5604855601889638,4000,PRUNED
61,0.002553536556661129,2026-05-18 07:30:54.588496,2026-05-18 07:30:55.711646,0 days 00:00:01.123150,0.8996594969626528,0.9912453533753012,32,1.3688154481637307,2.114092234399198,0.008858348239428764,4,0.7956892472265494,5000,PRUNED
62,2.0532355847535655e-05,2026-05-18 07:30:55.718842,2026-05-18 07:31:05.430801,0 days 00:00:09.711959,0.8950079069575685,0.9919909553253988,32,1.5138737544091823,0.9329915836468673,0.009979925889448397,4,0.839771131981219,5000,COMPLETE
63,0.001335284672677517,2026-05-18 07:31:05.442143,2026-05-18 07:31:07.011426,0 days 00:00:01.569283,0.8694951006092797,0.9919985848329592,48,2.930245251287321,0.8920662045547448,0.008472813625299284,4,0.8455483010755919,5000,PRUNED
64,0.016369564458727837,2026-05-18 07:31:07.017990,2026-05-18 07:31:07.510208,0 days 00:00:00.492218,0.8947238509268581,0.9928191398693527,32,2.125582136135776,0.6398801133599002,0.006695225424566273,4,0.42914444277295843,5000,PRUNED
65,0.07117030024528503,2026-05-18 07:31:07.516530,2026-05-18 07:31:07.812089,0 days 00:00:00.295559,0.9135691459931269,0.9946278532372229,16,1.7236846075426318,1.0424217637967226,0.005713485122984741,5,0.8988508954571999,5000,PRUNED
66,0.19785045087337494,2026-05-18 07:31:07.818383,2026-05-18 07:31:08.099326,0 days 00:00:00.280943,0.9520296682149261,0.9902548973373136,32,1.0138771410961256,1.5350336656279064,0.0011619688069166327,5,0.752382358866334,5000,PRUNED
67,0.17157253623008728,2026-05-18 07:31:08.105742,2026-05-18 07:31:08.370465,0 days 00:00:00.264723,0.9041687582264041,0.9921653543256648,64,6.218599763117342,4.477391428178651,0.00010563887252750265,4,0.8674964185712938,5000,PRUNED
68,0.049055296927690506,2026-05-18 07:31:08.378474,2026-05-18 07:31:08.661830,0 days 00:00:00.283356,0.89028677646379,0.9908586739979609,16,1.4983618094443178,2.7923809868775424,0.007384274318756893,5,0.7693658611059094,4000,PRUNED
69,0.04374457523226738,2026-05-18 07:31:08.668819,2026-05-18 07:31:08.897905,0 days 00:00:00.229086,0.931689896284261,0.9924889401991592,32,2.033162344477156,0.12682939124360318,0.004771579304944906,3,0.8250205227450983,5000,PRUNED
70,6.701825623167679e-05,2026-05-18 07:31:08.904112,2026-05-18 07:31:18.856589,0 days 00:00:09.952477,0.9610312833126431,0.9915327090322771,48,2.570399827920408,0.7640248521235167,0.008562488184793169,4,0.7844352391767825,5000,COMPLETE
71,5.5901789892232046e-05,2026-05-18 07:31:18.864887,2026-05-18 07:31:29.277526,0 days 00:00:10.412639,0.8940566552348093,0.9912027326858469,32,1.346988286644793,1.6617538267484415,0.009891584088530801,4,0.8092639883314715,5000,COMPLETE
72,0.05759454146027565,2026-05-18 07:31:29.286165,2026-05-18 07:31:29.594499,0 days 00:00:00.308334,0.8965366331735831,0.990664790848053,96,1.2238372980459216,1.8828111266242087,0.009773971656889147,4,0.8408559606477376,5000,PRUNED
73,0.03148147091269493,2026-05-18 07:31:29.600600,2026-05-18 07:31:29.859766,0 days 00:00:00.259166,0.9032388370538188,0.9918883251541923,32,1.648272357038871,0.0011273568002424996,0.007268994645448436,4,0.8121516398580549,5000,PRUNED
74,0.056814469397068024,2026-05-18 07:31:29.865860,2026-05-18 07:31:30.119539,0 days 00:00:00.253679,0.8885206171255559,0.9913707369181692,16,1.4497049444167696,2.908704009513249,0.00611161708809905,4,0.7552819199838955,5000,PRUNED
75,4.0476217691320926e-05,2026-05-18 07:31:30.125700,2026-05-18 07:31:41.420448,0 days 00:00:11.294748,0.8774256061156983,0.9911418454190782,48,1.1813997471068989,1.331570628572039,0.00863059817416561,5,0.7115024373643273,5000,COMPLETE
76,7.372500112978742e-05,2026-05-18 07:31:41.428585,2026-05-18 07:31:52.211194,0 days 00:00:10.782609,0.8802837925000071,0.9909533282539486,48,1.1076095135886188,0.6030818174778696,0.008560505389026536,5,0.6664666250113471,5000,COMPLETE
77,0.03761528059840202,2026-05-18 07:31:52.220087,2026-05-18 07:31:52.528837,0 days 00:00:00.308750,0.8733041209029061,0.9904212205458169,64,1.7956090374830411,1.1540422989305448,0.0021061830550355913,5,0.7142408576275184,5000,PRUNED
78,0.009667095728218555,2026-05-18 07:31:52.536691,2026-05-18 07:31:53.325174,0 days 00:00:00.788483,0.8595537126188364,0.9938068422952794,64,2.283660330388646,1.5552746550968715,0.005104956001492418,5,0.7231270701128286,4000,PRUNED
79,4.088529385626316e-05,2026-05-18 07:31:53.332274,2026-05-18 07:32:04.845962,0 days 00:00:11.513688,0.9166847552307611,0.9974858985728854,48,1.13186463712274,0.498695883701148,0.007634942577452779,5,0.7419320905649447,5000,COMPLETE
80,2.7177351512364112e-05,2026-05-18 07:32:04.854327,2026-05-18 07:32:17.536297,0 days 00:00:12.681970,0.9510510593817685,0.9966759233524918,48,1.1440133265158345,0.32519798444134523,0.007320163373767806,6,0.6409292901570097,2000,COMPLETE
81,2.6196181352133863e-05,2026-05-18 07:32:17.543751,2026-05-18 07:32:30.217651,0 days 00:00:12.673900,0.949435544596849,0.9975205645619324,48,1.0003381350082363,0.3184206214542196,0.007423960356002876,6,0.6002474896787416,2000,COMPLETE
82,2.5005978386616334e-05,2026-05-18 07:32:30.227807,2026-05-18 07:32:42.931382,0 days 00:00:12.703575,0.9667913902666666,0.9976965712115069,48,1.0041827258073153,0.2327929354458682,0.007216940448984658,6,0.6277986020465092,2000,COMPLETE
83,3.927581929019652e-05,2026-05-18 07:32:42.939120,2026-05-18 07:32:55.604586,0 days 00:00:12.665466,0.974737280600754,0.9977356160940916,48,1.0152074535226912,0.2993618349854004,0.006666163484734107,6,0.6243816676704521,2000,COMPLETE
84,3.027310231118463e-05,2026-05-18 07:32:55.612552,2026-05-18 07:33:07.567816,0 days 00:00:11.955264,0.9754758862902637,0.9980638764156936,48,1.0216479940187888,0.2602919245561351,0.00665036670505633,6,0.6159090358808565,2000,COMPLETE
85,0.030317991971969604,2026-05-18 07:33:07.576712,2026-05-18 07:33:08.260098,0 days 00:00:00.683386,0.9834367383948018,0.9984978255072307,64,65.90530989578882,0.16106850055871183,0.003398074064744911,6,0.573683311823048,2000,PRUNED
86,0.030160631984472275,2026-05-18 07:33:08.267861,2026-05-18 07:33:08.623615,0 days 00:00:00.355754,0.967071977739424,0.9971032734284547,48,1.2783437503545012,0.24655622605583014,0.0044410665797619125,6,0.6055431958333668,2000,PRUNED
87,0.004723257385194302,2026-05-18 07:33:08.629712,2026-05-18 07:33:09.945987,0 days 00:00:01.316275,0.9594068325736451,0.9964780068102338,64,1.114971547374134,0.2002597715082732,0.0058110014983695085,6,0.6395755572504652,2000,PRUNED
88,0.00042899593245238066,2026-05-18 07:33:09.953358,2026-05-18 07:33:13.491616,0 days 00:00:03.538258,0.9508983858597005,0.9981215107930554,48,1.5621697678935265,0.08684164325054049,0.007607812033547894,6,0.5254243508986559,2000,PRUNED
89,0.02830832451581955,2026-05-18 07:33:13.499941,2026-05-18 07:33:13.866894,0 days 00:00:00.366953,0.9729262558327199,0.9989904689791338,80,1.2910780676878424,0.057160909631854634,0.005307074803630653,6,0.5868697428516647,1000,PRUNED
90,3.331479456392117e-05,2026-05-18 07:33:13.875930,2026-05-18 07:33:26.091194,0 days 00:00:12.215264,0.979588852238886,0.9973757967842317,48,1.0037217502062201,0.35233291776546827,0.006797973384154808,6,0.6190743227338577,2000,COMPLETE
