number,value,datetime_start,datetime_complete,duration,params_adam_beta1,params_adam_beta2,params_hidden,params_lambda_ic,params_lambda_phys,params_lr,params_n_layers,params_scheduler_gamma,params_scheduler_step,state
275,0.03541096672415733,2026-05-20 18:28:06.470018,2026-05-20 18:28:07.118479,0 days 00:00:00.648461,0.9768159204314205,0.9984632716474878,48,14.58544111408403,0.8203325247347116,0.007536392957703109,6,0.4569174040771895,2000,PRUNED
276,0.2026127576828003,2026-05-20 18:28:07.126145,2026-05-20 18:28:07.429169,0 days 00:00:00.303024,0.9159596439195142,0.9970487833509203,48,1.2381596644578485,1.7620691702642033,0.002786721084941175,5,0.7482749098733377,2000,PRUNED
277,0.011518093757331371,2026-05-20 18:28:07.435257,2026-05-20 18:28:08.219831,0 days 00:00:00.784574,0.9007100979767321,0.9997160732289436,64,11.00581432325289,1.4025759592444098,0.008284000502679661,6,0.5786281084970034,5000,PRUNED
278,0.018727634102106094,2026-05-20 18:28:08.226435,2026-05-20 18:28:08.611761,0 days 00:00:00.385326,0.897408886351244,0.9959415127573743,48,1.088724243225292,1.116671513432965,0.009309934213185178,6,0.43263908007130514,2000,PRUNED
279,0.03710348531603813,2026-05-20 18:28:08.618376,2026-05-20 18:28:08.989233,0 days 00:00:00.370857,0.9677724496905176,0.9986159003387136,48,1.3556252289896562,0.7532598452179384,0.006227738940233353,6,0.5046067694123685,2000,PRUNED
280,0.18341007828712463,2026-05-20 18:28:08.995649,2026-05-20 18:28:09.239728,0 days 00:00:00.244079,0.9627390524225206,0.9993674104153552,16,1.5347481234285163,0.09521997357852072,0.00018496322839204888,4,0.5641004376501917,2000,PRUNED
281,0.046558741480112076,2026-05-20 18:28:09.247065,2026-05-20 18:28:09.541143,0 days 00:00:00.294078,0.8933930260435132,0.9981933759332102,48,1.1403627185401635,0.9590452055181604,0.009912574455755723,4,0.7749983218592374,2000,PRUNED
282,0.06335045397281647,2026-05-20 18:28:09.550473,2026-05-20 18:28:09.859801,0 days 00:00:00.309328,0.9713557256431906,0.9926908866224591,32,1.2502429923709166,1.5409303441844928,0.008016267283242132,6,0.523297806563609,2000,PRUNED
283,0.16504354774951935,2026-05-20 18:28:09.866977,2026-05-20 18:28:10.170697,0 days 00:00:00.303720,0.9649512820737077,0.9987828382588402,32,1.0087362288028514,1.214701874045687,0.00718672763601479,6,0.6255550467475901,2000,PRUNED
284,0.0008410374284721911,2026-05-20 18:28:10.177165,2026-05-20 18:28:11.764639,0 days 00:00:01.587474,0.8842154048165297,0.9952660495999204,48,1.3870844186962383,1.9140372053459647,0.008295512063702944,6,0.4638104605724026,2000,PRUNED
285,0.43019726872444153,2026-05-20 18:28:11.771096,2026-05-20 18:28:12.119103,0 days 00:00:00.348007,0.9733684228421567,0.9973998232331276,48,1.176180878919145,0.6376043563896542,0.0013383174538079323,5,0.8417374855606642,2000,PRUNED
286,0.0044797370210289955,2026-05-20 18:28:12.127328,2026-05-20 18:28:12.791658,0 days 00:00:00.664330,0.9578088880097121,0.9990386531841976,48,1.0971633611737632,0.9514528588235427,0.009080105021519616,6,0.4895969401251502,2000,PRUNED
287,0.01818115822970867,2026-05-20 18:28:12.799010,2026-05-20 18:28:13.531000,0 days 00:00:00.731990,0.9609572133446656,0.991186485174185,48,1.2725658206322763,0.26808992172284785,0.00738601129973454,6,0.4790072315407245,5000,PRUNED
288,0.02363555319607258,2026-05-20 18:28:13.538114,2026-05-20 18:28:13.923690,0 days 00:00:00.385576,0.8881522607684327,0.9909609762371039,48,1.524896058853122,1.35361446482555,0.006554386237343492,6,0.6858438921912103,2000,PRUNED
289,0.025300752371549606,2026-05-20 18:28:13.930038,2026-05-20 18:28:14.318502,0 days 00:00:00.388464,0.9685340372685107,0.9992308665536668,48,1.0022349630839216,0.006188690529624929,0.009951415579579126,6,0.5001529407423919,2000,PRUNED
290,0.023814348503947258,2026-05-20 18:28:14.325526,2026-05-20 18:28:14.712940,0 days 00:00:00.387414,0.9650890353969028,0.9977141838418505,48,1.3257057553930944,0.38388442179570087,0.008591198804219472,6,0.4467879074358021,3000,PRUNED
291,0.02099679410457611,2026-05-20 18:28:14.720706,2026-05-20 18:28:15.111228,0 days 00:00:00.390522,0.9688974146906151,0.9995784895881938,48,1.1538332054789324,0.822867406492565,0.007746522609774087,6,0.6070762732854105,2000,PRUNED
292,0.08488330245018005,2026-05-20 18:28:15.119596,2026-05-20 18:28:15.485985,0 days 00:00:00.366389,0.9755191010231411,0.9985934727298948,48,1.2396244092487794,1.1176896398962541,0.00567607408403135,6,0.5854208459050227,2000,PRUNED
293,0.08529845625162125,2026-05-20 18:28:15.492287,2026-05-20 18:28:15.875243,0 days 00:00:00.382956,0.9625218846513653,0.9988802979683673,64,1.64963476389899,1.7227526786826206,0.009161246491094475,6,0.5167465635328805,2000,PRUNED
294,0.0057141962461173534,2026-05-20 18:28:15.882544,2026-05-20 18:28:16.573223,0 days 00:00:00.690679,0.9105919480533289,0.997496317226083,48,1.0932142094566268,0.07487163281564668,0.006838513857560853,6,0.7113441125530725,4000,PRUNED
295,0.019630730152130127,2026-05-20 18:28:16.580383,2026-05-20 18:28:16.967343,0 days 00:00:00.386960,0.9713779328456889,0.9984013176893597,48,1.4593322575427508,0.7023586244088089,0.008309292855436011,6,0.5525873308649811,2000,PRUNED
296,0.05268509313464165,2026-05-20 18:28:16.973875,2026-05-20 18:28:17.326634,0 days 00:00:00.352759,0.9658466575083056,0.9980190336581786,32,1.3616312555354708,2.1854341055477273,0.0076110727334119015,6,0.6630892290422147,2000,PRUNED
297,0.03181278333067894,2026-05-20 18:28:17.335076,2026-05-20 18:28:17.726468,0 days 00:00:00.391392,0.9674095365157926,0.9993202333998079,48,1.198766008896124,0.9674648633734214,0.0099971409725014,6,0.47976507150819786,5000,PRUNED
298,0.021529585123062134,2026-05-20 18:28:17.734853,2026-05-20 18:28:18.121154,0 days 00:00:00.386301,0.9793837946905504,0.9989476525356947,48,1.1157938170962831,1.3659239660588784,0.008651796395362975,6,0.5061035930229127,2000,PRUNED
299,0.023442523553967476,2026-05-20 18:28:18.129157,2026-05-20 18:28:18.527597,0 days 00:00:00.398440,0.9442286696000745,0.9982513726732053,48,1.8288974120526533,0.5545821043149883,0.007164604100120903,6,0.4656448258644586,2000,PRUNED
300,0.010305858217179775,2026-05-20 18:28:18.534294,2026-05-20 18:28:19.173366,0 days 00:00:00.639072,0.960761189961325,0.9967961261466542,48,3.248523471141713,0.8362463181743899,0.009211610162016479,6,0.5971651638999963,2000,PRUNED
301,0.2557627856731415,2026-05-20 18:28:19.179691,2026-05-20 18:28:19.679340,0 days 00:00:00.499649,0.9280505479173148,0.9919039209232886,112,1.2636123136207786,1.1343374055990625,0.0003121202820513168,6,0.4955219220094282,2000,PRUNED
302,0.1673327535390854,2026-05-20 18:28:19.685785,2026-05-20 18:28:19.976097,0 days 00:00:00.290312,0.9711020769570639,0.9997159545353862,16,1.0661692218441954,1.5946547159256497,0.006336362502117045,6,0.44224029016198874,2000,PRUNED
303,0.081167072057724,2026-05-20 18:28:19.982946,2026-05-20 18:28:20.251751,0 days 00:00:00.268805,0.9575936322030856,0.9987414899000744,48,1.438805656881282,0.7312515205231027,0.007934534258927267,4,0.5697880807808747,2000,PRUNED
304,0.02211173065006733,2026-05-20 18:28:20.259478,2026-05-20 18:28:20.603334,0 days 00:00:00.343856,0.963858101698372,0.9991667696972859,48,1.2037372795542807,1.2444447149210587,0.008465050671898766,6,0.4840814308828246,2000,PRUNED
305,0.025626420974731445,2026-05-20 18:28:20.611374,2026-05-20 18:28:20.951221,0 days 00:00:00.339847,0.9508124435448837,0.9977991646928839,48,1.0790436779529122,2.7099817984189403,0.007501193470245401,6,0.4703066637071789,2000,PRUNED
306,0.023566043004393578,2026-05-20 18:28:20.957795,2026-05-20 18:28:21.268734,0 days 00:00:00.310939,0.9739540516702905,0.9984719623027026,32,1.3444881251897565,0.4297891372285322,0.009212557381417767,6,0.5402445907937693,5000,PRUNED
307,0.01620471477508545,2026-05-20 18:28:21.275179,2026-05-20 18:28:21.948419,0 days 00:00:00.673240,0.969882489062296,0.9994603801322528,48,1.5849968750822188,0.9225844571250893,0.006824645295227833,6,0.42125946600022635,2000,PRUNED
308,0.018372371792793274,2026-05-20 18:28:21.955039,2026-05-20 18:28:22.612880,0 days 00:00:00.657841,0.9672758036953576,0.9945439283955791,48,1.174647640850927,0.1414673123319843,0.008074838532528309,6,0.5258401254722757,2000,PRUNED
309,0.0227942056953907,2026-05-20 18:28:22.620741,2026-05-20 18:28:23.008108,0 days 00:00:00.387367,0.9830056516739942,0.9936575298322524,48,1.2904875489279435,1.0814069474542218,0.009193722081634895,6,0.6108766267814687,2000,PRUNED
310,0.02857603132724762,2026-05-20 18:28:23.015385,2026-05-20 18:28:23.400505,0 days 00:00:00.385120,0.9650744419402573,0.9971928167115753,48,1.4814206357303679,1.4955988173195711,0.005977245326211005,6,0.51150169225423,2000,PRUNED
311,0.005939315538853407,2026-05-20 18:28:23.409139,2026-05-20 18:28:24.123042,0 days 00:00:00.713903,0.9617279254427483,0.9980653482819232,48,1.0055477824504446,0.21124823266912374,0.008519889255891148,6,0.6315587889014872,2000,PRUNED
312,0.01644059456884861,2026-05-20 18:28:24.130293,2026-05-20 18:28:24.467551,0 days 00:00:00.337258,0.9771398720326882,0.9906664336919281,16,5.533911300956449,0.6174255104352545,0.009971408252188159,6,0.5908375608287009,3000,PRUNED
313,0.03157462552189827,2026-05-20 18:28:24.473975,2026-05-20 18:28:24.859086,0 days 00:00:00.385111,0.9691564067686234,0.9955789438961149,48,1.1579176449597526,1.9676405090323765,0.007286469571994448,6,0.45477779697215837,2000,PRUNED
314,0.052984319627285004,2026-05-20 18:28:24.865427,2026-05-20 18:28:25.094510,0 days 00:00:00.229083,0.905981208104586,0.9987135662659521,48,1.3561655344533783,0.8614749040718548,0.007936794635926232,3,0.4966910727707964,2000,PRUNED
315,0.18340647220611572,2026-05-20 18:28:25.101844,2026-05-20 18:28:25.485596,0 days 00:00:00.383752,0.9542544117039944,0.9998759870953232,64,1.0950844757413118,1.2147812015714774,0.005210217360473384,6,0.6207938298184091,2000,PRUNED
316,0.030645888298749924,2026-05-20 18:28:25.493283,2026-05-20 18:28:25.760126,0 days 00:00:00.266843,0.8984774756502802,0.9965128636487546,48,4.042492697599067,0.346101563480615,0.006448647504838915,4,0.6468788379417041,2000,PRUNED
317,0.026664307340979576,2026-05-20 18:28:25.766611,2026-05-20 18:28:26.232730,0 days 00:00:00.466119,0.9151896329121872,0.9991158626469073,96,1.2691611499953543,1.6296004423394617,0.008652832216808697,6,0.4872303824093078,2000,PRUNED
318,0.018049785867333412,2026-05-20 18:28:26.239639,2026-05-20 18:28:26.581324,0 days 00:00:00.341685,0.9028788438407888,0.9988909610266434,48,1.7325272844499526,1.0410963063542973,0.007467746957750495,6,0.4713550428672353,5000,PRUNED
319,0.020693525671958923,2026-05-20 18:28:26.587818,2026-05-20 18:28:26.894612,0 days 00:00:00.306794,0.9727123463618089,0.9982271216811166,32,1.198492681206934,0.731564596618614,0.009279059801210812,6,0.8703977858907822,1000,PRUNED
320,0.020352574065327644,2026-05-20 18:28:26.901285,2026-05-20 18:28:27.252930,0 days 00:00:00.351645,0.9663130476374253,0.9994948815481167,48,1.4862590738544004,1.3791281920008782,0.008101077822390041,6,0.7584447229762962,2000,PRUNED
321,0.15535502135753632,2026-05-20 18:28:27.259673,2026-05-20 18:28:27.556240,0 days 00:00:00.296567,0.9600591287025515,0.9985261810194885,16,1.0095559278817376,0.2809122960070781,0.00670133984450722,5,0.5171413200084837,2000,PRUNED
322,0.026844864711165428,2026-05-20 18:28:27.563697,2026-05-20 18:28:27.954687,0 days 00:00:00.390990,0.9632615206725045,0.9975511746106761,48,1.319683804921621,0.8887097915365456,0.009983936423763103,6,0.5767716754283104,2000,PRUNED
323,0.021655254065990448,2026-05-20 18:28:27.964146,2026-05-20 18:28:28.637777,0 days 00:00:00.673631,0.9696255603185767,0.9908309650975045,48,2.0646129768661172,1.0497112914839435,0.008645019718718764,6,0.536513745017863,2000,PRUNED
324,0.21821871399879456,2026-05-20 18:28:28.644515,2026-05-20 18:28:28.840571,0 days 00:00:00.196056,0.918814488635986,0.9993553379899507,48,1.1428216262997604,2.1319728064316417,0.0010049846597165687,2,0.4553326660838184,2000,PRUNED
325,0.018154405057430267,2026-05-20 18:28:28.847239,2026-05-20 18:28:29.233118,0 days 00:00:00.385879,0.9730941161676349,0.9989746574412117,64,1.4175080365949264,0.5181445670359398,0.007107225204436865,6,0.7394857304788552,2000,PRUNED
326,0.008355379104614258,2026-05-20 18:28:29.239792,2026-05-20 18:28:29.881194,0 days 00:00:00.641402,0.850221419405607,0.9986894296397046,48,1.6257226012175552,0.0020051087495141823,0.0078005955130140536,6,0.43488756886673663,2000,PRUNED
327,0.005246357060968876,2026-05-20 18:28:29.887316,2026-05-20 18:28:30.524046,0 days 00:00:00.636730,0.9664539940292216,0.9970191657801298,48,1.0826260666652179,0.05219260930305996,0.008984210814622712,6,0.5007631170989236,2000,PRUNED
328,0.2665446102619171,2026-05-20 18:28:30.531667,2026-05-20 18:28:30.844598,0 days 00:00:00.312931,0.9753846595280504,0.997667514520387,48,1.2475312660319475,1.2686798171937057,0.005984836563239956,5,0.47890115084560914,2000,PRUNED
329,0.016240302473306656,2026-05-20 18:28:30.850967,2026-05-20 18:28:31.242347,0 days 00:00:00.391380,0.9132298537043514,0.9979556492582491,48,1.130152779207375,0.7486592123374508,0.008255142735114534,6,0.6010863289933407,2000,PRUNED
330,0.16689889132976532,2026-05-20 18:28:31.248858,2026-05-20 18:28:31.646725,0 days 00:00:00.397867,0.908202723293519,0.998389753734913,48,1.0000038622174294,1.7838601084241754,0.00012240785125458724,6,0.5563299939923622,5000,PRUNED
331,0.013280726969242096,2026-05-20 18:28:31.654225,2026-05-20 18:28:32.386454,0 days 00:00:00.732229,0.924690942073418,0.9996024458232217,48,1.3758426588218664,0.9161154420029082,0.007454234720958378,6,0.80771619241835,2000,PRUNED
332,0.0017429565778002143,2026-05-20 18:28:32.393240,2026-05-20 18:28:33.816054,0 days 00:00:01.422814,0.8945879914868414,0.9992193511499906,48,1.2284176180965967,1.3501089870587424,0.009273299044273008,6,0.5085140437420502,2000,PRUNED
333,0.08141027390956879,2026-05-20 18:28:33.823606,2026-05-20 18:28:34.161731,0 days 00:00:00.338125,0.9585115439707366,0.9962094663878378,16,1.0817572769415276,0.10766988584521363,0.006703580135209004,6,0.4920870307580521,2000,PRUNED
334,0.13200458884239197,2026-05-20 18:28:34.168769,2026-05-20 18:28:34.419529,0 days 00:00:00.250760,0.9690683883490663,0.9973800593909795,32,1.5694907176237565,1.0828485107768329,0.00846988939759328,4,0.7836316284095497,1000,PRUNED
335,0.04799184203147888,2026-05-20 18:28:34.425851,2026-05-20 18:28:34.766832,0 days 00:00:00.340981,0.9633148661718511,0.9930939939243972,48,1.2750637061432804,3.131990774274287,0.009283926692788089,6,0.5234929664575586,2000,PRUNED
336,0.00407820288091898,2026-05-20 18:28:34.773471,2026-05-20 18:28:35.408930,0 days 00:00:00.635459,0.890984037755755,0.9916319279431859,48,1.1734053239590256,0.6912470196715624,0.00998007303407,6,0.46675319770486723,2000,PRUNED
337,0.020710080862045288,2026-05-20 18:28:35.415208,2026-05-20 18:28:36.089357,0 days 00:00:00.674149,0.96658620124338,0.9934184958954584,48,1.395452389545063,0.5774752908870843,0.0076139713331212005,6,0.34401025293599824,2000,PRUNED
338,0.029574556276202202,2026-05-20 18:28:36.098235,2026-05-20 18:28:36.489707,0 days 00:00:00.391472,0.9641622974590313,0.9989762523652382,48,1.0959556291297379,1.6245565648012084,0.0070087347869251535,6,0.4850505205840754,2000,PRUNED
339,0.016521891579031944,2026-05-20 18:28:36.498678,2026-05-20 18:28:36.888576,0 days 00:00:00.389898,0.9715437639153117,0.9900283752056431,48,1.2556517358034982,0.8165671181541021,0.008128771540334643,6,0.6163434191662045,5000,PRUNED
340,0.016524113714694977,2026-05-20 18:28:36.895989,2026-05-20 18:28:37.284632,0 days 00:00:00.388643,0.9566267471619899,0.9966994184907222,48,1.4784922399359441,0.43555865611327393,0.008960430204492477,6,0.8833253069784481,2000,PRUNED
341,0.01323520764708519,2026-05-20 18:28:37.292476,2026-05-20 18:28:38.104793,0 days 00:00:00.812317,0.9612341003596944,0.998644642302416,64,6.292280440657032,1.1568667131085681,0.006216738894716905,6,0.589522923268362,2000,PRUNED
342,0.008304264396429062,2026-05-20 18:28:38.112124,2026-05-20 18:28:38.829373,0 days 00:00:00.717249,0.9683420465661038,0.9904634608985348,48,1.3319160977959708,0.01871045509084113,0.007800873374560271,6,0.4476161001351706,2000,PRUNED
343,0.09541639685630798,2026-05-20 18:28:38.835862,2026-05-20 18:28:39.173584,0 days 00:00:00.337722,0.974828982773441,0.9982723313284104,16,1.1656971500192144,1.4283093290502138,0.008617236439064115,6,0.32771372617542527,2000,PRUNED
344,0.07769816368818283,2026-05-20 18:28:39.182922,2026-05-20 18:28:39.532315,0 days 00:00:00.349393,0.9711666566948501,0.9997434378564027,48,1.0013702972890393,0.0012206849503716432,0.0054403798393006155,6,0.5013769367821516,2000,PRUNED
345,0.11781477183103561,2026-05-20 18:28:39.539924,2026-05-20 18:28:39.846162,0 days 00:00:00.306238,0.9641004353814125,0.9912973183674724,32,1.215996944472098,0.9523650995943705,0.007083170959329873,6,0.5140522225979135,3000,PRUNED
346,0.09176645427942276,2026-05-20 18:28:39.852545,2026-05-20 18:28:40.202612,0 days 00:00:00.350067,0.979384424202147,0.9992559971015862,48,1.7393814826728358,1.9302979614426226,0.00936552896979357,6,0.4735462689770054,2000,PRUNED
347,0.045641764998435974,2026-05-20 18:28:40.208963,2026-05-20 18:28:40.475854,0 days 00:00:00.266891,0.9310298502423511,0.9987622338329356,48,1.088624068311251,0.170583454779842,0.007979342116381995,4,0.5337980472597714,2000,PRUNED
348,0.02748429961502552,2026-05-20 18:28:40.482286,2026-05-20 18:28:40.825400,0 days 00:00:00.343114,0.9672990420717943,0.998489561848254,48,1.3486206087239219,0.3127970832531288,0.008734646313196997,6,0.6928635296076038,2000,PRUNED
349,0.019776929169893265,2026-05-20 18:28:40.833374,2026-05-20 18:28:41.175551,0 days 00:00:00.342177,0.9009484551361465,0.9958726335454073,48,1.5327113756982487,0.2223716850971168,0.006601417630789212,6,0.4612558289786943,5000,PRUNED
350,0.22723834216594696,2026-05-20 18:28:41.184272,2026-05-20 18:28:41.567530,0 days 00:00:00.383258,0.9599046370057992,0.9947237510876993,80,1.1499831178427642,1.1958970266357714,0.007449662592254409,5,0.4859349313081182,2000,PRUNED
351,0.0200648196041584,2026-05-20 18:28:41.574511,2026-05-20 18:28:41.920866,0 days 00:00:00.346355,0.9212611260113528,0.9910755871818516,32,1.2699319438355006,0.8148671865226634,0.009276575053302455,6,0.8280046299848927,2000,PRUNED
352,0.01641303487122059,2026-05-20 18:28:41.928171,2026-05-20 18:28:42.273969,0 days 00:00:00.345798,0.9703151398584278,0.9972136484406589,48,1.4251684138596172,0.6363772776992721,0.00806428521240791,6,0.6351871433038112,2000,PRUNED
353,0.03970584273338318,2026-05-20 18:28:42.280232,2026-05-20 18:28:42.621413,0 days 00:00:00.341181,0.9654728792058545,0.9978924923590267,48,1.056801840479266,2.434621503469081,0.007351869922695415,6,0.6037775711875538,4000,PRUNED
354,0.0015111938118934631,2026-05-20 18:28:42.627796,2026-05-20 18:28:43.856602,0 days 00:00:01.228806,0.9463051906593684,0.9993994554616126,48,1.8854059416808109,1.5048456295712824,0.009921908774317036,6,0.5753579558935669,2000,PRUNED
355,0.0031271246261894703,2026-05-20 18:28:43.864295,2026-05-20 18:28:44.892320,0 days 00:00:01.028025,0.9729592641426259,0.9990664295470089,48,1.0010475165522215,1.0164576960528615,0.00997729390545007,6,0.5050922123878917,2000,PRUNED
356,0.021450189873576164,2026-05-20 18:28:44.899343,2026-05-20 18:28:45.281659,0 days 00:00:00.382316,0.89618307709784,0.9988328277137568,48,1.1956205407031646,1.2679151923551186,0.008469895090575628,6,0.7226357409328424,2000,PRUNED
357,0.07398601621389389,2026-05-20 18:28:45.288918,2026-05-20 18:28:45.560897,0 days 00:00:00.271979,0.9684227181344922,0.9981752098625452,48,1.6583199908295612,0.8397096786708955,0.0059958014427044445,4,0.6741435909267219,2000,PRUNED
358,0.018291953951120377,2026-05-20 18:28:45.567531,2026-05-20 18:28:46.205820,0 days 00:00:00.638289,0.9388076368228674,0.9995592696108428,48,1.3189057460400613,0.5036407556547566,0.00683665324202346,6,0.431302219297173,5000,PRUNED
359,0.0574403777718544,2026-05-20 18:28:46.212614,2026-05-20 18:28:46.504154,0 days 00:00:00.291540,0.9630490680602863,0.9984883936218162,16,1.1413322070133964,1.0244796394083928,0.008653138398273781,6,0.478115527738692,2000,PRUNED
360,0.032052282243967056,2026-05-20 18:28:46.511826,2026-05-20 18:28:46.823890,0 days 00:00:00.312064,0.9527445702647196,0.9990731614476358,32,1.4512990393942342,1.7010159363140416,0.007809621093495982,6,0.4915773211197654,2000,PRUNED
361,0.023661157116293907,2026-05-20 18:28:46.831839,2026-05-20 18:28:47.176175,0 days 00:00:00.344336,0.9775192658282521,0.9980703806254133,48,1.2155803670026937,0.7343293805273554,0.009129386358517809,6,0.5624671245297916,2000,PRUNED
362,0.033591046929359436,2026-05-20 18:28:47.182862,2026-05-20 18:28:47.532040,0 days 00:00:00.349178,0.966910280135741,0.9950390919716634,48,49.57564264782019,1.4672595172043805,0.0016662391243502815,6,0.6521567219012269,2000,PRUNED
363,0.07424433529376984,2026-05-20 18:28:47.539385,2026-05-20 18:28:47.846986,0 days 00:00:00.307601,0.9613731963387618,0.997607782680055,48,1.09165963957738,0.2572658551993166,0.009998560206929307,5,0.615615410273558,2000,PRUNED
364,0.01725730486214161,2026-05-20 18:28:47.854421,2026-05-20 18:28:48.237438,0 days 00:00:00.383017,0.9700630386316681,0.9993519733419063,48,1.325369562433647,0.9411042134958385,0.007236972430501858,6,0.4491442091225467,2000,PRUNED
365,0.03779585659503937,2026-05-20 18:28:48.243874,2026-05-20 18:28:48.636747,0 days 00:00:00.392873,0.9566266308977868,0.9998880138577829,64,2.6685928378325596,1.1783878285697327,0.008130369297133075,6,0.40276158114473926,2000,PRUNED
366,0.12925130128860474,2026-05-20 18:28:48.644533,2026-05-20 18:28:48.990929,0 days 00:00:00.346396,0.9643681969994757,0.9986658149862672,48,1.5630483931898231,2.193463310624659,0.0035401240194123298,6,0.4633982107063691,2000,PRUNED
367,0.0179352555423975,2026-05-20 18:28:48.998564,2026-05-20 18:28:49.342865,0 days 00:00:00.344301,0.9751679931412484,0.9989574636875979,48,1.2070308282266276,0.7237710125985171,0.008693642522310724,6,0.51935770449283,2000,PRUNED
