number,value,datetime_start,datetime_complete,duration,params_adam_beta1,params_adam_beta2,params_hidden,params_lambda_ic,params_lambda_phys,params_lr,params_n_layers,params_scheduler_gamma,params_scheduler_step,state
183,3.626811667345464e-05,2026-05-18 07:41:20.474569,2026-05-18 07:41:33.141909,0 days 00:00:12.667340,0.966376918550299,0.9906950979740716,48,1.080766482446991,0.8330654228677831,0.009210078920764576,6,0.49841748301200944,2000,COMPLETE
184,0.004443563055247068,2026-05-18 07:41:33.150255,2026-05-18 07:41:33.833738,0 days 00:00:00.683483,0.9773014035592887,0.9987086375181763,48,1.0716559261288767,0.6919029451034421,0.008947612581689508,6,0.5081361838141698,2000,PRUNED
185,2.4278097043861635e-05,2026-05-18 07:41:33.842933,2026-05-18 07:41:46.529419,0 days 00:00:12.686486,0.9700357377804117,0.9992731025229447,48,1.1823902328906792,1.4647435173493446,0.007789615053507489,6,0.4722854648696466,2000,COMPLETE
186,2.5957515390473418e-05,2026-05-18 07:41:46.539262,2026-05-18 07:41:59.213711,0 days 00:00:12.674449,0.9701441992545946,0.9991136086441244,48,1.1984672744092342,1.421350657924037,0.008002291093505193,6,0.48604384847762094,2000,COMPLETE
187,0.009818369522690773,2026-05-18 07:41:59.223476,2026-05-18 07:41:59.856790,0 days 00:00:00.633314,0.9699688170223532,0.9990367588082106,48,16.406725147675598,2.0035798529413515,0.00829366655912557,6,0.4729367182420917,2000,PRUNED
188,0.002238321350887418,2026-05-18 07:41:59.864350,2026-05-18 07:42:00.722198,0 days 00:00:00.857848,0.9720252141872349,0.9995400848947543,48,1.228036191541799,1.5085520432812076,0.009447090957208634,6,0.4881932919496325,2000,PRUNED
189,2.0806999600608833e-05,2026-05-18 07:42:00.728996,2026-05-18 07:42:12.650234,0 days 00:00:11.921238,0.9658294436364268,0.9993594542841526,48,1.1655948315291846,1.545514637648578,0.008021865112826706,6,0.48276005814576095,2000,COMPLETE
190,0.0253155454993248,2026-05-18 07:42:12.658326,2026-05-18 07:42:13.019574,0 days 00:00:00.361248,0.9666686122058755,0.9993347927352706,64,1.1482528669997438,1.6752283256620102,0.007850546924964685,6,0.4820769117605675,2000,PRUNED
191,0.004929912276566029,2026-05-18 07:42:13.025944,2026-05-18 07:42:13.712965,0 days 00:00:00.687021,0.968092448907923,0.9987715650263299,48,1.1766404385634335,1.3774725559125052,0.009853659228373063,6,0.31152082762313926,2000,PRUNED
192,2.4156996005331166e-05,2026-05-18 07:42:13.720748,2026-05-18 07:42:26.403959,0 days 00:00:12.683211,0.9648780914159835,0.9989270197066625,48,1.2647464363772059,1.05354227578432,0.008435989467469542,6,0.45002074203492304,2000,COMPLETE
193,2.8329168344498612e-05,2026-05-18 07:42:26.412234,2026-05-18 07:42:39.086142,0 days 00:00:12.673908,0.9648847098556869,0.9992172306984728,48,1.1394877623959907,1.1716598461980998,0.008923215986292322,6,0.4950038214441551,2000,COMPLETE
194,0.0073414030484855175,2026-05-18 07:42:39.094554,2026-05-18 07:42:39.773142,0 days 00:00:00.678588,0.9738013916216154,0.9994307785454075,48,1.0011097223692087,1.2370318316767093,0.007699766909580119,6,0.4761169016215292,2000,PRUNED
195,0.019008804112672806,2026-05-18 07:42:39.780103,2026-05-18 07:42:40.143565,0 days 00:00:00.363462,0.9654930091357207,0.9991912232924517,48,1.3184803272585577,2.0582250119829637,0.00860426227361055,6,0.4545253487131805,2000,PRUNED
196,2.0397168555064127e-05,2026-05-18 07:42:40.152212,2026-05-18 07:42:52.660161,0 days 00:00:12.507949,0.9612238712808123,0.9997790977813489,48,1.2273368161227738,1.5606865130156347,0.009964576365925916,6,0.5161117445648657,2000,COMPLETE
197,2.941293678304646e-05,2026-05-18 07:42:52.668111,2026-05-18 07:43:05.281942,0 days 00:00:12.613831,0.9602154598400273,0.9996022204187506,48,1.1873898657242066,1.6147804936691774,0.007063087831033633,6,0.43371555146390767,2000,COMPLETE
198,0.0037029776722192764,2026-05-18 07:43:05.290439,2026-05-18 07:43:05.968885,0 days 00:00:00.678446,0.9692637459335263,0.9990079628116937,48,1.0950618691502767,1.4465434687065797,0.008556549620349138,6,0.5179393008531202,2000,PRUNED
199,4.740005169878714e-05,2026-05-18 07:43:05.975982,2026-05-18 07:43:18.691687,0 days 00:00:12.715705,0.9622081272602276,0.9993470072081675,48,1.4082531720016458,1.1095443944325847,0.009991083490367505,6,0.449655021432529,2000,COMPLETE
200,0.018666760995984077,2026-05-20 18:27:33.756761,2026-05-20 18:27:34.125747,0 days 00:00:00.368986,0.952215907251473,0.9997292183417956,48,1.237492861794264,2.6040389616477144,0.007644658912543254,6,0.489252847041449,2000,PRUNED
201,0.025800291448831558,2026-05-20 18:27:34.134735,2026-05-20 18:27:34.477547,0 days 00:00:00.342812,0.9712022605209993,0.999750525241878,48,8.407931655574881,0.04255007010130248,0.009115936261356658,6,0.505509596242654,2000,PRUNED
202,0.03496726229786873,2026-05-20 18:27:34.484136,2026-05-20 18:27:34.822525,0 days 00:00:00.338389,0.9654201206341827,0.999283810484171,48,1.3207414463617162,1.1408712356676471,0.009944274665894117,6,0.4717371542274378,2000,PRUNED
203,0.11056514829397202,2026-05-20 18:27:34.828871,2026-05-20 18:27:35.116922,0 days 00:00:00.288051,0.958542577482124,0.9989399232576415,16,1.0023617059382972,1.8684159134914775,0.008454807003960119,6,0.49642565794897014,2000,PRUNED
204,0.024551773443818092,2026-05-20 18:27:35.123450,2026-05-20 18:27:35.464947,0 days 00:00:00.341497,0.9699620942877446,0.9988535325768629,48,1.18078928948483,1.4075881507501005,0.007719668066884533,6,0.5142916042690481,2000,PRUNED
205,0.2901109457015991,2026-05-20 18:27:35.473360,2026-05-20 18:27:35.674100,0 days 00:00:00.200740,0.9740576711334574,0.9998579393206727,48,1.4614129816590484,1.1607815470072052,0.006977175512400342,2,0.4792257461029714,2000,PRUNED
206,0.01838054694235325,2026-05-20 18:27:35.681869,2026-05-20 18:27:36.023877,0 days 00:00:00.342008,0.9316505084881713,0.9994936185647397,48,1.1054612584941186,2.106628265469966,0.00916474646753215,6,0.5290696430995153,2000,PRUNED
207,0.17755848169326782,2026-05-20 18:27:36.031639,2026-05-20 18:27:36.378943,0 days 00:00:00.347304,0.9658003019783963,0.9991629947248714,48,1.2607290609107182,0.9903985384735361,0.00047724703913167824,6,0.48574954688751953,2000,PRUNED
208,0.012357383035123348,2026-05-20 18:27:36.385194,2026-05-20 18:27:36.951796,0 days 00:00:00.566602,0.9598202596394565,0.9985914678338221,32,18.966420550717697,1.6547817915279042,0.008176800181635599,6,0.5239468574486511,2000,PRUNED
209,0.035732753574848175,2026-05-20 18:27:36.958115,2026-05-20 18:27:37.297004,0 days 00:00:00.338889,0.9635960606384194,0.9910353327848845,48,1.3611102889070688,0.7131419712142995,0.008902889579722406,6,0.5035389678094242,2000,PRUNED
210,0.051237523555755615,2026-05-20 18:27:37.303425,2026-05-20 18:27:37.643301,0 days 00:00:00.339876,0.9678990493105579,0.9998961193715996,48,1.6132535170441558,1.3519591629715995,0.009977553512340616,6,0.4669601963177241,2000,PRUNED
211,0.00611763633787632,2026-05-20 18:27:37.649596,2026-05-20 18:27:38.288375,0 days 00:00:00.638779,0.9642282020655084,0.9984859162567875,48,1.0887928645439862,0.8247862960504413,0.009032996032110151,6,0.4947065916173571,2000,PRUNED
212,0.03310886770486832,2026-05-20 18:27:38.297229,2026-05-20 18:27:38.639284,0 days 00:00:00.342055,0.9549614416801403,0.9931891457826653,48,57.28712530163681,1.042046722227836,0.007934694499222338,6,0.4972494344314674,2000,PRUNED
213,0.021949918940663338,2026-05-20 18:27:38.647818,2026-05-20 18:27:38.988517,0 days 00:00:00.340699,0.9717966433922047,0.9989380817912641,48,1.127465560712537,0.8163495136540136,0.00904827834595486,6,0.50705469572968,2000,PRUNED
214,0.01666552573442459,2026-05-20 18:27:38.995562,2026-05-20 18:27:39.334559,0 days 00:00:00.338997,0.9621245420708839,0.9983910663123323,48,1.2165224310251,0.9605211289034723,0.0070974361223439175,6,0.45950005052409343,2000,PRUNED
215,0.01740375906229019,2026-05-20 18:27:39.340887,2026-05-20 18:27:39.682953,0 days 00:00:00.342066,0.967197865799664,0.9987307714835366,48,1.0898479768332532,1.1982167966062938,0.008368359285172683,6,0.4846086310577131,2000,PRUNED
216,0.022864550352096558,2026-05-20 18:27:39.690994,2026-05-20 18:27:40.328722,0 days 00:00:00.637728,0.9643781282064658,0.9985916690482115,48,1.2985493006200255,0.704607529835042,0.007565378310989959,6,0.5148019297567868,2000,PRUNED
217,0.15183226764202118,2026-05-20 18:27:40.337700,2026-05-20 18:27:40.629048,0 days 00:00:00.291348,0.9755883043314966,0.9991855659226297,16,1.1852288914997633,1.445602249618726,0.0067031798046600505,6,0.47181256885164147,2000,PRUNED
218,0.047104254364967346,2026-05-20 18:27:40.636159,2026-05-20 18:27:40.979566,0 days 00:00:00.343407,0.9699093369866725,0.9983363534414633,48,1.5098695197673049,0.5344456510994322,0.009238640973760776,6,0.4215409826611562,2000,PRUNED
219,0.005356890149414539,2026-05-20 18:27:40.986817,2026-05-20 18:27:41.626437,0 days 00:00:00.639620,0.9199182906183555,0.9988750293716675,48,1.0959004829079526,0.8434435858095475,0.008213424092814964,6,0.49410759247685815,2000,PRUNED
220,0.013620227575302124,2026-05-20 18:27:41.633705,2026-05-20 18:27:42.143624,0 days 00:00:00.509919,0.9611985581865958,0.9995197635262252,32,1.3743661438207722,1.1480153101089305,0.009076498057142637,5,0.44894848118226793,2000,PRUNED
221,0.01705276407301426,2026-05-20 18:27:42.151078,2026-05-20 18:27:42.496531,0 days 00:00:00.345453,0.9596553298920182,0.9995794391491104,48,1.1732865627953375,1.7231927913818776,0.007150084515940859,6,0.4299633759520665,2000,PRUNED
222,0.04030795767903328,2026-05-20 18:27:42.503394,2026-05-20 18:27:42.846715,0 days 00:00:00.343321,0.9660653986922141,0.999636463759442,48,1.0055593824535853,1.6163428338084416,0.007335763663813985,6,0.4362686343546736,2000,PRUNED
223,0.019478561356663704,2026-05-20 18:27:42.856164,2026-05-20 18:27:43.199228,0 days 00:00:00.343064,0.9581213616172412,0.9954496623485731,48,1.2422407033693053,2.2996126929536755,0.0065421156844722335,6,0.4017204723993985,2000,PRUNED
224,0.018822574988007545,2026-05-20 18:27:43.207875,2026-05-20 18:27:43.549720,0 days 00:00:00.341845,0.9634452754254644,0.9993188182029197,48,1.1641379573420854,1.3748245890947177,0.008248766470233038,6,0.4675017255670062,2000,PRUNED
225,0.2872607111930847,2026-05-20 18:27:43.557628,2026-05-20 18:27:43.896873,0 days 00:00:00.339245,0.9677165981185721,0.998995520030882,48,1.28757238203006,0.990277116577572,0.002249868267597076,6,0.3830383970397507,2000,PRUNED
226,0.016730057075619698,2026-05-20 18:27:43.904846,2026-05-20 18:27:44.246116,0 days 00:00:00.341270,0.9612453659028184,0.9986895772129084,48,1.0800646260770326,1.5960331193661907,0.00764463966108484,6,0.6772750025986015,2000,PRUNED
227,0.0016639722744002938,2026-05-20 18:27:44.253918,2026-05-20 18:27:45.475541,0 days 00:00:01.221623,0.9144344655845417,0.9984809053195256,48,1.4127668068118144,1.294353371349123,0.009810858672849357,6,0.7905180708856923,2000,PRUNED
228,0.018365297466516495,2026-05-20 18:27:45.482589,2026-05-20 18:27:45.825245,0 days 00:00:00.342656,0.9710737748288186,0.9908167608051957,48,1.1811148747448363,0.9263313956079875,0.008450433065129624,6,0.48297288846387587,2000,PRUNED
229,0.027390863746404648,2026-05-20 18:27:45.834449,2026-05-20 18:27:46.177010,0 days 00:00:00.342561,0.9683593353701134,0.9991366714466071,48,1.076926787648278,0.19616485634045422,0.006765020310975503,6,0.5151281490950367,5000,PRUNED
230,0.40370121598243713,2026-05-20 18:27:46.184479,2026-05-20 18:27:46.638009,0 days 00:00:00.453530,0.9557606183385446,0.995071359709865,96,1.0049666486524922,0.3000283350590293,0.00997400309309126,6,0.4458638708837625,2000,PRUNED
231,0.023220963776111603,2026-05-20 18:27:46.645125,2026-05-20 18:27:46.985258,0 days 00:00:00.340133,0.9652953425033794,0.9974067587558239,48,1.2694992280901365,0.9890746313537073,0.00844304102871268,6,0.5956141585490705,2000,PRUNED
232,0.1985812485218048,2026-05-20 18:27:46.991835,2026-05-20 18:27:47.332753,0 days 00:00:00.340918,0.9691977504027484,0.9972255629512699,48,1.2606321070251933,0.8137313064507221,0.0017543889177439945,6,0.5884102298924623,2000,PRUNED
233,0.017622550949454308,2026-05-20 18:27:47.339336,2026-05-20 18:27:47.680399,0 days 00:00:00.341063,0.9727661178617858,0.9970996395476021,48,1.3691367485471906,1.1759071100945808,0.007684495242940671,6,0.500174667808381,2000,PRUNED
234,0.3371151387691498,2026-05-20 18:27:47.686826,2026-05-20 18:27:48.208579,0 days 00:00:00.521753,0.9640430602580983,0.9976302478727106,128,1.1823688714179204,0.709089905953879,0.008974993519288394,6,0.5244170688954182,2000,PRUNED
235,0.02576768770813942,2026-05-20 18:27:48.216408,2026-05-20 18:27:48.555609,0 days 00:00:00.339201,0.9690564067370019,0.9994270492766371,48,1.4778213649835776,1.7688983164209997,0.00828512866382683,6,0.764538982925567,2000,PRUNED
236,0.026487745344638824,2026-05-20 18:27:48.561934,2026-05-20 18:27:48.901682,0 days 00:00:00.339748,0.9733489570365564,0.9966416866046421,48,1.1496180678050767,1.0399164252302677,0.007085653383732025,6,0.6077336284784166,2000,PRUNED
237,0.051691971719264984,2026-05-20 18:27:48.908188,2026-05-20 18:27:49.246507,0 days 00:00:00.338319,0.9665853812485725,0.9905355135938773,48,1.2880699429683533,1.4238298664379294,0.009142045807398127,6,0.7292366069116113,2000,PRUNED
238,0.007158074527978897,2026-05-20 18:27:49.252714,2026-05-20 18:27:49.890665,0 days 00:00:00.637951,0.9603480718222794,0.9979102749270299,48,1.0872952372418547,0.6516854443730756,0.007830873519339875,6,0.6293394604944524,2000,PRUNED
239,0.027909571304917336,2026-05-20 18:27:49.897364,2026-05-20 18:27:50.236130,0 days 00:00:00.338766,0.9772565558890165,0.9987044551966807,48,1.525640679328059,0.8568608725535948,0.00877526178029107,6,0.5696776302440207,2000,PRUNED
240,0.15354713797569275,2026-05-20 18:27:50.244105,2026-05-20 18:27:50.534679,0 days 00:00:00.290574,0.9701326477425779,0.9983056920204081,16,1.2237418406398892,1.9269230800524304,0.007295966213450597,6,0.579002746334295,2000,PRUNED
241,0.026701057329773903,2026-05-20 18:27:50.543974,2026-05-20 18:27:50.899669,0 days 00:00:00.355695,0.90015546512292,0.9990436105291918,48,1.4015812431483154,1.0511847026744585,0.007761440865053635,6,0.4604439726922441,2000,PRUNED
242,0.004097713623195887,2026-05-20 18:27:50.908061,2026-05-20 18:27:51.546696,0 days 00:00:00.638635,0.9079991255091397,0.9992711053774156,48,1.6049721720844325,0.8952601816058564,0.009976206402856893,6,0.46344885879037556,2000,PRUNED
243,0.020003093406558037,2026-05-20 18:27:51.555270,2026-05-20 18:27:51.938798,0 days 00:00:00.383528,0.9177057411708797,0.9994489138090286,48,1.3413576531782574,1.2694714907202058,0.006291006654411115,6,0.47988003568228405,2000,PRUNED
244,0.2845717966556549,2026-05-20 18:27:51.946783,2026-05-20 18:27:52.312062,0 days 00:00:00.365279,0.8956500634210949,0.9992027345005103,48,1.1593939558455846,0.7638762626416816,0.0002446361566107307,6,0.4903175967688723,2000,PRUNED
245,0.0204959474503994,2026-05-20 18:27:52.320309,2026-05-20 18:27:52.667144,0 days 00:00:00.346835,0.8911889677812902,0.9998966866174678,48,1.4791253128049044,0.9497945863123819,0.007121601810998789,6,0.4317224471492306,2000,PRUNED
246,0.03750331699848175,2026-05-20 18:27:52.674440,2026-05-20 18:27:52.955116,0 days 00:00:00.280676,0.8975049834561208,0.9902423268500447,48,1.0707165660729956,1.1902717571840244,0.008456728630710385,4,0.451775406542393,2000,PRUNED
247,0.004772745072841644,2026-05-20 18:27:52.961786,2026-05-20 18:27:53.621696,0 days 00:00:00.659910,0.9053509658731522,0.9957120668092335,48,1.240501244060492,0.6095889089947051,0.009233188256027102,6,0.4720093346848799,2000,PRUNED
248,0.023994244635105133,2026-05-20 18:27:53.629471,2026-05-20 18:27:53.990557,0 days 00:00:00.361086,0.9657830416265077,0.9996192403202597,48,1.0087909083922582,1.5274213374782304,0.007980546210996418,6,0.4967331340886053,5000,PRUNED
249,0.028311865404248238,2026-05-20 18:27:53.996994,2026-05-20 18:27:54.635601,0 days 00:00:00.638607,0.9629625312023479,0.9916764621428428,48,1.354273822339697,0.8946644348052383,0.007428296949117409,6,0.5060601116763571,2000,PRUNED
250,0.06595505774021149,2026-05-20 18:27:54.642089,2026-05-20 18:27:54.945198,0 days 00:00:00.303109,0.9679264144707344,0.9988733334896285,48,1.7454345270954286,1.197266192587436,0.006314120244443469,5,0.6003494343596488,2000,PRUNED
251,0.04614400118589401,2026-05-20 18:27:54.951540,2026-05-20 18:27:55.584860,0 days 00:00:00.633320,0.9714182082599575,0.9985646895972574,48,1.1469989914390728,0.2467782972456325,0.008763049500976856,6,0.8969869530764264,2000,PRUNED
252,0.2408987432718277,2026-05-20 18:27:55.591627,2026-05-20 18:27:55.930586,0 days 00:00:00.338959,0.9626992948496769,0.9961098152129163,48,1.2208099289576493,1.1047694010812137,0.0007250940091102328,6,0.4843554137809867,2000,PRUNED
253,0.00612725829705596,2026-05-20 18:27:55.938145,2026-05-20 18:27:56.599115,0 days 00:00:00.660970,0.9118680175422836,0.9990846963268623,48,1.4663068443751153,0.7650988055037728,0.009243075431333191,6,0.5866618648602336,2000,PRUNED
254,0.026770437136292458,2026-05-20 18:27:56.607305,2026-05-20 18:27:56.995238,0 days 00:00:00.387933,0.9746024662435573,0.9940135868519345,48,1.3009486288393648,0.37508809153194594,0.0067611613657764585,6,0.4155853710656451,2000,PRUNED
255,0.022940972819924355,2026-05-20 18:27:57.002879,2026-05-20 18:27:57.388671,0 days 00:00:00.385792,0.9680194883680218,0.9988337265776983,48,1.0918534017175168,1.5604001768955043,0.007986232961672435,6,0.44244378819057567,2000,PRUNED
256,0.07566437870264053,2026-05-20 18:27:57.396141,2026-05-20 18:27:57.728884,0 days 00:00:00.332743,0.965802918263506,0.9993329210119053,16,1.0032975812360443,0.1285106171999347,0.008439091351780998,6,0.5117878471271744,2000,PRUNED
257,0.001315703266300261,2026-05-20 18:27:57.736736,2026-05-20 18:27:59.135471,0 days 00:00:01.398735,0.959824278495394,0.9981565283573354,48,1.1975795553307873,2.1137770278850923,0.007191247613237353,6,0.621674659492182,5000,PRUNED
258,0.027226079255342484,2026-05-20 18:27:59.145179,2026-05-20 18:27:59.580739,0 days 00:00:00.435560,0.9716973405280503,0.9964581972055364,64,1.398905862126825,0.5317528752419183,0.009251503564619032,6,0.46781843187614736,2000,PRUNED
259,0.00200633448548615,2026-05-20 18:27:59.588310,2026-05-20 18:28:00.637789,0 days 00:00:01.049479,0.9485957912041648,0.9996322754063329,48,1.6339037542445547,0.9605564157134526,0.009937807220359267,6,0.5263043109931514,2000,PRUNED
260,0.18752829730510712,2026-05-20 18:28:00.644666,2026-05-20 18:28:00.954372,0 days 00:00:00.309706,0.9803423643269961,0.9968744514473605,48,1.1374179153473645,0.6753008427327641,0.0077495522996171625,4,0.45656036017021956,1000,PRUNED
261,0.01647699438035488,2026-05-20 18:28:00.961549,2026-05-20 18:28:01.302644,0 days 00:00:00.341095,0.9409143504545848,0.9984357148918399,48,28.328883495883368,1.4603175502533359,0.008522040830724577,6,0.4980128185130588,2000,PRUNED
262,0.10975483059883118,2026-05-20 18:28:01.309220,2026-05-20 18:28:01.612111,0 days 00:00:00.302891,0.9644581629283487,0.9914232738405405,32,1.2782102256398198,1.275431593340985,0.006915034774806406,6,0.8205511902771843,2000,PRUNED
263,0.09863178431987762,2026-05-20 18:28:01.618829,2026-05-20 18:28:01.957623,0 days 00:00:00.338794,0.9693946099913683,0.9979914046417193,48,1.0961343911105819,1.8179815326365643,0.006149689124809393,6,0.47585071231104614,2000,PRUNED
264,0.025189341977238655,2026-05-20 18:28:01.966807,2026-05-20 18:28:02.352685,0 days 00:00:00.385878,0.9625271247422051,0.9986354931369342,48,1.332655886292645,1.0327715654981475,0.00999902186000726,6,0.7985566731679248,2000,PRUNED
265,0.015573261305689812,2026-05-20 18:28:02.360271,2026-05-20 18:28:03.047876,0 days 00:00:00.687605,0.9671642663266226,0.9976219473185959,48,1.4704511266697684,0.7829567961154149,0.007867664372066244,6,0.5478574580966225,2000,PRUNED
266,0.04946969449520111,2026-05-20 18:28:03.054827,2026-05-20 18:28:03.297908,0 days 00:00:00.243081,0.9738723298090447,0.9991091272155239,48,83.69376395104972,0.9174363713564502,0.008756366756795338,3,0.6109198776000485,5000,PRUNED
267,0.07429362833499908,2026-05-20 18:28:03.304668,2026-05-20 18:28:03.596403,0 days 00:00:00.291735,0.9565410536433203,0.9973103277107589,16,1.1931804011491125,1.2938873993780593,0.007520114205740663,6,0.4886882579706809,4000,PRUNED
268,0.02410595677793026,2026-05-20 18:28:03.602923,2026-05-20 18:28:04.033777,0 days 00:00:00.430854,0.9224216686717168,0.9988124909087213,80,1.085963996905405,0.1723561459612532,0.00915749630547911,6,0.640823926932134,2000,PRUNED
269,0.023150291293859482,2026-05-20 18:28:04.041387,2026-05-20 18:28:04.387503,0 days 00:00:00.346116,0.9355188025042217,0.9983114439958056,48,1.588208018176603,0.3117250564880186,0.008104307716758527,6,0.5118948122687349,2000,PRUNED
270,0.007440696936100721,2026-05-20 18:28:04.395470,2026-05-20 18:28:05.040345,0 days 00:00:00.644875,0.9595331816744023,0.992264488797088,48,1.2905044741900098,0.21872426044079674,0.006693121971357206,6,0.5970597402231869,2000,PRUNED
271,0.07463438808917999,2026-05-20 18:28:05.048024,2026-05-20 18:28:05.392644,0 days 00:00:00.344620,0.9533062765685447,0.9994552752206267,48,1.0000403892178062,0.4831465106917539,0.005642400575607138,6,0.47547286619969364,2000,PRUNED
272,0.06558514386415482,2026-05-20 18:28:05.399069,2026-05-20 18:28:05.705160,0 days 00:00:00.306091,0.9705352116252147,0.9989823838077854,32,1.1781474084264218,2.4331227924933896,0.008667692579057178,6,0.5343031081997913,2000,PRUNED
273,0.020258162170648575,2026-05-20 18:28:05.712009,2026-05-20 18:28:06.098543,0 days 00:00:00.386534,0.903811782742946,0.9991999780157514,48,1.4209309479026988,1.0795801184458922,0.007021022279953152,6,0.4910836948329206,2000,PRUNED
274,0.01798217184841633,2026-05-20 18:28:06.105786,2026-05-20 18:28:06.460749,0 days 00:00:00.354963,0.9654823840459215,0.997844079224413,48,1.7927913969444174,0.6158097686744607,0.009074124178092438,6,0.8581189774497109,2000,PRUNED
