number,value,datetime_start,datetime_complete,duration,params_adam_beta1,params_adam_beta2,params_hidden,params_lambda_ic,params_lambda_phys,params_lr,params_n_layers,params_scheduler_gamma,params_scheduler_step,state
92,0.03075508400797844,2026-05-18 07:18:19.505800,2026-05-18 07:18:20.832922,0 days 00:00:01.327122,0.858727819109405,0.9974370497223568,64,15.298762510660675,0.3208021876280322,0.00231410586114534,6,0.4086852724903536,4000,PRUNED
93,0.08721382170915604,2026-05-18 07:18:20.842298,2026-05-18 07:18:21.204372,0 days 00:00:00.362074,0.8707999198690345,0.9986603015678456,64,18.3454673677125,0.6677029104424806,0.0028695027774671865,6,0.49104992966838423,4000,PRUNED
94,0.08589315414428711,2026-05-18 07:18:21.212204,2026-05-18 07:18:21.531001,0 days 00:00:00.318797,0.8628898531704199,0.9979037647832116,80,22.123891967482564,0.21605499444578447,0.001795366377195943,6,0.44500945877044473,4000,PRUNED
95,0.08487244695425034,2026-05-18 07:18:21.537416,2026-05-18 07:18:21.848533,0 days 00:00:00.311117,0.8788508686791496,0.9997227916579223,64,20.579660647125053,0.12152495298586265,0.0042662908742097366,6,0.34036863225171704,4000,PRUNED
96,0.08907487988471985,2026-05-18 07:18:21.854540,2026-05-18 07:18:22.164974,0 days 00:00:00.310434,0.8856268651332834,0.999324789321698,48,10.565856112211415,1.1761127117500976,0.0025430337312827714,6,0.46062725215812744,3000,PRUNED
97,0.08629569411277771,2026-05-18 07:18:22.171620,2026-05-18 07:18:22.483828,0 days 00:00:00.312208,0.8534835037304348,0.9983484115342078,64,12.615820843794122,0.039420901134666786,0.0010401644783159622,6,0.41839364911716415,4000,PRUNED
98,0.08545476943254471,2026-05-18 07:18:22.489864,2026-05-18 07:18:22.826652,0 days 00:00:00.336788,0.9451526451162187,0.9989889950447917,80,7.2952890040872616,0.4185757618765835,0.0014106795513721048,6,0.5087951291685895,3000,PRUNED
99,0.08413807302713394,2026-05-18 07:18:22.832799,2026-05-18 07:18:23.156379,0 days 00:00:00.323580,0.8676577263673769,0.9977904785133191,64,3.681665454372572,0.08821672545765419,0.005070145806954302,6,0.6267833626273598,2000,PRUNED
100,0.09365864843130112,2026-05-18 07:18:23.164753,2026-05-18 07:18:23.477778,0 days 00:00:00.313025,0.8887955986357081,0.998709055354363,48,17.20994526034685,0.16276049342341867,0.0031609616377899353,6,0.377292890786744,3000,PRUNED
101,0.058447811752557755,2026-05-18 07:18:23.483985,2026-05-18 07:18:24.894082,0 days 00:00:01.410097,0.857738784580845,0.998007709695329,64,15.949172946102994,0.26687897191807475,0.0027241784577508726,6,0.4231281827466732,4000,PRUNED
102,0.08493256568908691,2026-05-18 07:18:24.900366,2026-05-18 07:18:25.222519,0 days 00:00:00.322153,0.8672583506455042,0.9984890868007328,64,1.040414323244265,0.3604725522959124,0.0035190323909087156,6,0.4006062640672731,4000,PRUNED
103,0.08534599840641022,2026-05-18 07:18:25.229010,2026-05-18 07:18:25.548521,0 days 00:00:00.319511,0.8621619429589215,0.999111201378155,64,19.62674825715516,0.25466499273185267,0.0039022036084046773,6,0.42413692854045243,5000,PRUNED
104,0.08698468655347824,2026-05-18 07:18:25.557243,2026-05-18 07:18:25.873542,0 days 00:00:00.316299,0.8701024114001628,0.9980969208169213,64,14.728961706487821,0.4621908740128388,0.0019416187986398329,6,0.481293294974259,4000,PRUNED
105,0.0005595238762907684,2026-05-18 07:18:25.881679,2026-05-18 07:18:37.143074,0 days 00:00:11.261395,0.8650773446787988,0.9994709363016703,64,9.768914987158452,0.23695785610448475,0.006111916452689829,6,0.3191179379961918,4000,COMPLETE
106,0.07075729966163635,2026-05-18 07:18:37.155034,2026-05-18 07:18:37.748782,0 days 00:00:00.593748,0.8642865726579878,0.9997177451865688,64,9.741790728443346,0.10463915612216554,0.006990947561491034,6,0.3014190072792695,2000,PRUNED
107,0.08950620889663696,2026-05-18 07:18:37.757514,2026-05-18 07:18:38.126585,0 days 00:00:00.369071,0.8527348688296978,0.9993580611308527,80,11.792863774048936,0.3115237588786289,0.006135884745706858,6,0.3300189420034312,3000,PRUNED
108,0.08699413388967514,2026-05-18 07:18:38.133428,2026-05-18 07:18:38.461685,0 days 00:00:00.328257,0.8572526232563608,0.9988203974442005,64,8.285251533097581,0.7577650079409998,0.008031331806808092,6,0.387192436473795,4000,PRUNED
109,0.0849810317158699,2026-05-18 07:18:38.467779,2026-05-18 07:18:38.786698,0 days 00:00:00.318919,0.8760028638290552,0.9995074038558491,48,23.64153794117093,0.18674539514766478,0.00485380475188785,6,0.3168241474539548,2000,PRUNED
110,0.08816844969987869,2026-05-18 07:18:38.792949,2026-05-18 07:18:39.079676,0 days 00:00:00.286727,0.8599092203037991,0.9992314034378947,64,12.771094748421216,1.5918404749119686,0.0044374330776900325,5,0.3603587947565912,3000,PRUNED
111,0.08491732180118561,2026-05-18 07:18:39.085777,2026-05-18 07:18:39.399936,0 days 00:00:00.314159,0.8667729448660827,0.9981564780321612,64,16.69724836414354,0.2509815021772748,0.0028162365793173607,6,0.43367163130649033,4000,PRUNED
112,0.0006104122730903327,2026-05-18 07:18:39.406265,2026-05-18 07:18:51.971648,0 days 00:00:12.565383,0.8501670634326457,0.9998722130596478,64,11.191719897873128,0.5804893151082613,0.005373319882390045,6,0.45016404584639413,4000,COMPLETE
113,0.08601690828800201,2026-05-18 07:18:51.980601,2026-05-18 07:18:52.341357,0 days 00:00:00.360756,0.8531146600206296,0.9998402369697468,64,14.078338325553602,0.5711347596738147,0.005764089716697989,6,0.44626145440852905,4000,PRUNED
114,0.0865246057510376,2026-05-18 07:18:52.350691,2026-05-18 07:18:52.672193,0 days 00:00:00.321502,0.856712153850216,0.9995091664360862,64,10.294069254825272,0.00393867252710959,0.004001683578657095,6,0.3460990794049729,4000,PRUNED
115,0.0005049057072028518,2026-05-18 07:18:52.680053,2026-05-18 07:19:05.227174,0 days 00:00:12.547121,0.8500698131958617,0.9989410191541387,64,32.34091014338339,1.0434230107627769,0.00533082810492084,6,0.45990603555459736,4000,COMPLETE
116,0.08649320155382156,2026-05-18 07:19:05.239821,2026-05-18 07:19:05.603457,0 days 00:00:00.363636,0.8508610798175712,0.9990093475251547,80,32.488326011156104,0.9914827744895643,0.006484966241699891,6,0.4679739097185644,3000,PRUNED
117,0.0844033807516098,2026-05-18 07:19:05.612707,2026-05-18 07:19:05.962616,0 days 00:00:00.349909,0.8543575286430661,0.9954924164692218,64,6.981686982503429,2.4146204583033954,0.0051222370280375115,6,0.5349459819212015,5000,PRUNED
118,0.08662047982215881,2026-05-18 07:19:05.968509,2026-05-18 07:19:06.275676,0 days 00:00:00.307167,0.8614434349648913,0.999589731730725,48,9.483697811304749,0.6206798134055646,0.005431068098088694,6,0.6076084241329148,3000,PRUNED
119,0.08419118076562881,2026-05-18 07:19:06.281713,2026-05-18 07:19:06.593669,0 days 00:00:00.311956,0.9252230712101345,0.9992732667529766,64,26.70918918034999,1.0691776919642224,0.009484565046407841,6,0.5054931316319693,2000,PRUNED
120,0.08795278519392014,2026-05-18 07:19:06.599773,2026-05-18 07:19:06.915093,0 days 00:00:00.315320,0.859214529187498,0.9987716428906874,64,7.70408133299471,0.4822741131264068,0.00768111690165836,6,0.4512335377885328,4000,PRUNED
121,0.08328524231910706,2026-05-18 07:19:06.921203,2026-05-18 07:19:07.235603,0 days 00:00:00.314400,0.8503341414262973,0.9998914846612558,64,11.048832951931681,0.3653090072536114,0.004546949698251321,6,0.4750080586975262,4000,PRUNED
122,0.094973124563694,2026-05-18 07:19:07.241784,2026-05-18 07:19:07.561043,0 days 00:00:00.319259,0.8557872207064067,0.9985215516943398,64,34.80092700718556,0.22401699731081193,0.0030336446179165225,6,0.4626725567984697,4000,PRUNED
123,0.09521586447954178,2026-05-18 07:19:07.567297,2026-05-18 07:19:07.929068,0 days 00:00:00.361771,0.908086501018823,0.999158899937575,64,27.545425952189426,0.3301345872191522,0.0034341941529616765,6,0.49771591072863824,4000,PRUNED
124,0.0005559957353398204,2026-05-18 07:19:07.939128,2026-05-18 07:19:19.479302,0 days 00:00:11.540174,0.8643725097539863,0.993195425142995,64,24.242525995348778,0.7619477113105799,0.006713564678403818,6,0.4109064924219174,4000,COMPLETE
125,0.0005191739182919264,2026-05-18 07:19:19.488585,2026-05-18 07:19:31.567082,0 days 00:00:12.078497,0.8639420511548194,0.9915405691302166,64,24.219939743045735,0.7636125520428241,0.005894776151440727,6,0.5648147823006596,4000,COMPLETE
126,0.0009161247289739549,2026-05-18 07:19:31.575691,2026-05-18 07:19:44.208942,0 days 00:00:12.633251,0.8620509831635061,0.9912718705876277,64,24.11454235342395,1.4224853021315627,0.0067836849675257625,6,0.5776489001866285,4000,COMPLETE
127,0.08503757417201996,2026-05-18 07:19:44.216899,2026-05-18 07:19:44.580605,0 days 00:00:00.363706,0.8630166326956669,0.9913426668527883,80,24.032764367716958,1.8999940425723874,0.007075694197293563,6,0.5769701048302235,4000,PRUNED
128,0.0009246694389730692,2026-05-18 07:19:44.587754,2026-05-18 07:19:56.395813,0 days 00:00:11.808059,0.8652030097367299,0.9908992560289664,64,40.024768228885904,0.8861396971336806,0.008420276461854314,6,0.5934454696352003,4000,COMPLETE
129,0.000759607064537704,2026-05-18 07:19:56.404413,2026-05-18 07:20:08.560349,0 days 00:00:12.155936,0.8724666357976234,0.9909855007455417,48,40.27114977583055,1.4220800559507092,0.008546259205029536,6,0.5885892512233715,4000,COMPLETE
130,0.015238805674016476,2026-05-18 07:20:08.568285,2026-05-18 07:20:10.179983,0 days 00:00:01.611698,0.8709707504998399,0.9917126924635128,32,59.82734806284513,1.4918389417174034,0.00647766960185744,6,0.550095862782204,4000,PRUNED
131,0.09409210830926895,2026-05-18 07:20:10.188410,2026-05-18 07:20:10.547136,0 days 00:00:00.358726,0.8735223927741264,0.9906727657541942,48,39.02622581680186,1.2930665236842724,0.008800626907911821,6,0.5625902962137681,4000,PRUNED
132,0.0005694123101420701,2026-05-18 07:20:10.556756,2026-05-18 07:20:23.243127,0 days 00:00:12.686371,0.8651218647528284,0.9910121204871055,64,49.54196624841976,0.9080133219819371,0.00828351952313133,6,0.5896944976512808,4000,COMPLETE
133,0.013113046996295452,2026-05-18 07:20:23.250935,2026-05-18 07:20:24.899420,0 days 00:00:01.648485,0.8638986272053979,0.9915646798213806,64,49.32590818780374,1.011448465249173,0.006095328102921835,6,0.6137041656474067,4000,PRUNED
134,0.14883901178836823,2026-05-18 07:20:24.905789,2026-05-18 07:20:25.258742,0 days 00:00:00.352953,0.8577365218403203,0.9904217913816057,32,32.56164593298111,0.6389903863907643,0.007561994007494013,6,0.5840708893975446,4000,PRUNED
135,0.12730780243873596,2026-05-18 07:20:25.266719,2026-05-18 07:20:25.589768,0 days 00:00:00.323049,0.8502168617334496,0.9910273144298621,48,45.07585799959303,0.6971130435347376,0.009530078972263278,6,0.6183940720591126,4000,PRUNED
136,0.08521176874637604,2026-05-18 07:20:25.595987,2026-05-18 07:20:25.918627,0 days 00:00:00.322640,0.8538677761788183,0.9912707418284592,64,1.8217705959548542,1.2153152346030174,0.0068496299007564125,6,0.6511959404375376,4000,PRUNED
137,0.0007249517366290092,2026-05-18 07:20:25.924563,2026-05-18 07:20:38.199719,0 days 00:00:12.275156,0.865483309458114,0.9920478115556451,64,36.29854124377411,0.8324271545815486,0.005713870858297928,6,0.5669017359934609,4000,COMPLETE
138,0.08838370442390442,2026-05-18 07:20:38.207839,2026-05-18 07:20:38.562855,0 days 00:00:00.355016,0.879285783991628,0.9919865815185551,48,54.13322255634504,0.7744867920321675,0.00788469438591521,6,0.5648973897170151,4000,PRUNED
139,0.08962983638048172,2026-05-18 07:20:38.570549,2026-05-18 07:20:38.811543,0 days 00:00:00.240994,0.8718336410411843,0.9925085312717388,80,34.75630163778297,2.466527013343665,0.005535880180904751,3,0.5721849330800148,4000,PRUNED
140,0.08817209303379059,2026-05-18 07:20:38.817959,2026-05-18 07:20:39.079790,0 days 00:00:00.261831,0.8654044939886146,0.9921309080779858,64,65.2312683355218,1.6765077214293342,0.0059345573162534445,4,0.5408417467120177,4000,PRUNED
141,0.013135052286088467,2026-05-18 07:20:39.086014,2026-05-18 07:20:40.500799,0 days 00:00:01.414785,0.8609737343678923,0.9914926234974377,64,30.14459822062603,0.8189249821471996,0.0068553926550581025,6,0.5991665469697458,4000,PRUNED
142,0.0005201489548198879,2026-05-18 07:20:40.507098,2026-05-18 07:20:51.651007,0 days 00:00:11.143909,0.8676099166401037,0.9909743591629504,64,27.62715968069159,1.059355795402751,0.005233839036612821,6,0.6292535719020999,4000,COMPLETE
143,0.08753810077905655,2026-05-18 07:20:51.659459,2026-05-18 07:20:51.975143,0 days 00:00:00.315684,0.8672066113817929,0.991071477142681,64,27.86645245141821,1.3322854260435757,0.005229652022096736,6,0.6333590387263165,4000,PRUNED
144,0.011224321089684963,2026-05-18 07:20:51.981848,2026-05-18 07:20:53.390280,0 days 00:00:01.408432,0.8691707938410745,0.9907166046411736,64,41.164682841723035,0.541380565190855,0.006157265636498328,6,0.5523970503231905,4000,PRUNED
145,0.08932735025882721,2026-05-18 07:20:53.397174,2026-05-18 07:20:53.713805,0 days 00:00:00.316631,0.8744969069837087,0.9901096143842449,64,35.93561402158335,1.0826715353189018,0.00911142191005334,6,0.6025504761311954,4000,PRUNED
146,0.09106793254613876,2026-05-18 07:20:53.720616,2026-05-18 07:20:54.037229,0 days 00:00:00.316613,0.8620194200472754,0.9905014461623121,64,25.13123606026177,0.9020798040530124,0.004728317367275272,6,0.5813228248108258,4000,PRUNED
147,0.0009053568355739117,2026-05-18 07:20:54.044293,2026-05-18 07:21:04.937257,0 days 00:00:10.892964,0.8593523191879285,0.9922246802693945,64,22.296169856175418,1.9415439993371404,0.007444032598604611,6,0.6412693146711737,4000,COMPLETE
148,0.08402388542890549,2026-05-18 07:21:04.946123,2026-05-18 07:21:05.263861,0 days 00:00:00.317738,0.8584705273718378,0.9922902028484558,64,8.502534305156596,2.067330008167604,0.008326119955297764,6,0.6413368674984664,4000,PRUNED
149,0.08640358597040176,2026-05-18 07:21:05.271054,2026-05-18 07:21:05.590174,0 days 00:00:00.319120,0.8689928104219368,0.9930347687173167,48,20.682165258592267,0.515429407406968,0.0004108000934575755,6,0.6839146870952657,4000,PRUNED
150,0.000997892813757062,2026-05-18 07:21:05.597419,2026-05-18 07:21:17.734722,0 days 00:00:12.137303,0.8644455736051799,0.9916330287822138,64,46.758660299503035,0.657025253643276,0.007379252140112509,6,0.66766335695296,4000,COMPLETE
151,0.0018751277821138501,2026-05-18 07:21:17.742309,2026-05-18 07:21:30.033969,0 days 00:00:12.291660,0.8598484557133033,0.9928642916582835,64,22.02565556035451,1.752397793370645,0.006485847476314287,6,0.5895227579422901,4000,COMPLETE
152,0.0011927502928301692,2026-05-18 07:21:30.042037,2026-05-18 07:21:42.142269,0 days 00:00:12.100232,0.8633400909518122,0.9909506910086661,64,29.921454754532892,1.3822883343560597,0.005653261773733693,6,0.5317250886289966,4000,COMPLETE
153,0.0511162243783474,2026-05-18 07:21:42.151364,2026-05-18 07:21:42.742007,0 days 00:00:00.590643,0.8566743495796844,0.991153489419556,64,25.597233554834887,1.0997631789840576,0.0070276593287867785,6,0.6288841143811095,4000,PRUNED
154,0.08654456585645676,2026-05-18 07:21:42.750509,2026-05-18 07:21:43.076945,0 days 00:00:00.326436,0.8660833408455668,0.991809892431631,64,38.099674016092166,0.0012206849503716432,0.00010647217399809667,6,0.6645107461376666,4000,PRUNED
155,0.08978386968374252,2026-05-18 07:21:43.084957,2026-05-18 07:21:43.400963,0 days 00:00:00.316006,0.8723892228875033,0.9914385121857142,64,31.064908489829683,0.7455522117929142,0.005031223540744021,6,0.5570362335548719,4000,PRUNED
156,0.0014134261291474104,2026-05-18 07:21:43.407491,2026-05-18 07:21:55.243975,0 days 00:00:11.836484,0.8548642723783864,0.9934985822412087,64,23.79135046438007,0.4156066070940883,0.004253509362926325,6,0.5890939628550983,4000,COMPLETE
157,0.011746576055884361,2026-05-18 07:21:55.251572,2026-05-18 07:21:56.755582,0 days 00:00:01.504010,0.8603638384993875,0.9908181671548777,64,27.709619499799192,1.012102950872411,0.0059269477030272095,6,0.5686534978387721,4000,PRUNED
158,0.0887458547949791,2026-05-18 07:21:56.764982,2026-05-18 07:21:57.132666,0 days 00:00:00.367684,0.8695520868930684,0.9922185370920039,80,5.9842187953120485,2.6223571634679828,0.007964817156950695,6,0.6470465527997222,4000,PRUNED
159,0.08403333276510239,2026-05-18 07:21:57.141731,2026-05-18 07:21:57.466592,0 days 00:00:00.324861,0.8628230606261306,0.9913030104429728,64,8.260317590359378,1.593624402959305,0.004844307868649754,6,0.5210779501732982,4000,PRUNED
160,0.08436571806669235,2026-05-18 07:21:57.473181,2026-05-18 07:21:57.790502,0 days 00:00:00.317321,0.8582216982405739,0.9917573111353866,64,9.621724219662694,1.3033650015764138,0.006566517865331008,6,0.3149924728026546,4000,PRUNED
161,0.0005790446884930134,2026-05-18 07:21:57.797384,2026-05-18 07:22:09.189126,0 days 00:00:11.391742,0.8532283022831717,0.9919759040736637,64,22.551785677258177,0.8177697648708867,0.005531284233062324,6,0.608960387293048,4000,COMPLETE
162,0.0006334854406304657,2026-05-18 07:22:09.199309,2026-05-18 07:22:21.190349,0 days 00:00:11.991040,0.8531945294383892,0.9905398355419625,64,21.95485014288885,0.8420097744886957,0.005604628433893149,6,0.6138641929241029,4000,COMPLETE
163,0.0005704702343791723,2026-05-18 07:22:21.200794,2026-05-18 07:22:33.969730,0 days 00:00:12.768936,0.8527207612754849,0.9905280208609636,64,20.63147645540142,0.5800424817695776,0.004441173914243536,6,0.6130958833201797,4000,COMPLETE
164,0.08529898524284363,2026-05-18 07:22:33.978777,2026-05-18 07:22:34.342232,0 days 00:00:00.363455,0.8527558197414133,0.9901886915627767,64,19.595359359000458,0.783435730809009,0.0054345588660925336,6,0.6360004187857702,4000,PRUNED
165,0.08356118202209473,2026-05-18 07:22:34.350887,2026-05-18 07:22:34.976917,0 days 00:00:00.626030,0.8535155682625891,0.99050406920531,64,21.725010715889855,0.5955921746101476,0.009981935271441127,6,0.6220623025427218,4000,PRUNED
166,0.009510163217782974,2026-05-18 07:22:34.983163,2026-05-18 07:22:37.175461,0 days 00:00:02.192298,0.8502966943308738,0.9906428706420635,64,26.782354694016504,0.48385405847122376,0.0045524793450961686,6,0.6118200246121958,4000,PRUNED
167,0.0004140879609622061,2026-05-18 07:22:37.185192,2026-05-18 07:22:49.887156,0 days 00:00:12.701964,0.8556701764487014,0.9919732014263855,64,22.522271465414196,0.9275883304084024,0.00516007913554494,6,0.6044280217461775,4000,COMPLETE
168,0.04790671169757843,2026-05-18 07:22:49.899715,2026-05-18 07:22:50.575826,0 days 00:00:00.676111,0.8561548373603155,0.9903095905316032,48,32.42476566636728,0.8809247932747919,0.004163643288883217,6,0.6203530596073776,4000,PRUNED
169,0.0006331102340482175,2026-05-18 07:22:50.582973,2026-05-18 07:23:03.369360,0 days 00:00:12.786387,0.8546293803109176,0.9909035552326168,64,18.954215690515923,0.6589093218315535,0.004961388279007326,6,0.6032947255384378,4000,COMPLETE
170,0.0013956489274278283,2026-05-18 07:23:03.379632,2026-05-18 07:23:16.133864,0 days 00:00:12.754232,0.852981420558323,0.9919936816517595,64,18.916971130154774,0.9791142612948202,0.005171983262259287,6,0.6055292864945678,4000,COMPLETE
171,0.08578572422266006,2026-05-18 07:23:16.144486,2026-05-18 07:23:16.515140,0 days 00:00:00.370654,0.8556125708007806,0.9907357232516822,64,20.80674086343804,0.6877483427295683,0.0005213338220795464,6,0.6011070554436546,4000,PRUNED
172,0.0006710217567160726,2026-05-18 07:23:16.522901,2026-05-18 07:23:28.446342,0 days 00:00:11.923441,0.8502593994443742,0.990909012832371,64,24.51500932871199,0.5743357652818748,0.005878741705394713,6,0.5994549418454628,4000,COMPLETE
173,0.0003673648170661181,2026-05-18 07:23:28.455770,2026-05-18 07:23:41.113839,0 days 00:00:12.658069,0.8523421604628179,0.9909369184193377,64,24.600382275247032,0.7712536678452636,0.005877473914827615,6,0.5946356479214111,4000,COMPLETE
174,0.0008416347554884851,2026-05-18 07:23:41.126589,2026-05-18 07:23:52.438430,0 days 00:00:11.311841,0.8520330947672083,0.9900133024354818,64,24.15181362052118,0.612316885890985,0.00581838880033877,6,0.6249102239356856,4000,COMPLETE
175,0.0007816452998667955,2026-05-18 07:23:52.447740,2026-05-18 07:24:05.091042,0 days 00:00:12.643302,0.8539611372426291,0.9911318769580483,64,25.45990174094912,0.7943512911290391,0.004810666362567145,6,0.6142199762131048,4000,COMPLETE
176,0.0019297122489660978,2026-05-18 07:24:05.099819,2026-05-18 07:24:17.437023,0 days 00:00:12.337204,0.8511056135032385,0.9908491198903662,64,22.362060959458223,0.43313583007883344,0.005292904939169338,6,0.5967489683175232,4000,COMPLETE
177,0.012335170060396194,2026-05-18 07:24:17.446315,2026-05-18 07:24:19.093861,0 days 00:00:01.647546,0.8564494450016064,0.9905818334836392,64,29.212098190508478,0.7326183415475065,0.006060488016984963,6,0.6109646608992165,4000,PRUNED
178,0.04300488159060478,2026-05-18 07:24:19.101819,2026-05-18 07:24:19.779790,0 days 00:00:00.677971,0.8501973785576302,0.9914246116019672,64,19.52953414954251,0.5514727440619327,0.004401929177409955,6,0.5973237628631725,4000,PRUNED
179,0.08596771955490112,2026-05-18 07:24:19.786848,2026-05-18 07:24:19.997989,0 days 00:00:00.211141,0.856254633337165,0.9903311181409187,64,17.905183660128657,1.145752500325759,0.0055750830087586065,2,0.748281055810658,4000,PRUNED
180,0.09235785901546478,2026-05-18 07:24:20.004036,2026-05-18 07:24:20.321610,0 days 00:00:00.317574,0.8532796650908174,0.9909438008643504,64,27.35472729606565,0.8710748307804785,0.004923465480307916,6,0.5834820189408992,4000,PRUNED
181,0.0008060847758315504,2026-05-18 07:24:20.327823,2026-05-18 07:24:32.381535,0 days 00:00:12.053712,0.8500070072785304,0.9911674062509367,64,23.270741493149725,0.9344812421769895,0.00625462004406259,6,0.5865690658210879,4000,COMPLETE
182,0.10394212603569031,2026-05-18 07:24:32.391018,2026-05-18 07:24:32.724826,0 days 00:00:00.333808,0.8589979422699403,0.9908324468497026,64,43.58241510000192,0.6765532299887886,0.003929042867229366,6,0.5743982577214867,4000,PRUNED
183,0.01793673262000084,2026-05-18 07:24:32.731522,2026-05-18 07:24:34.160840,0 days 00:00:01.429318,0.8539529484370165,0.9909843265970005,64,35.92504318291419,1.1419797582124265,0.005668131733502536,6,0.6279486579552506,4000,PRUNED
