number,value,datetime_start,datetime_complete,duration,params_adam_beta1,params_adam_beta2,params_hidden,params_lambda_ic,params_lambda_phys,params_lr,params_n_layers,params_scheduler_gamma,params_scheduler_step,state
277,0.08375892788171768,2026-05-20 18:26:10.337094,2026-05-20 18:26:11.128761,0 days 00:00:00.791667,0.8713304085114713,0.9923642780529353,64,24.117049307737098,0.0737649775616086,0.008041488380423229,6,0.629118430129254,4000,PRUNED
278,0.08835910260677338,2026-05-20 18:26:11.136029,2026-05-20 18:26:11.601480,0 days 00:00:00.465451,0.8550469843958879,0.991656186534191,80,20.327368153008365,1.2049813675393213,0.006073571592573631,6,0.43263908007130514,4000,PRUNED
279,0.10858936607837677,2026-05-20 18:26:11.607822,2026-05-20 18:26:12.041998,0 days 00:00:00.434176,0.8625008686597618,0.9909661001885715,64,37.930446716506836,0.7115437504050622,0.005256127079459055,6,0.5863457281741444,3000,PRUNED
280,0.1067771464586258,2026-05-20 18:26:12.048325,2026-05-20 18:26:12.475416,0 days 00:00:00.427091,0.8527574723523282,0.9906068492193084,64,26.033977466179905,0.5638019556990419,0.007559012410508363,6,0.5415318190325973,4000,PRUNED
281,0.08372952044010162,2026-05-20 18:26:12.482751,2026-05-20 18:26:12.914644,0 days 00:00:00.431893,0.8578355061194359,0.9964513260516891,64,7.734077265941011,0.8880720544242448,0.004326539380746793,6,0.6367244849180589,4000,PRUNED
282,0.10869034379720688,2026-05-20 18:26:12.922828,2026-05-20 18:26:13.302098,0 days 00:00:00.379270,0.8668078919750011,0.992583869275271,48,56.694546485072586,1.1219721355261774,0.005703858810488816,6,0.6034619742407485,4000,PRUNED
283,0.09233103692531586,2026-05-20 18:26:13.308646,2026-05-20 18:26:13.596070,0 days 00:00:00.287424,0.8549161106677505,0.9912890192283854,64,31.132655480060112,0.6429310824411442,0.006275295555280758,3,0.6180219218672915,4000,PRUNED
284,0.08269959688186646,2026-05-20 18:26:13.606895,2026-05-20 18:26:14.042578,0 days 00:00:00.435683,0.8603046661489329,0.9903968418635569,64,42.93950103286756,1.5767426421157358,0.009245454405358372,6,0.5733014490091278,3000,PRUNED
285,0.11171235144138336,2026-05-20 18:26:14.049516,2026-05-20 18:26:14.479083,0 days 00:00:00.429567,0.8501644604121591,0.9907917456605564,64,34.33640812468299,0.41380279214479776,0.004698437702859037,6,0.5906962750651146,4000,PRUNED
286,0.10696682333946228,2026-05-20 18:26:14.486424,2026-05-20 18:26:14.894598,0 days 00:00:00.408174,0.8569522878822857,0.9991208803560075,64,22.818770702794534,0.8133619332750898,0.0071082230781393295,6,0.6020846220717172,4000,PRUNED
287,0.10616100579500198,2026-05-20 18:26:14.903847,2026-05-20 18:26:15.338342,0 days 00:00:00.434495,0.864681465538984,0.9910977675300309,64,28.534527823395145,0.9574078602648954,0.005244597753363233,6,0.6460511478231659,4000,PRUNED
288,0.1008373275399208,2026-05-20 18:26:15.347537,2026-05-20 18:26:15.773900,0 days 00:00:00.426363,0.8692671657138761,0.9914574487218253,64,10.730256406952396,0.5004010486765827,0.003886090388357368,6,0.7244947756262115,5000,PRUNED
289,0.09563448280096054,2026-05-20 18:26:15.780851,2026-05-20 18:26:16.211157,0 days 00:00:00.430306,0.8534455319165489,0.9901914583306606,64,17.802173073480976,0.7127173701931168,0.0066993526630540045,6,0.6127124962975241,4000,PRUNED
290,0.15445785224437714,2026-05-20 18:26:16.218235,2026-05-20 18:26:16.648494,0 days 00:00:00.430259,0.8522529973350494,0.9921167862192155,64,84.2145219661639,0.002527834751755912,0.004835750103986066,6,0.32972453955780373,4000,PRUNED
291,0.10672371089458466,2026-05-20 18:26:16.655256,2026-05-20 18:26:17.080786,0 days 00:00:00.425530,0.8747309250467096,0.9906709180887314,64,24.50408557030195,0.30202670198750786,0.005753955173170402,6,0.44404705016594886,4000,PRUNED
292,0.10220396518707275,2026-05-20 18:26:17.087892,2026-05-20 18:26:17.519422,0 days 00:00:00.431530,0.8625489269048836,0.9909256651082622,64,19.65359095630071,1.0839740127435478,0.004305827495203931,6,0.5586067574860885,3000,PRUNED
293,0.08886490017175674,2026-05-20 18:26:17.526606,2026-05-20 18:26:17.912460,0 days 00:00:00.385854,0.8573232521973282,0.9918278582258663,48,9.211195549836155,3.347088296628601,0.009903021864912537,6,0.6298813998677376,4000,PRUNED
294,0.14566439390182495,2026-05-20 18:26:17.919599,2026-05-20 18:26:18.357950,0 days 00:00:00.438351,0.860010251449702,0.991348743889378,64,27.06992927078819,0.603883863522982,0.006238466856461128,6,0.47827574297919423,4000,PRUNED
295,0.08797205239534378,2026-05-20 18:26:18.367270,2026-05-20 18:26:18.723175,0 days 00:00:00.355905,0.8500996996791479,0.9996853372896065,32,21.609779771376644,1.3758768529211745,0.005335303173170643,6,0.5829537737090572,4000,PRUNED
296,0.1036040261387825,2026-05-20 18:26:18.731861,2026-05-20 18:26:19.156627,0 days 00:00:00.424766,0.8545995513933514,0.991143495500146,64,6.633853134270516,0.8042428913564836,0.008263891940715008,6,0.5927611628625572,4000,PRUNED
297,0.09169986844062805,2026-05-20 18:26:19.164273,2026-05-20 18:26:19.636566,0 days 00:00:00.472293,0.8661530216182716,0.9916140150141283,80,23.436428429164565,0.010490648245298132,0.004914327065215717,6,0.6214584399697386,4000,PRUNED
298,0.11184144020080566,2026-05-20 18:26:19.643748,2026-05-20 18:26:20.077262,0 days 00:00:00.433514,0.9702972596813337,0.990464266041558,64,31.35165334258253,0.5241269985358085,0.00574016674766104,6,0.6070704329168692,4000,PRUNED
299,0.12068638205528259,2026-05-20 18:26:20.084984,2026-05-20 18:26:20.516167,0 days 00:00:00.431183,0.8531255512813017,0.9908137452836786,64,26.823592409289972,0.9176004137431265,0.006738433588534921,6,0.5783661246449866,4000,PRUNED
300,0.047470368444919586,2026-05-20 18:26:20.523349,2026-05-20 18:26:21.339101,0 days 00:00:00.815752,0.8567227338215327,0.9988877498496684,64,49.62531072193724,0.6950674844613585,0.007330388052224869,6,0.4168014301931394,3000,PRUNED
301,0.0945180356502533,2026-05-20 18:26:21.347221,2026-05-20 18:26:21.623490,0 days 00:00:00.276269,0.8632044469616077,0.9993885281222133,48,20.55041376243019,1.1895518254563178,0.005987946931071313,3,0.568381124314778,4000,PRUNED
302,0.10243780165910721,2026-05-20 18:26:21.631625,2026-05-20 18:26:22.019220,0 days 00:00:00.387595,0.8596177532743089,0.9998905728555719,64,25.37861660693025,1.738443275269573,0.00458410039019487,6,0.5925226824039966,4000,PRUNED
303,0.08758395165205002,2026-05-20 18:26:22.026152,2026-05-20 18:26:22.434977,0 days 00:00:00.408825,0.8528688040186837,0.9909698992876892,64,8.56394294441619,0.3973213825823602,0.005241620680461856,6,0.6577546668180668,1000,PRUNED
304,0.13571563363075256,2026-05-20 18:26:22.441445,2026-05-20 18:26:22.849627,0 days 00:00:00.408182,0.8549775547208063,0.9912503700089076,64,36.66888628187695,0.16693344935550064,0.00407742124143523,6,0.45825793900154316,4000,PRUNED
305,0.0934777706861496,2026-05-20 18:26:22.856163,2026-05-20 18:26:23.292503,0 days 00:00:00.436340,0.8708798511034542,0.9906620430806043,64,29.464258108190023,0.22030570138425695,0.0006251851525759089,6,0.6144303501242447,4000,PRUNED
306,0.11067904531955719,2026-05-20 18:26:23.299736,2026-05-20 18:26:23.731985,0 days 00:00:00.432249,0.8581713224208695,0.9914295536551153,64,22.543287503185756,0.942598359005181,0.003460552402469112,6,0.6356531525833388,4000,PRUNED
307,0.0883491113781929,2026-05-20 18:26:23.740278,2026-05-20 18:26:24.090562,0 days 00:00:00.350284,0.8615051700138767,0.9968165851538695,64,40.90736164114059,0.7399649783863507,0.006440738157146125,4,0.34796104451846577,4000,PRUNED
308,0.08296486735343933,2026-05-20 18:26:24.099370,2026-05-20 18:26:24.468519,0 days 00:00:00.369149,0.8502285866025145,0.9919039821790481,64,19.415812430853276,0.5980211971845815,0.005693222384313956,5,0.433146149190171,3000,PRUNED
309,0.1303458958864212,2026-05-20 18:26:24.476780,2026-05-20 18:26:24.879775,0 days 00:00:00.402995,0.855539505833074,0.9910582792358816,64,24.796683592278537,0.11257950602284725,0.00765573569641853,6,0.6003706065685034,4000,PRUNED
310,0.1473308801651001,2026-05-20 18:26:24.886947,2026-05-20 18:26:25.306357,0 days 00:00:00.419410,0.8642827933217747,0.990189096203473,64,33.40808202685147,0.499572862881944,0.004897790384455377,6,0.31151801164566173,4000,PRUNED
311,0.12647205591201782,2026-05-20 18:26:25.312829,2026-05-20 18:26:25.694886,0 days 00:00:00.382057,0.8679820393901002,0.9930114275245888,64,16.55503495304001,0.8051494328692362,0.005195142889865857,6,0.625701887670245,4000,PRUNED
312,0.0827442854642868,2026-05-20 18:26:25.701456,2026-05-20 18:26:26.108936,0 days 00:00:00.407480,0.8523809383525575,0.9983777532269057,64,12.081496347893326,1.0762082391181518,0.004373612483392721,6,0.49855176852009314,4000,PRUNED
313,0.0998511090874672,2026-05-20 18:26:26.115734,2026-05-20 18:26:26.584565,0 days 00:00:00.468831,0.8500816001153124,0.9923112887759888,80,22.419376674401725,2.131126531565934,0.006391794067934224,6,0.5537933996008277,4000,PRUNED
314,0.09758802503347397,2026-05-20 18:26:26.591300,2026-05-20 18:26:26.926691,0 days 00:00:00.335391,0.8590945652763695,0.9992412977950631,16,9.753502917906209,1.4240863589291652,0.005469708355796132,6,0.6105377343383789,4000,PRUNED
315,0.12586425244808197,2026-05-20 18:26:26.933286,2026-05-20 18:26:27.368679,0 days 00:00:00.435393,0.8909604309541538,0.9987255656544773,64,28.892238419185986,0.6606407175515411,0.0036924604904289256,6,0.37976236805632035,3000,PRUNED
316,0.09047948569059372,2026-05-20 18:26:27.377436,2026-05-20 18:26:27.811404,0 days 00:00:00.433968,0.85544109749045,0.9945719515593836,64,7.6597632070533725,0.9095688250353197,0.005938991994781204,6,0.5884371835312374,4000,PRUNED
317,0.11767339706420898,2026-05-20 18:26:27.820445,2026-05-20 18:26:28.211875,0 days 00:00:00.391430,0.8532115763327363,0.9932593651967715,48,24.739888394451274,0.3515945134718566,0.007048965350878053,6,0.467290293007753,4000,PRUNED
318,0.08405131846666336,2026-05-20 18:26:28.219369,2026-05-20 18:26:28.656601,0 days 00:00:00.437232,0.8617475942313882,0.9995728317847421,64,20.772864762841767,0.5617163497323076,0.00036212035176204225,6,0.6034842265662717,4000,PRUNED
319,0.11275744438171387,2026-05-20 18:26:28.663306,2026-05-20 18:26:29.088340,0 days 00:00:00.425034,0.857446744764777,0.9917145989152196,64,28.446877823798346,1.16043890979215,0.004772780322504894,6,0.6466004131009004,4000,PRUNED
320,0.11073708534240723,2026-05-20 18:26:29.095087,2026-05-20 18:26:29.522611,0 days 00:00:00.427524,0.8665129858902144,0.990791546672286,64,18.169918623122125,0.44217668800512205,0.00846334439875287,6,0.5751605617507423,3000,PRUNED
321,0.10971091687679291,2026-05-20 18:26:29.528936,2026-05-20 18:26:29.957948,0 days 00:00:00.429012,0.8500051746011068,0.993596559028406,64,26.242049625306212,0.2594849100251246,0.0029948722202152098,6,0.6171636260434575,4000,PRUNED
322,0.08980204910039902,2026-05-20 18:26:29.966896,2026-05-20 18:26:30.398046,0 days 00:00:00.431150,0.9272211608519116,0.9903923017789911,64,10.951925261111853,0.7465101561713178,0.005566138188412554,6,0.3991416173592145,4000,PRUNED
323,0.09778845310211182,2026-05-20 18:26:30.407476,2026-05-20 18:26:30.839598,0 days 00:00:00.432122,0.8550481826533712,0.9911128226475501,64,23.586329025844076,0.9521762027367083,0.001342244455432203,6,0.44741366096480617,4000,PRUNED
324,0.10441778600215912,2026-05-20 18:26:30.847905,2026-05-20 18:26:31.280446,0 days 00:00:00.432541,0.8639737078592081,0.9909199557709059,64,21.97499101894155,0.6397974605221758,0.006357520237556919,6,0.48640525190150646,4000,PRUNED
325,0.08235663920640945,2026-05-20 18:26:31.288431,2026-05-20 18:26:31.718156,0 days 00:00:00.429725,0.8693251816551116,0.9920263509616659,64,15.195108012625187,1.5778079800370854,0.00504641561548616,6,0.5984734659768914,2000,PRUNED
326,0.16731573641300201,2026-05-20 18:26:31.725360,2026-05-20 18:26:32.158650,0 days 00:00:00.433290,0.8528937624757611,0.9905868287979891,64,46.111864794211535,1.339599354028688,0.0040008081059023475,6,0.324182738813787,4000,PRUNED
327,0.0887032151222229,2026-05-20 18:26:32.166126,2026-05-20 18:26:32.552440,0 days 00:00:00.386314,0.8585234527281319,0.992697237150832,48,32.76253634465631,0.8321555854638992,0.004496532838107568,6,0.5157266603816298,4000,PRUNED
328,0.23382064700126648,2026-05-20 18:26:32.559127,2026-05-20 18:26:32.987765,0 days 00:00:00.428638,0.8725221590033068,0.993842320719849,64,27.281852701418853,1.0514780311260983,0.006893282516882111,6,0.6357007481493269,4000,PRUNED
329,0.11226243525743484,2026-05-20 18:26:32.995231,2026-05-20 18:26:33.488104,0 days 00:00:00.492873,0.8604448431722177,0.9913032891468945,96,36.82375986329113,0.49072090878188124,0.005790624390705031,6,0.5842952309104144,4000,PRUNED
330,0.1275513470172882,2026-05-20 18:26:33.496402,2026-05-20 18:26:33.967575,0 days 00:00:00.471173,0.8561435589974538,0.9911421386795605,80,65.2312683355218,0.7099785124752812,0.007749388193127801,6,0.6229545972719266,4000,PRUNED
331,0.122167207300663,2026-05-20 18:26:33.976630,2026-05-20 18:26:34.406755,0 days 00:00:00.430125,0.853025344761647,0.9900051706938504,64,52.993289963999956,0.5967723251703547,0.005278543565002632,6,0.694023098617506,4000,PRUNED
332,0.09588988870382309,2026-05-20 18:26:34.413185,2026-05-20 18:26:34.843774,0 days 00:00:00.430589,0.8650665530387137,0.9915118669996752,64,20.190844065734378,0.9132358359616374,0.0062035318677092265,6,0.5683945052897861,4000,PRUNED
333,0.08831558376550674,2026-05-20 18:26:34.850502,2026-05-20 18:26:35.200623,0 days 00:00:00.350121,0.8605129972554992,0.990831122739824,32,5.7690885531835345,1.2355859325697631,0.004802506540574327,6,0.30133510756769655,4000,PRUNED
334,0.09402035921812057,2026-05-20 18:26:35.208371,2026-05-20 18:26:35.609636,0 days 00:00:00.401265,0.9559589269248135,0.9994764448481055,64,24.26703028409534,0.3502780123016793,0.004157776424054286,6,0.36273072339467555,3000,PRUNED
335,0.08358777314424515,2026-05-20 18:26:35.616292,2026-05-20 18:26:36.017965,0 days 00:00:00.401673,0.8524628311497124,0.9922339883523428,64,8.856916317403158,0.8210801713143996,0.0054968324854065545,6,0.6083529064777901,5000,PRUNED
336,0.0882536992430687,2026-05-20 18:26:36.024342,2026-05-20 18:26:36.426775,0 days 00:00:00.402433,0.8567072270998269,0.9990556700751138,64,29.58364276614646,0.547403840197337,0.00919659814652483,6,0.42364258901618007,4000,PRUNED
337,0.10730887949466705,2026-05-20 18:26:36.433343,2026-05-20 18:26:36.816340,0 days 00:00:00.382997,0.8679788569256537,0.9906551744856578,64,22.58126007334235,2.66059642679531,0.006777393505339236,5,0.5980861506283129,4000,PRUNED
338,0.146232008934021,2026-05-20 18:26:36.824262,2026-05-20 18:26:37.253494,0 days 00:00:00.429232,0.8628661350776883,0.9909828748437162,64,25.848225719775744,0.6943539043339048,0.005994730049842678,6,0.7689767713900751,4000,PRUNED
339,0.04702431336045265,2026-05-20 18:26:37.262836,2026-05-20 18:26:38.081817,0 days 00:00:00.818981,0.8548434735785723,0.9952306680952092,64,19.44707012117277,1.8658834970481548,0.004541497952660339,6,0.5482316132340196,4000,PRUNED
340,0.08747334033250809,2026-05-20 18:26:38.088649,2026-05-20 18:26:38.516719,0 days 00:00:00.428070,0.9129962086121469,0.9985486798988193,64,10.096027339772215,0.4482588702911089,0.005061001135395798,6,0.5822594736852355,4000,PRUNED
341,0.10583747923374176,2026-05-20 18:26:38.523226,2026-05-20 18:26:38.957598,0 days 00:00:00.434372,0.8581200365627213,0.9917439824207909,64,34.30089276653854,1.0565120504840926,0.003295925600508459,6,0.6168430934202831,3000,PRUNED
342,0.1477801650762558,2026-05-20 18:26:38.964231,2026-05-20 18:26:39.400654,0 days 00:00:00.436423,0.850215535933893,0.9912971016452778,64,40.65221368076814,0.14060042903294276,0.007856244592695318,6,0.45421032247371806,4000,PRUNED
343,0.09336725622415543,2026-05-20 18:26:39.410950,2026-05-20 18:26:39.849368,0 days 00:00:00.438418,0.8529777714721358,0.9971229257938643,64,13.200725315905139,0.8685282011697913,0.00548218991463935,6,0.6665453427889854,4000,PRUNED
344,0.08993405103683472,2026-05-20 18:26:39.859077,2026-05-20 18:26:40.295830,0 days 00:00:00.436753,0.8830448975217864,0.9915473283380782,64,4.3560757636082235,0.29538896334517856,0.006433060391884051,6,0.631986770554637,4000,PRUNED
345,0.09064739942550659,2026-05-20 18:26:40.303550,2026-05-20 18:26:40.772672,0 days 00:00:00.469122,0.8984903362586413,0.9996925632734038,80,30.84552524427002,0.6414049860271135,0.0009162557442504841,6,0.5946785280006788,4000,PRUNED
346,0.09669928252696991,2026-05-20 18:26:40.781235,2026-05-20 18:26:41.218784,0 days 00:00:00.437549,0.8614765184100726,0.99045198902522,64,7.346763578537992,0.19758346769750582,0.007354176574598738,6,0.6444193642598671,4000,PRUNED
347,0.09548433125019073,2026-05-20 18:26:41.225272,2026-05-20 18:26:41.613453,0 days 00:00:00.388181,0.8553087692053541,0.9910243405165682,48,21.187524286223947,0.7672528524390381,0.0059439408917563025,6,0.4726399389749873,4000,PRUNED
348,0.0886920690536499,2026-05-20 18:26:41.619856,2026-05-20 18:26:42.051085,0 days 00:00:00.431229,0.8652600431070046,0.999239430025291,64,8.12715219653907,1.322279211481578,0.0037881018964944775,6,0.5623333948585975,3000,PRUNED
349,0.10884004086256027,2026-05-20 18:26:42.057655,2026-05-20 18:26:42.496150,0 days 00:00:00.438495,0.8525311437506731,0.9925046425171425,64,23.947145608570022,1.0157527255610148,0.0049290237121380346,6,0.6118050645535599,4000,PRUNED
350,0.059485405683517456,2026-05-20 18:26:42.504690,2026-05-20 18:26:43.283014,0 days 00:00:00.778324,0.8591850288590758,0.9902974130545799,64,18.513617242046593,0.5262320681012054,0.00539989188343841,6,0.4096419226466459,1000,PRUNED
351,0.08353891968727112,2026-05-20 18:26:43.292680,2026-05-20 18:26:43.726128,0 days 00:00:00.433448,0.8573605615148173,0.9908570562948131,64,27.472864557936557,1.635307712609349,0.008458819441462458,6,0.6248129187660569,4000,PRUNED
352,0.11320288479328156,2026-05-20 18:26:43.732830,2026-05-20 18:26:44.164196,0 days 00:00:00.431366,0.8774362305017668,0.9912089032363117,64,22.18067179777835,0.09339068898332546,0.0044226484523214975,6,0.590649541540981,4000,PRUNED
353,0.08959293365478516,2026-05-20 18:26:44.171192,2026-05-20 18:26:44.604073,0 days 00:00:00.432881,0.8694310732589255,0.9914157476930678,64,25.434821909987107,0.38388381959610457,0.006764486041093385,6,0.6031295025895617,4000,PRUNED
354,0.13108763098716736,2026-05-20 18:26:44.610554,2026-05-20 18:26:44.998429,0 days 00:00:00.387875,0.851959491392672,0.9906252703991173,64,30.043243258176453,0.7483226657298578,0.005913326101011249,5,0.43420523367488295,4000,PRUNED
355,0.12987704575061798,2026-05-20 18:26:45.004788,2026-05-20 18:26:45.433466,0 days 00:00:00.428678,0.8630347831206062,0.9921214567648754,64,23.652844066519236,1.141224637934971,0.004760886215255405,6,0.5795719733871274,4000,PRUNED
356,0.09994184970855713,2026-05-20 18:26:45.440036,2026-05-20 18:26:45.869266,0 days 00:00:00.429230,0.8566680952442481,0.9988547717914278,64,20.826670634909558,0.6288808580835477,0.0016413625836686056,6,0.6257833988933919,4000,PRUNED
357,0.10901118814945221,2026-05-20 18:26:45.875770,2026-05-20 18:26:46.260296,0 days 00:00:00.384526,0.8547909979693711,0.9918575009736631,48,11.261148649840763,0.9130647465517885,0.004128349271486862,6,0.5357576240764218,3000,PRUNED
358,0.09180091321468353,2026-05-20 18:26:46.268426,2026-05-20 18:26:46.698479,0 days 00:00:00.430053,0.8503923573572719,0.9910754715682559,64,37.91417622118428,0.8146794179644211,0.005405985099307868,6,0.34081030027679143,4000,PRUNED
359,0.08518774807453156,2026-05-20 18:26:46.707091,2026-05-20 18:26:47.133693,0 days 00:00:00.426602,0.8666830180335321,0.9907439846087136,64,9.095771435678076,0.4736135977905919,0.0073006352321036624,6,0.6089317402574703,4000,PRUNED
360,0.09666568040847778,2026-05-20 18:26:47.141159,2026-05-20 18:26:47.606555,0 days 00:00:00.465396,0.8591563700771728,0.9913313216854929,80,26.924745806169394,0.24264735790359357,0.006316068387174306,6,0.6514318241783708,4000,PRUNED
361,0.11072763055562973,2026-05-20 18:26:47.612997,2026-05-20 18:26:48.041622,0 days 00:00:00.428625,0.872948153253425,0.9998635522094775,64,43.946452042803344,0.5791708660884897,0.005279379350071981,6,0.5689417967509895,2000,PRUNED
362,0.10020769387483597,2026-05-20 18:26:48.049211,2026-05-20 18:26:48.576479,0 days 00:00:00.527268,0.8537813934744808,0.9928824311643171,112,17.581576277166732,1.2185759990934324,0.004646241169643356,6,0.5953459640556483,4000,PRUNED
363,0.144527867436409,2026-05-20 18:26:48.584880,2026-05-20 18:26:49.011872,0 days 00:00:00.426992,0.8624261948016719,0.9916111626084295,64,32.947322950336925,0.7194463591703182,0.005844625406765243,6,0.5855964650658154,4000,PRUNED
364,0.11520177870988846,2026-05-20 18:26:49.019999,2026-05-20 18:26:49.447014,0 days 00:00:00.427015,0.852351846905833,0.9908952674240821,64,25.109502471530753,1.044062234747168,0.0035391911333315547,6,0.45935472410606204,4000,PRUNED
365,0.026328561827540398,2026-05-20 18:26:49.454342,2026-05-20 18:26:50.641296,0 days 00:00:01.186954,0.8556941503390926,0.9994173001339524,64,22.412382778304455,0.8883096340121471,0.006740522338240957,6,0.44177251496503633,3000,PRUNED
366,0.047652747482061386,2026-05-20 18:26:50.649665,2026-05-20 18:26:51.458400,0 days 00:00:00.808735,0.8608050004351927,0.991217922839623,64,19.541894555815972,1.4966285572408011,0.005043645265749172,6,0.3912184111676664,4000,PRUNED
367,0.09685919433832169,2026-05-20 18:26:51.465866,2026-05-20 18:26:51.893071,0 days 00:00:00.427205,0.864502094254772,0.9904782225514926,64,10.061770803522958,0.1681915654104647,0.00860034493511265,6,0.6372236065263921,4000,PRUNED
368,0.1485777646303177,2026-05-20 18:26:51.900265,2026-05-20 18:26:52.327498,0 days 00:00:00.427233,0.8502894690360298,0.9902012941841137,64,27.076866464492362,0.6310925967253985,0.004280910954196221,6,0.6143714709400592,4000,PRUNED
369,0.12624596059322357,2026-05-20 18:26:52.333721,2026-05-20 18:26:52.757584,0 days 00:00:00.423863,0.8584537710019806,0.9991274467252411,64,30.973926747005784,0.754696592822938,0.005803036967844592,6,0.6066546686504831,4000,PRUNED
