number,value,datetime_start,datetime_complete,duration,params_adam_beta1,params_adam_beta2,params_hidden,params_lambda_ic,params_lambda_phys,params_lr,params_n_layers,params_scheduler_gamma,params_scheduler_step,state
184,0.01101126242429018,2026-05-18 07:24:34.168697,2026-05-18 07:24:35.763534,0 days 00:00:01.594837,0.8580734617704756,0.9943697909544955,64,21.009975887729855,0.5334826978367889,0.004506404766038523,6,0.6031846209558182,4000,PRUNED
185,0.012954872101545334,2026-05-18 07:24:35.773134,2026-05-18 07:24:37.094837,0 days 00:00:01.321703,0.8548889808469483,0.9915729793007846,64,29.03412209098389,0.7575308599242433,0.006472333978001115,6,0.5924207030959623,4000,PRUNED
186,0.08517085015773773,2026-05-18 07:24:37.102347,2026-05-18 07:24:37.456499,0 days 00:00:00.354152,0.8528494941144691,0.990491287963897,16,25.54985497785104,1.014077776300174,0.005118914309613877,6,0.3242819419486206,4000,PRUNED
187,0.10693403333425522,2026-05-18 07:24:37.463727,2026-05-18 07:24:37.780598,0 days 00:00:00.316871,0.8568861330760675,0.9926471513550817,80,33.783866942836255,0.6292852734722966,0.005907780778627721,6,0.6176317890865086,4000,PRUNED
188,0.01847561076283455,2026-05-18 07:24:37.786637,2026-05-18 07:24:38.671136,0 days 00:00:00.884499,0.8501300309143123,0.9910188267879144,64,24.089723922399294,0.9055364961535609,0.007019686457900997,6,0.5622909749567803,4000,PRUNED
189,0.09963081777095795,2026-05-18 07:24:38.678734,2026-05-18 07:24:38.996028,0 days 00:00:00.317294,0.9613391558651313,0.991399516916604,64,31.009508683958657,0.3633253431871381,0.004734881252668058,6,0.6545714844647927,4000,PRUNED
190,0.08840222656726837,2026-05-18 07:24:39.004160,2026-05-18 07:24:39.371753,0 days 00:00:00.367593,0.8612507664247299,0.9919423336113414,64,20.096581127544734,0.45737435152242595,0.005181617204850982,6,0.3358364016347821,4000,PRUNED
191,0.09804865717887878,2026-05-18 07:24:39.378558,2026-05-18 07:24:39.711008,0 days 00:00:00.332450,0.8545037440325584,0.9906693470191751,64,26.879785201679823,0.8035751157133034,0.004877817973467108,6,0.6102583114422137,4000,PRUNED
192,0.0867045521736145,2026-05-18 07:24:39.717288,2026-05-18 07:24:40.068424,0 days 00:00:00.351136,0.8531679989526311,0.9911409256898515,64,25.426502994519918,0.729232588791508,0.004276896557450936,6,0.6215136410958286,4000,PRUNED
193,0.0013523896923288703,2026-05-18 07:24:40.074618,2026-05-18 07:24:52.609107,0 days 00:00:12.534489,0.8575103359065638,0.9910514439216535,64,22.38824321389488,1.2063007008501265,0.005504559687877859,6,0.6325403009418438,4000,COMPLETE
194,0.08216080069541931,2026-05-18 07:24:52.617397,2026-05-18 07:24:52.982195,0 days 00:00:00.364798,0.8528180603295621,0.9916211489810985,64,50.71216236472188,0.5541471598649563,0.0002790916821471266,6,0.6032668428881498,4000,PRUNED
195,0.08197338879108429,2026-05-18 07:24:52.989569,2026-05-18 07:24:53.311127,0 days 00:00:00.321558,0.8602866757513185,0.9936995071020022,64,25.009564404252597,0.8210101072937466,0.0037387525104578085,6,0.5844844011581335,4000,PRUNED
196,0.08604772388935089,2026-05-18 07:24:53.317446,2026-05-18 07:24:53.584203,0 days 00:00:00.266757,0.8964444704535268,0.9960217516541742,64,21.466091227313637,0.6356207843625137,0.004634555370543322,4,0.6152519215232042,4000,PRUNED
197,0.008690075017511845,2026-05-18 07:24:53.591216,2026-05-18 07:24:56.760104,0 days 00:00:03.168888,0.8648676204287896,0.9950602396962658,64,27.997426785553195,0.9344274539338557,0.006152666153340447,6,0.5745259698916295,4000,PRUNED
198,0.0004893845180049539,2026-05-18 07:24:56.768820,2026-05-18 07:25:09.091060,0 days 00:00:12.322240,0.855941306970597,0.9912227794201822,64,32.30874155817249,1.1417363298786076,0.0054694352882817595,6,0.5949941303391151,4000,COMPLETE
199,0.0015313798794522882,2026-05-18 07:25:09.101612,2026-05-18 07:25:20.943391,0 days 00:00:11.841779,0.8584934142873883,0.9908498901907186,64,36.65832053360269,1.4168358563294476,0.007417401181862232,6,0.5934786251245806,4000,COMPLETE
200,0.12225533276796341,2026-05-20 18:25:35.516932,2026-05-20 18:25:35.960881,0 days 00:00:00.443949,0.8560456716460735,0.9912960417957853,64,34.176061720237364,1.1142543420687152,0.005546437310012153,6,0.43850928097942043,4000,PRUNED
201,0.10315082222223282,2026-05-20 18:25:35.970287,2026-05-20 18:25:36.349106,0 days 00:00:00.378819,0.852504651916432,0.991171587367269,64,30.80729964741618,0.7585681291912878,0.00505447026317825,6,0.6014345086068789,4000,PRUNED
202,0.08540680259466171,2026-05-20 18:25:36.356652,2026-05-20 18:25:36.733149,0 days 00:00:00.376497,0.8552610772693027,0.990755586458213,64,40.48626815839545,0.98821192594711,0.006454784404442833,6,0.6118940112799103,4000,PRUNED
203,0.03957851231098175,2026-05-20 18:25:36.739568,2026-05-20 18:25:37.450395,0 days 00:00:00.710827,0.8632906481555075,0.9914748329225648,64,23.296407539827257,1.2822935539023557,0.004106387404737241,6,0.5838636347234544,4000,PRUNED
204,0.08965542167425156,2026-05-20 18:25:37.456940,2026-05-20 18:25:37.852593,0 days 00:00:00.395653,0.8601484180770239,0.9904362800117545,64,25.709952909287868,0.6445225810882198,0.004667941028954561,6,0.571850293627394,4000,PRUNED
205,0.16384728252887726,2026-05-20 18:25:37.858903,2026-05-20 18:25:38.284523,0 days 00:00:00.425620,0.8500691141281402,0.9910103361504142,64,28.706011629319715,0.4617680779790841,0.0057885925783843365,6,0.37123877131642835,4000,PRUNED
206,0.08405648171901703,2026-05-20 18:25:38.291365,2026-05-20 18:25:38.728590,0 days 00:00:00.437225,0.8550981015159017,0.991754720819377,64,32.02137233313445,0.017327814268057035,0.00021914805291808694,6,0.6332722716780746,4000,PRUNED
207,0.10699138790369034,2026-05-20 18:25:38.737756,2026-05-20 18:25:39.167829,0 days 00:00:00.430073,0.9165787634436857,0.9912504841950736,64,19.145232406488624,0.8436423036980314,0.005266615561015608,6,0.41085692317113087,4000,PRUNED
208,0.0876953974366188,2026-05-20 18:25:39.175098,2026-05-20 18:25:39.607182,0 days 00:00:00.432084,0.8668295270187458,0.9996551974725313,64,7.648879486785675,1.0481347784657613,0.0001722693994422328,6,0.6053803063391585,1000,PRUNED
209,0.11424822360277176,2026-05-20 18:25:39.613737,2026-05-20 18:25:40.039364,0 days 00:00:00.425627,0.852638985040404,0.9923843250598604,64,23.395750271470206,0.5617260323364792,0.008510489927883556,6,0.5885608202957865,4000,PRUNED
210,0.08466403186321259,2026-05-20 18:25:40.046307,2026-05-20 18:25:40.512284,0 days 00:00:00.465977,0.8583522511807029,0.9906108364303706,80,20.597065707060963,0.7407545521697371,0.00669266324763172,6,0.6228117945099289,4000,PRUNED
211,0.11549379676580429,2026-05-20 18:25:40.519181,2026-05-20 18:25:40.934916,0 days 00:00:00.415735,0.8507545289622963,0.9911910701329436,64,23.14847055237004,0.9298213569262119,0.006167178887164933,6,0.5865440536187181,4000,PRUNED
212,0.12364906817674637,2026-05-20 18:25:40.942850,2026-05-20 18:25:41.368767,0 days 00:00:00.425917,0.8502701697839029,0.9910911598677844,64,26.149519391555987,1.0962514281047349,0.00627247692250896,6,0.5959114621348318,4000,PRUNED
213,0.11735106259584427,2026-05-20 18:25:41.378397,2026-05-20 18:25:41.816225,0 days 00:00:00.437828,0.8500971955266791,0.9908902720066215,64,21.893052134519632,1.5369462289460254,0.00559985009664857,6,0.5638315675780469,4000,PRUNED
214,0.2086527794599533,2026-05-20 18:25:41.825195,2026-05-20 18:25:42.240156,0 days 00:00:00.414961,0.854274839870195,0.9913659870241203,64,28.268245721155417,0.8517369651463224,0.004973281021511087,6,0.5515390058837166,4000,PRUNED
215,0.1117485910654068,2026-05-20 18:25:42.248403,2026-05-20 18:25:42.653661,0 days 00:00:00.405258,0.8562856980989745,0.9911699146192188,64,24.09865778288302,0.7002682127288834,0.007191290660780224,6,0.5804568756467812,4000,PRUNED
216,0.10827025771141052,2026-05-20 18:25:42.659850,2026-05-20 18:25:43.062783,0 days 00:00:00.402933,0.8528833631871475,0.9919645147251022,64,17.571579042881076,0.9341327827821336,0.005962880244276283,6,0.6110795338480228,4000,PRUNED
217,0.2064676731824875,2026-05-20 18:25:43.070098,2026-05-20 18:25:43.497854,0 days 00:00:00.427756,0.8620384343707401,0.9908126415341402,64,59.90132635172865,1.1584186416778148,0.005365568785626052,6,0.39889572202386026,4000,PRUNED
218,0.1380152851343155,2026-05-20 18:25:43.504671,2026-05-20 18:25:43.933875,0 days 00:00:00.429204,0.8575367778797537,0.9916045336634606,64,25.774785264926916,0.5310996411300812,0.004704020880296258,6,0.5934224669526325,4000,PRUNED
219,0.0838882178068161,2026-05-20 18:25:43.940557,2026-05-20 18:25:44.376762,0 days 00:00:00.436205,0.8645819731589853,0.9906383117424086,64,8.890051778972095,0.605342404832333,0.0043298546684405114,6,0.6046931967165319,4000,PRUNED
220,0.17812304198741913,2026-05-20 18:25:44.384159,2026-05-20 18:25:44.814305,0 days 00:00:00.430146,0.854378728314108,0.9903240321365417,64,37.67783192410698,0.15378868258663336,0.006661693669920772,6,0.6206336735088768,4000,PRUNED
221,0.13886290788650513,2026-05-20 18:25:44.821747,2026-05-20 18:25:45.247770,0 days 00:00:00.426023,0.8525620309122661,0.9900639626149794,64,23.690736418647628,0.6522993396071329,0.005854894103217332,6,0.6294655480112525,4000,PRUNED
222,0.1431587040424347,2026-05-20 18:25:45.256239,2026-05-20 18:25:45.683294,0 days 00:00:00.427055,0.8522804600707152,0.9900808621632887,64,21.840240875832635,0.7641541098556659,0.0057747867969222605,6,0.6423299400866038,4000,PRUNED
223,0.10973352938890457,2026-05-20 18:25:45.691514,2026-05-20 18:25:46.118453,0 days 00:00:00.426939,0.856221925515797,0.9910757731758671,64,24.44013032016304,0.39585265450809287,0.005170423930022184,6,0.6106089869571488,4000,PRUNED
224,0.10622856020927429,2026-05-20 18:25:46.125417,2026-05-20 18:25:46.552823,0 days 00:00:00.427406,0.8599336491467032,0.9909437451257712,64,20.471475412404498,0.9352166770608739,0.006294102837430164,6,0.8951738792179491,4000,PRUNED
225,0.05616351589560509,2026-05-20 18:25:46.560847,2026-05-20 18:25:47.367745,0 days 00:00:00.806898,0.8504374785715036,0.9905403443577994,64,27.227673742000622,0.6231138344799365,0.005429959631509059,6,0.622110198683594,4000,PRUNED
226,0.08977874368429184,2026-05-20 18:25:47.374923,2026-05-20 18:25:47.725909,0 days 00:00:00.350986,0.8528025298057988,0.9913992610822273,32,32.34822891967169,1.2332477117931606,0.008037538766259211,6,0.5932463257732149,4000,PRUNED
227,0.09621097892522812,2026-05-20 18:25:47.735203,2026-05-20 18:25:48.166764,0 days 00:00:00.431561,0.855475440049901,0.9903080999527557,64,18.953248491291514,0.483889680780377,0.004878584595943621,6,0.48245354688790926,4000,PRUNED
228,0.08448008447885513,2026-05-20 18:25:48.174639,2026-05-20 18:25:48.603230,0 days 00:00:00.428591,0.9443389520020877,0.9900106475721747,64,30.29259102676047,0.30616192441997786,0.0007972222725831278,6,0.3031894919471191,4000,PRUNED
229,0.08994275331497192,2026-05-20 18:25:48.609898,2026-05-20 18:25:49.036502,0 days 00:00:00.426604,0.8583104014014863,0.9921006487893703,64,23.60112070677461,0.8635898425145033,0.004406725810019382,6,0.6533340223442828,4000,PRUNED
230,0.09591571241617203,2026-05-20 18:25:49.044209,2026-05-20 18:25:49.393890,0 days 00:00:00.349681,0.8503586281466099,0.9908183071522045,48,27.049221708370872,0.7350014809319719,0.006910201986418651,6,0.5737160022296779,4000,PRUNED
231,0.08782157301902771,2026-05-20 18:25:49.401017,2026-05-20 18:25:49.827559,0 days 00:00:00.426542,0.8674011125541597,0.9912343060155137,64,10.927297544912014,0.5610092641172285,0.0038418251602141146,6,0.44970122745821767,3000,PRUNED
232,0.0928744375705719,2026-05-20 18:25:49.835213,2026-05-20 18:25:50.264797,0 days 00:00:00.429584,0.8698897743596391,0.9993850045706373,64,9.19490450369746,0.5039287262767305,0.00556606000361431,6,0.4692508424776325,4000,PRUNED
233,0.09047363698482513,2026-05-20 18:25:50.272705,2026-05-20 18:25:50.706445,0 days 00:00:00.433740,0.8661633663483638,0.9997476694352441,64,10.365022376776972,0.6584347653788614,0.005949801687649243,6,0.6007380100496205,4000,PRUNED
234,0.10995776951313019,2026-05-20 18:25:50.713538,2026-05-20 18:25:51.140755,0 days 00:00:00.427217,0.8626416337486922,0.990973010197762,64,44.026848420150486,0.974699380944064,0.004809763988826556,6,0.46129694781289804,4000,PRUNED
235,0.09286707639694214,2026-05-20 18:25:51.148935,2026-05-20 18:25:51.574086,0 days 00:00:00.425151,0.8539359751325087,0.9907179320773142,64,9.83809159197155,0.43149916083066586,0.005280543861466277,6,0.43805640645757904,4000,PRUNED
236,0.12720470130443573,2026-05-20 18:25:51.582519,2026-05-20 18:25:52.010273,0 days 00:00:00.427754,0.864833135245896,0.9915049614062444,64,22.536185714543784,0.7954522945872363,0.0041078104002890995,6,0.6329632070718526,3000,PRUNED
237,0.08745905011892319,2026-05-20 18:25:52.017219,2026-05-20 18:25:52.459933,0 days 00:00:00.442714,0.8605447532857848,0.9917777166122224,64,11.602258065644607,0.6113725559841149,0.0064187781432441405,6,0.45747535926974126,4000,PRUNED
238,0.08324955403804779,2026-05-20 18:25:52.466405,2026-05-20 18:25:52.893212,0 days 00:00:00.426807,0.8550401975808877,0.9911308970571285,64,24.797205696738107,1.4345117463698966,0.005938495528146387,6,0.585234493192765,4000,PRUNED
239,0.11453220248222351,2026-05-20 18:25:52.900665,2026-05-20 18:25:53.328588,0 days 00:00:00.427923,0.8682034454878426,0.9904966760287619,64,20.752945695661104,0.8090504864216398,0.004457064952490153,6,0.6165173796843232,4000,PRUNED
240,0.018524393439292908,2026-05-20 18:25:53.336340,2026-05-20 18:25:54.913449,0 days 00:00:01.577109,0.8525194512575373,0.999028025870617,64,29.215292089777147,1.0610967754501064,0.007341279063076609,6,0.3525045409851574,3000,PRUNED
241,0.10031268745660782,2026-05-20 18:25:54.923226,2026-05-20 18:25:55.350694,0 days 00:00:00.427468,0.8587599571140784,0.9933857769746643,64,22.362158611546306,1.569146551885265,0.008859199171418117,6,0.6211672688804121,4000,PRUNED
242,0.08975626528263092,2026-05-20 18:25:55.357147,2026-05-20 18:25:55.784877,0 days 00:00:00.427730,0.8624888057214265,0.9922533410114059,64,25.421686390716307,1.8675978866848781,0.007795559573179056,6,0.6406894577939971,5000,PRUNED
243,0.0884249210357666,2026-05-20 18:25:55.793178,2026-05-20 18:25:56.219926,0 days 00:00:00.426748,0.9813208093826593,0.9909169896424491,64,22.284802908163538,1.9869247404472596,0.00736545725987393,6,0.6470342452937351,4000,PRUNED
244,0.08486438542604446,2026-05-20 18:25:56.227040,2026-05-20 18:25:56.654563,0 days 00:00:00.427523,0.850082802236347,0.9927712068270428,64,8.045186301981396,1.1642117050865073,0.006535056007490548,6,0.602203681628767,4000,PRUNED
245,0.08759932219982147,2026-05-20 18:25:56.661720,2026-05-20 18:25:57.062729,0 days 00:00:00.401009,0.8572258352144071,0.99210135781724,64,19.34118001710158,0.7113256887043029,0.005175237537037601,6,0.6339674741397521,4000,PRUNED
246,0.10546047985553741,2026-05-20 18:25:57.072034,2026-05-20 18:25:57.463089,0 days 00:00:00.391055,0.8596043905456167,0.9913136385929368,64,24.120560220337588,0.5470742799278169,0.003591824883446621,6,0.611976969001098,4000,PRUNED
247,0.08147290349006653,2026-05-20 18:25:57.473300,2026-05-20 18:25:57.901855,0 days 00:00:00.428555,0.8546633764079278,0.9940452207859877,64,21.41008182096078,0.924193085750132,0.005912379379489994,6,0.6591542015800951,4000,PRUNED
248,0.12439589202404022,2026-05-20 18:25:57.910045,2026-05-20 18:25:58.350748,0 days 00:00:00.440703,0.8651387508753376,0.9919049370109714,64,26.7311430749589,0.6400720400814277,0.004846325958872832,6,0.42768046876103816,4000,PRUNED
249,0.1045478954911232,2026-05-20 18:25:58.358001,2026-05-20 18:25:58.785390,0 days 00:00:00.427389,0.852786174271586,0.9995334449242094,64,28.970870055739525,1.2759704504910343,0.005536660855791776,6,0.594066445452415,4000,PRUNED
250,0.09513220936059952,2026-05-20 18:25:58.793770,2026-05-20 18:25:59.224056,0 days 00:00:00.430286,0.8568520421703782,0.9916557729103274,64,6.983982388549791,0.805420425980353,0.006848270652093917,6,0.6770463242440319,4000,PRUNED
251,0.12204362452030182,2026-05-20 18:25:59.231359,2026-05-20 18:25:59.660300,0 days 00:00:00.428941,0.8610649932765945,0.9924542687629891,64,33.42750692843637,0.4807630513886718,0.007734732632782139,6,0.5765928299392974,1000,PRUNED
252,0.10855866223573685,2026-05-20 18:25:59.667094,2026-05-20 18:26:00.097509,0 days 00:00:00.430415,0.8713764666669224,0.9907500446052127,64,23.25859037868035,0.20528635105851495,0.008976508422968607,6,0.446797348691097,4000,PRUNED
253,0.08871030807495117,2026-05-20 18:26:00.105600,2026-05-20 18:26:00.538221,0 days 00:00:00.432621,0.853190576602182,0.9911457323031638,64,1.4022257692822064,0.37917895827725084,0.006386777578542182,6,0.47711175428006897,4000,PRUNED
254,0.11205325275659561,2026-05-20 18:26:00.546847,2026-05-20 18:26:00.933570,0 days 00:00:00.386723,0.8635505953423824,0.991019277742474,48,17.995742288914233,1.02519933934299,0.005215438431534824,6,0.6258638790754427,4000,PRUNED
255,0.11698401719331741,2026-05-20 18:26:00.942851,2026-05-20 18:26:01.376563,0 days 00:00:00.433712,0.8502109768311386,0.9998598934146268,64,20.31114806914927,0.7047846522882116,0.0057508276046034715,6,0.606475415076796,3000,PRUNED
256,0.10189297050237656,2026-05-20 18:26:01.383942,2026-05-20 18:26:01.813986,0 days 00:00:00.430044,0.8557141890338551,0.9992410554018748,64,39.96189505591533,0.8807844149816091,0.004587979873820108,6,0.5595685320377701,4000,PRUNED
257,0.09347371757030487,2026-05-20 18:26:01.820407,2026-05-20 18:26:02.252150,0 days 00:00:00.431743,0.8588697445959159,0.9914704791589004,64,25.59052220185286,0.12871306273980465,0.001086473832319066,6,0.5939561337545914,4000,PRUNED
258,0.11898543685674667,2026-05-20 18:26:02.258748,2026-05-20 18:26:02.684033,0 days 00:00:00.425285,0.867259572519877,0.9906248246462873,64,22.63919564444996,0.5813346207990743,0.003983168754372608,6,0.6150117711979064,4000,PRUNED
259,0.056486859917640686,2026-05-20 18:26:02.690885,2026-05-20 18:26:03.500784,0 days 00:00:00.809899,0.8529668625850036,0.9902840091860219,64,35.86867762819583,1.3141350909266647,0.0061648674034119316,6,0.49169351304017017,4000,PRUNED
260,0.08883318305015564,2026-05-20 18:26:03.507864,2026-05-20 18:26:03.739178,0 days 00:00:00.231314,0.8565238544349735,0.9921860529833003,64,47.526786985781776,0.27974750495697626,0.005019084236400508,2,0.3934966491240216,3000,PRUNED
261,0.08700353652238846,2026-05-20 18:26:03.746682,2026-05-20 18:26:04.126855,0 days 00:00:00.380173,0.8610217116521337,0.991806855197922,64,9.431389741284883,1.762068431712479,0.007042571860228912,6,0.6420014668558875,4000,PRUNED
262,0.08719632029533386,2026-05-20 18:26:04.133852,2026-05-20 18:26:04.515834,0 days 00:00:00.381982,0.852524739777826,0.9908545135338364,64,30.082886808475727,0.9446991935477979,0.00554457615662799,6,0.8393585723161088,4000,PRUNED
263,0.10343921184539795,2026-05-20 18:26:04.522474,2026-05-20 18:26:04.900233,0 days 00:00:00.377759,0.8642442009003553,0.991111605772056,64,13.06750196121506,0.7133176892602967,0.008315929117535795,6,0.5790630523873678,4000,PRUNED
264,0.08467108756303787,2026-05-20 18:26:04.906600,2026-05-20 18:26:05.289860,0 days 00:00:00.383260,0.8588057625586552,0.9912166433110423,64,27.05812935729074,0.4864134046166835,0.004489627798918489,6,0.3161867746485007,4000,PRUNED
265,0.10527847707271576,2026-05-20 18:26:05.296102,2026-05-20 18:26:05.633944,0 days 00:00:00.337842,0.8500408719190494,0.9904987124060143,48,24.130750705459665,0.05628277979045637,0.0062534023432207105,6,0.5853234762138751,4000,PRUNED
266,0.0873597040772438,2026-05-20 18:26:05.641427,2026-05-20 18:26:06.077256,0 days 00:00:00.435829,0.8552071496666908,0.9909731423181353,80,2.75833864940079,1.0904598341754896,0.0050388478574363085,6,0.6231110907676976,4000,PRUNED
267,0.08451668173074722,2026-05-20 18:26:06.084673,2026-05-20 18:26:06.510626,0 days 00:00:00.425953,0.9054515927858818,0.991517099651489,64,8.629612291991352,0.818263460443789,0.005386332857966038,6,0.6035107535752915,4000,PRUNED
268,0.0957454964518547,2026-05-20 18:26:06.517566,2026-05-20 18:26:06.942190,0 days 00:00:00.424624,0.8684032656427527,0.9996211343827544,64,21.107218714433902,0.6298571027869924,0.004133158029131252,6,0.3394687083826105,3000,PRUNED
269,0.10171322524547577,2026-05-20 18:26:06.948713,2026-05-20 18:26:07.374598,0 days 00:00:00.425885,0.9355188025042217,0.9907796173944016,64,32.096343896221484,0.3391564655674626,0.007092473666127469,6,0.3838327107869898,4000,PRUNED
270,0.10637521743774414,2026-05-20 18:26:07.380792,2026-05-20 18:26:07.804134,0 days 00:00:00.423342,0.8546293254064532,0.9986604884525174,64,16.36249420258335,0.566063949100167,0.0032719496644203422,6,0.5677574346600404,4000,PRUNED
271,0.08988549560308456,2026-05-20 18:26:07.810746,2026-05-20 18:26:08.236432,0 days 00:00:00.425686,0.8617793475232675,0.9956478189224192,64,18.772489813168388,0.4338794316089418,0.005924349091235438,6,0.596418389170025,4000,PRUNED
272,0.09601067751646042,2026-05-20 18:26:08.242713,2026-05-20 18:26:08.666836,0 days 00:00:00.424123,0.8570828229566859,0.9993972795114724,64,11.729503645010539,1.378297363251877,0.0045949232193098115,6,0.40946407283153663,4000,PRUNED
273,0.08337832987308502,2026-05-20 18:26:08.673914,2026-05-20 18:26:09.101240,0 days 00:00:00.427326,0.8525545766574044,0.9947479820200941,64,10.175681069897337,0.9977913708607947,0.006666163484734107,6,0.3649837475531009,4000,PRUNED
274,0.11791747063398361,2026-05-20 18:26:09.108982,2026-05-20 18:26:09.538259,0 days 00:00:00.429277,0.8657305306192133,0.9919816961339114,64,25.63292491386712,2.3009539927804923,0.005543944448473596,6,0.4662730410146315,4000,PRUNED
275,0.13765303790569305,2026-05-20 18:26:09.546471,2026-05-20 18:26:09.977986,0 days 00:00:00.431515,0.8591712654155491,0.991299850416389,64,28.154988585295392,0.7939665247665748,0.0036643725433214906,6,0.45438830647892076,4000,PRUNED
276,0.09324155747890472,2026-05-20 18:26:09.985634,2026-05-20 18:26:10.330055,0 days 00:00:00.344421,0.8500119437951892,0.9989701892341698,64,21.971746733131955,0.18644936433841716,0.00492701780700472,4,0.6111222042732891,4000,PRUNED
