number,value,datetime_start,datetime_complete,duration,params_adam_beta1,params_adam_beta2,params_hidden,params_lambda_ic,params_lambda_phys,params_lr,params_n_layers,params_scheduler_gamma,params_scheduler_step,state
0,0.0532752126455307,2026-05-18 07:12:14.522176,2026-05-18 07:12:25.755889,0 days 00:00:11.233713,0.9712646604084909,0.9959510386162578,48,15.75132049977973,0.8471801418819978,0.0002051338263087451,6,0.3935967122017216,1000,COMPLETE
1,0.04987131059169769,2026-05-18 07:12:25.766961,2026-05-18 07:12:32.961722,0 days 00:00:07.194761,0.8925939140143353,0.9951950886731592,96,46.22589001020831,7.579479953348009,0.00026587543983272726,2,0.4090949803242604,1000,COMPLETE
2,0.05635727569460869,2026-05-18 07:12:32.971475,2026-05-18 07:12:42.117696,0 days 00:00:09.146221,0.9599246345950219,0.9919767704433677,64,1.9010245319870354,0.2801635158716261,0.0003839629299804173,3,0.5198171059762151,3000,COMPLETE
3,0.07316310703754425,2026-05-18 07:12:42.127039,2026-05-18 07:12:52.239029,0 days 00:00:10.111990,0.9851884846304383,0.998003133746353,80,16.40928673064792,0.0015339162591163618,0.00021930485556643703,4,0.3390309557911677,5000,COMPLETE
4,0.07214391976594925,2026-05-18 07:12:52.247579,2026-05-18 07:12:59.034765,0 days 00:00:06.787186,0.9773048562910295,0.9925619218178402,48,7.591104805282694,0.5456725485601477,0.00017541893487450815,2,0.5971061460667622,1000,COMPLETE
5,0.08979944884777069,2026-05-18 07:12:59.044569,2026-05-18 07:12:59.284728,0 days 00:00:00.240159,0.9815298518189864,0.9988587907692338,96,12.399967836846093,0.12030178871154672,0.00023426581058204064,3,0.8817507766587351,4000,PRUNED
6,0.08575946092605591,2026-05-18 07:12:59.291320,2026-05-18 07:12:59.902364,0 days 00:00:00.611044,0.8879888644483455,0.9982045013406041,80,2.4658447214487373,0.002259279742015696,0.00012315571723666037,6,0.49519819845795865,2000,PRUNED
7,0.08514387160539627,2026-05-18 07:12:59.908478,2026-05-18 07:13:00.314591,0 days 00:00:00.406113,0.9581142677015321,0.9919672852471884,48,1.9135880487692298,0.14817820606039092,0.0040215545266902904,3,0.3447303862078625,5000,PRUNED
8,0.0027953798417001963,2026-05-18 07:13:00.320563,2026-05-18 07:13:11.243583,0 days 00:00:10.923020,0.8662216683335181,0.9985447239161683,16,28.70875348195468,0.6720930050156113,0.0034877126245459306,6,0.3444267910404542,2000,COMPLETE
9,0.08869668841362,2026-05-18 07:13:11.254909,2026-05-18 07:13:11.481864,0 days 00:00:00.226955,0.9742097839606857,0.9946749277591033,80,4.187594718900626,0.0017956984225677636,0.0004470608546778491,3,0.7377637070028384,4000,PRUNED
10,0.09175368398427963,2026-05-18 07:13:11.489217,2026-05-18 07:13:11.771623,0 days 00:00:00.282406,0.8515560138751795,0.9995961994202656,16,74.69602764217575,0.017012841103468537,0.009087553160099243,5,0.7141482441414871,2000,PRUNED
11,0.0026981616392731667,2026-05-18 07:13:11.777806,2026-05-18 07:13:23.229708,0 days 00:00:11.451902,0.8879925874797564,0.9958576679957076,128,48.55023866860544,6.070701514183076,0.0017246341419808122,5,0.44602741358052544,2000,COMPLETE
12,0.003597547532990575,2026-05-18 07:13:23.240838,2026-05-18 07:13:34.510263,0 days 00:00:11.269425,0.861589162310715,0.9965303812511876,128,38.165556248635234,6.4830289049913254,0.0016525238146992878,5,0.4714432112264131,2000,COMPLETE
13,0.09217754006385803,2026-05-18 07:13:34.517413,2026-05-18 07:13:34.840638,0 days 00:00:00.323225,0.8866901948829515,0.9938714379643787,128,28.96160357268202,1.6570191435554809,0.0015296153375871375,5,0.315329696886326,3000,PRUNED
14,0.08936192095279694,2026-05-18 07:13:34.846825,2026-05-18 07:13:35.154466,0 days 00:00:00.307641,0.9200576093009986,0.9969787781177549,16,98.18247569037455,2.1756326618207926,0.00359271863830679,6,0.5833436450471993,2000,PRUNED
15,0.0075813885778188705,2026-05-18 07:13:35.161290,2026-05-18 07:13:46.009707,0 days 00:00:10.848417,0.9144545131443726,0.9973667799617212,112,23.226564319109258,0.015003676037564242,0.0007890347196952535,5,0.4307081146501763,3000,COMPLETE
16,0.09019332379102707,2026-05-18 07:13:46.017674,2026-05-18 07:13:46.559065,0 days 00:00:00.541391,0.8674846034845284,0.9901304742223711,16,49.684982163106255,2.281166987382632,0.003368951740328576,4,0.3093456170077345,2000,PRUNED
17,0.08953209221363068,2026-05-18 07:13:46.566504,2026-05-18 07:13:46.880359,0 days 00:00:00.313855,0.9117823905216598,0.9998769158580205,32,6.127377800028879,0.05269972289469776,0.007173175240432127,6,0.6857084583543333,3000,PRUNED
18,0.08613897114992142,2026-05-18 07:13:46.887402,2026-05-18 07:13:47.422898,0 days 00:00:00.535496,0.8735018675874874,0.9956987854771524,112,1.1052460883174577,8.463013650498194,0.0018960602803109738,5,0.5263129375945859,4000,PRUNED
19,0.09392106533050537,2026-05-18 07:13:47.429297,2026-05-18 07:13:47.739124,0 days 00:00:00.309827,0.9315320106148093,0.9931164598867332,64,66.26414314613024,0.700753272085978,0.0008930836164161877,6,0.39148637238971606,1000,PRUNED
20,0.007632649969309568,2026-05-18 07:13:47.745435,2026-05-18 07:13:57.033480,0 days 00:00:09.288045,0.9007491459409259,0.9944193477519196,32,23.300124055144398,3.498802630733825,0.002427585409543769,4,0.45566407489524957,2000,COMPLETE
21,0.08909665048122406,2026-05-18 07:13:57.041021,2026-05-18 07:13:57.577956,0 days 00:00:00.536935,0.8524301764908077,0.9965972250961095,112,33.193869248873966,4.247135391499046,0.0012565180663461216,5,0.47036921122126524,2000,PRUNED
22,0.001732397940941155,2026-05-18 07:13:57.584783,2026-05-18 07:14:08.258517,0 days 00:00:10.673734,0.870304352691698,0.996287827826511,128,40.116262673167796,9.875650722743329,0.004725386286853713,5,0.5505016595337614,2000,COMPLETE
23,0.0879182443022728,2026-05-18 07:14:08.270613,2026-05-18 07:14:08.579233,0 days 00:00:00.308620,0.8783539889810861,0.9977838296653989,96,59.75569390811379,1.2333843179050172,0.005590207137967562,4,0.6527508840258816,3000,PRUNED
24,0.0031015658751130104,2026-05-18 07:14:08.585584,2026-05-18 07:14:19.698288,0 days 00:00:11.112704,0.8643974832597324,0.9989746836559341,128,95.73886924897562,0.3548299217253916,0.004786602852578444,6,0.5473516572077353,1000,COMPLETE
25,0.08810225129127502,2026-05-18 07:14:19.707220,2026-05-18 07:14:20.024645,0 days 00:00:00.317425,0.8818603995113109,0.9958588530989279,112,21.45175663356443,4.067759040709941,0.0025235759993436145,5,0.3805966253600772,2000,PRUNED
26,0.0025001962203532457,2026-05-18 07:14:20.031729,2026-05-18 07:14:32.598768,0 days 00:00:12.567039,0.9000863573126221,0.9984028950875795,128,38.325388592719364,8.551453197978596,0.002779369218025572,6,0.6388044877096187,2000,COMPLETE
27,0.08846218138933182,2026-05-18 07:14:32.607881,2026-05-18 07:14:32.916505,0 days 00:00:00.308624,0.9050413489880631,0.9972801975196327,128,42.160343796510325,9.143149848434714,0.0024789083042184574,5,0.7852517424116614,1000,PRUNED
28,0.0943971797823906,2026-05-18 07:14:32.922962,2026-05-18 07:14:33.181485,0 days 00:00:00.258523,0.9334809079885171,0.9937860862349132,128,10.16515599077607,3.3955803812812375,0.006785209100560008,4,0.6530450098361821,3000,PRUNED
29,0.08683384954929352,2026-05-18 07:14:33.187736,2026-05-18 07:14:34.353350,0 days 00:00:01.165614,0.9326597617586387,0.9963318142099614,112,55.89991639098032,1.7986778324447286,0.0006582386881848485,6,0.6382149748850826,1000,PRUNED
30,0.0981542244553566,2026-05-18 07:14:34.359475,2026-05-18 07:14:35.551900,0 days 00:00:01.192425,0.9001449910123115,0.9952817954402843,96,16.561160448057954,1.1480153101089305,0.0012666586261964733,5,0.5609940492030864,2000,PRUNED
31,0.0014125140151008964,2026-05-18 07:14:35.559109,2026-05-18 07:14:48.130148,0 days 00:00:12.571039,0.8702470988542258,0.9985258551406327,128,26.56168184524351,5.1666989127828895,0.0032250409706792334,6,0.425761918628474,2000,COMPLETE
32,0.0036727518308907747,2026-05-18 07:14:48.140324,2026-05-18 07:15:00.494060,0 days 00:00:12.353736,0.8930940213734108,0.99936169773656,128,37.985640816912046,5.340359171267041,0.002171810483905824,6,0.43146260258832075,2000,COMPLETE
33,0.09665882587432861,2026-05-18 07:15:00.502585,2026-05-18 07:15:00.867371,0 days 00:00:00.364786,0.8749063978913305,0.9976228575019137,112,73.79652037622245,9.560868153712484,0.0030042328755206203,6,0.5023651248824659,1000,PRUNED
34,0.0876932442188263,2026-05-18 07:15:00.874885,2026-05-18 07:15:01.216937,0 days 00:00:00.342052,0.8926083062514893,0.9953284100418108,128,19.402898450186957,4.955472692004677,0.0048114332691162115,6,0.6218118284573237,3000,PRUNED
35,0.0775923877954483,2026-05-18 07:15:01.223219,2026-05-18 07:15:02.278969,0 days 00:00:01.055750,0.8810230163489667,0.9970045844895528,112,13.589430419224403,2.388929023012043,0.0012224372768039173,5,0.5539400226612508,2000,PRUNED
36,0.09171418100595474,2026-05-18 07:15:02.287455,2026-05-18 07:15:02.848200,0 days 00:00:00.560745,0.8579150612537143,0.9982906534943164,128,28.898114186176787,6.090690392936479,0.006285684082093293,5,0.41769678817649925,1000,PRUNED
37,0.08801279217004776,2026-05-18 07:15:02.855479,2026-05-18 07:15:03.210222,0 days 00:00:00.354743,0.8714579961029508,0.9988362907761132,96,47.3237102356397,9.900059787562311,0.00855080766801389,6,0.5909825772812561,2000,PRUNED
38,0.08472125977277756,2026-05-18 07:15:03.216593,2026-05-18 07:15:03.693385,0 days 00:00:00.476792,0.8954774557833187,0.996222598924788,112,35.087323873796485,0.27680721612417575,0.004642709978596591,4,0.7999622009212531,4000,PRUNED
39,0.05713234841823578,2026-05-18 07:15:03.699665,2026-05-18 07:15:05.149680,0 days 00:00:01.450015,0.8842697487686925,0.9978751393367279,128,7.730312236346643,1.0061906417522997,0.002886821167838964,6,0.5042847260116317,1000,PRUNED
40,0.09637849777936935,2026-05-18 07:15:05.156128,2026-05-18 07:15:05.357273,0 days 00:00:00.201145,0.9213293750175978,0.999209225570398,80,16.528621418814428,0.005133145960452282,0.0006228993964478796,2,0.3908827072645274,3000,PRUNED
41,0.0009762854315340519,2026-05-18 07:15:05.363407,2026-05-18 07:15:18.031562,0 days 00:00:12.668155,0.8603863972515134,0.9985314583169554,64,29.259317627153525,3.0739344026793787,0.0038019692210311713,6,0.35614882033264317,2000,COMPLETE
42,0.0894993245601654,2026-05-18 07:15:18.041852,2026-05-18 07:15:18.398081,0 days 00:00:00.356229,0.8591658494025599,0.998177541465456,64,29.195495902282826,2.912388311249138,0.001991222990070255,6,0.37098359716507495,2000,PRUNED
43,0.002278283704072237,2026-05-18 07:15:18.404293,2026-05-18 07:15:30.225403,0 days 00:00:11.821110,0.8691181748854997,0.9985688875718036,96,43.16389856938027,5.494490331178892,0.004404099225370596,6,0.44158263324346336,2000,COMPLETE
44,0.0007330729276873171,2026-05-18 07:15:30.234729,2026-05-18 07:15:42.745635,0 days 00:00:12.510906,0.851157610364259,0.9985191001078909,64,24.84697236616397,0.45631171109819263,0.00432460230027477,6,0.34618438632950155,2000,COMPLETE
45,0.09000760316848755,2026-05-18 07:15:42.758105,2026-05-18 07:15:43.123594,0 days 00:00:00.365489,0.8523092785389851,0.9986969625315364,64,11.736089850496322,0.36605641445910686,0.005541917825460914,6,0.3574676456070529,2000,PRUNED
46,0.09192007035017014,2026-05-18 07:15:43.131402,2026-05-18 07:15:43.466217,0 days 00:00:00.334815,0.8695463081874318,0.9996143569126414,48,24.986517229195044,0.15831514274036756,0.009839291088093133,6,0.34497527096618313,3000,PRUNED
47,0.09225018322467804,2026-05-18 07:15:43.472787,2026-05-18 07:15:44.883531,0 days 00:00:01.410744,0.8573911193494295,0.999126990830648,80,20.26546132883002,1.455198125248542,0.0040795474252307805,6,0.30350838608514324,2000,PRUNED
48,0.09148728102445602,2026-05-18 07:15:44.892928,2026-05-18 07:15:45.247014,0 days 00:00:00.354086,0.8640661091226841,0.9970186941655501,48,52.6304462435307,0.06461648469656796,0.007527899563453,6,0.3314497500466487,5000,PRUNED
49,0.11061815172433853,2026-05-18 07:15:45.253413,2026-05-18 07:15:45.537352,0 days 00:00:00.283939,0.9484349651334989,0.9975447360066693,64,81.52707486317607,0.6114277038051258,0.0037409470913148755,5,0.3985580034156835,3000,PRUNED
50,0.08591040223836899,2026-05-18 07:15:45.543395,2026-05-18 07:15:46.132959,0 days 00:00:00.589564,0.8763493266257525,0.9980048489619127,80,14.388642351956381,3.088734665699824,0.00014474971714615957,6,0.46639145672002924,2000,PRUNED
51,0.09000947326421738,2026-05-18 07:15:46.138943,2026-05-18 07:15:46.457907,0 days 00:00:00.318964,0.8571804492817863,0.9985425190148564,64,43.60063700427848,6.3604215274950615,0.0029034113618801967,6,0.41679948722173643,2000,PRUNED
52,0.001862329081632197,2026-05-18 07:15:46.464747,2026-05-18 07:15:58.649820,0 days 00:00:12.185073,0.8681668571249669,0.9983680222556084,96,35.38802040022198,6.5940278120632305,0.005471220935926853,6,0.6112561582106321,2000,COMPLETE
53,0.0013481131754815578,2026-05-18 07:15:58.657341,2026-05-18 07:16:11.449077,0 days 00:00:12.791736,0.8507817485076253,0.9994896548021295,96,30.316886491417996,4.829451971081126,0.005687052971561412,6,0.36499623794991587,2000,COMPLETE
54,0.09172581881284714,2026-05-18 07:16:11.457034,2026-05-18 07:16:11.819085,0 days 00:00:00.362051,0.8519313863952445,0.9997472115048014,80,26.0288841422281,2.0214924402092938,0.005958278248133206,6,0.32828879443070946,1000,PRUNED
55,0.09317198395729065,2026-05-18 07:16:11.825700,2026-05-18 07:16:12.372411,0 days 00:00:00.546711,0.8620547408469434,0.9991389039196855,48,30.704955880820158,4.140458537993047,0.007431527766379121,5,0.3715071750943477,2000,PRUNED
56,0.0009208477567881346,2026-05-18 07:16:12.380625,2026-05-18 07:16:25.072149,0 days 00:00:12.691524,0.8512540584371606,0.999456278465862,64,18.59777846990866,0.8528466951164103,0.005380307115345491,6,0.610071435582614,2000,COMPLETE
57,0.09108742326498032,2026-05-18 07:16:25.080862,2026-05-18 07:16:25.410434,0 days 00:00:00.329572,0.8509206386718807,0.9994488576708479,64,18.55111744702509,0.8611015425784386,0.0035454201167505286,5,0.7004787204825388,2000,PRUNED
58,0.07444348186254501,2026-05-18 07:16:25.419245,2026-05-18 07:16:26.015180,0 days 00:00:00.595935,0.8556584971681239,0.9998934440849427,32,25.432649527340143,1.3580872870422827,0.008493441848100402,3,0.35763514542669417,3000,PRUNED
59,0.08905597031116486,2026-05-18 07:16:26.021600,2026-05-18 07:16:26.329973,0 days 00:00:00.308373,0.8633557929587855,0.9989223308313127,48,11.956277086368702,0.44462731279790835,0.005227482843979231,6,0.320901160510987,1000,PRUNED
60,0.0006949143134988844,2026-05-18 07:16:26.335965,2026-05-18 07:16:38.941403,0 days 00:00:12.605438,0.8610263046209471,0.9993934093728667,64,9.004631214624947,0.23446411294854871,0.004040860135102222,6,0.4140592148754382,3000,COMPLETE
61,0.035792820155620575,2026-05-18 07:16:38.951013,2026-05-18 07:16:40.260577,0 days 00:00:01.309564,0.8503501354858214,0.9994250657397231,64,5.0105061841638285,0.18535515802414312,0.004169312846275677,6,0.40689306425376787,3000,PRUNED
62,0.0009065109770745039,2026-05-18 07:16:40.266941,2026-05-18 07:16:52.211977,0 days 00:00:11.945036,0.8619211881163625,0.9988363789259143,64,8.497378079179441,0.24951779559570683,0.003333995081902308,6,0.5219224841589825,4000,COMPLETE
63,0.0007549099973402917,2026-05-18 07:16:52.220219,2026-05-18 07:17:04.943007,0 days 00:00:12.722788,0.8598570082867609,0.9910490974184158,64,7.969001739025255,0.20920325599418244,0.0032981133455945717,6,0.4778204974336057,3000,COMPLETE
64,0.08510462194681168,2026-05-18 07:17:04.951450,2026-05-18 07:17:05.316637,0 days 00:00:00.365187,0.8618913037295983,0.9907109268932263,64,7.735070816417796,0.09200761600322338,0.000300598421073014,6,0.5229262671311345,4000,PRUNED
65,0.08539816737174988,2026-05-18 07:17:05.323236,2026-05-18 07:17:05.683884,0 days 00:00:00.360648,0.8554711903342165,0.9902896851117218,80,3.39702968621189,0.2711092349808826,0.0037095350063226207,6,0.4753920818798131,4000,PRUNED
66,0.08394818753004074,2026-05-18 07:17:05.690552,2026-05-18 07:17:06.049692,0 days 00:00:00.359140,0.8604281438736651,0.9918371405223309,64,9.365900577304961,0.22198182604305247,0.0064695019079335945,2,0.35170573028485197,4000,PRUNED
67,0.08308140933513641,2026-05-18 07:17:06.056250,2026-05-18 07:17:06.655721,0 days 00:00:00.599471,0.8658467966074578,0.9988656972458864,80,8.978697514773366,0.11120778615376088,0.003247856681424091,6,0.45533730365825337,3000,PRUNED
68,0.08642108738422394,2026-05-18 07:17:06.663272,2026-05-18 07:17:06.972848,0 days 00:00:00.309576,0.8553589035803457,0.9925171622866004,48,4.68464934413685,0.4979284807292931,0.0023495170725920706,6,0.4818487265984682,5000,PRUNED
69,0.05172468721866608,2026-05-18 07:17:06.978879,2026-05-18 07:17:07.834039,0 days 00:00:00.855160,0.8775498922757244,0.9995995455089712,64,6.305569911264265,0.07994665872439298,0.0018157460746649845,6,0.38117146016257275,3000,PRUNED
70,0.0880580022931099,2026-05-18 07:17:07.840116,2026-05-18 07:17:08.163643,0 days 00:00:00.323527,0.9693814927464371,0.9912222131754458,48,6.384809709976116,0.13961236821084033,0.004054732659769362,6,0.536256359739576,3000,PRUNED
71,0.08705047518014908,2026-05-18 07:17:08.170500,2026-05-18 07:17:08.526783,0 days 00:00:00.356283,0.8654165018439752,0.9991844355422127,64,17.732322818861228,0.0351999150895013,0.0049954528157237195,6,0.4410234384597606,4000,PRUNED
72,0.08509617298841476,2026-05-18 07:17:08.533983,2026-05-18 07:17:08.873721,0 days 00:00:00.339738,0.8726959885121504,0.9941734377028232,64,10.91113279308402,0.7066654777857274,0.0032680284567812566,6,0.5682800009307335,2000,PRUNED
73,0.0010672362986952066,2026-05-18 07:17:08.887970,2026-05-18 07:17:19.912231,0 days 00:00:11.024261,0.8556843880214875,0.9981280746023625,64,14.14870462751859,0.39255564722531067,0.0027519932489200832,6,0.4204394919836944,3000,COMPLETE
74,0.03243529051542282,2026-05-18 07:17:19.920859,2026-05-18 07:17:21.246133,0 days 00:00:01.325274,0.8594117044576601,0.997968105475943,64,14.036372724694218,0.39546841744807315,0.0014671148869950892,6,0.40212465870517294,3000,PRUNED
75,0.08621236681938171,2026-05-18 07:17:21.253150,2026-05-18 07:17:21.617370,0 days 00:00:00.364220,0.8545963000618142,0.9948398667192963,80,9.118846806508548,0.19699470637980698,0.0020429706005491485,6,0.4872340687870752,3000,PRUNED
76,0.016482824459671974,2026-05-18 07:17:21.624217,2026-05-18 07:17:23.829501,0 days 00:00:02.205284,0.8504849884905846,0.9981923775170404,64,22.509553367321548,0.3077000678062483,0.0025508101518692382,6,0.3882058901126924,4000,PRUNED
77,0.0010182741098105907,2026-05-18 07:17:23.838801,2026-05-18 07:17:36.057863,0 days 00:00:12.219062,0.8609606842108187,0.9988315909827713,64,15.190826109862423,0.2425972193513157,0.0027038912441925806,6,0.5093268455524677,3000,COMPLETE
78,0.08704646676778793,2026-05-18 07:17:36.067758,2026-05-18 07:17:36.327693,0 days 00:00:00.259935,0.8611212855163302,0.997236160463159,48,15.332582572334786,0.23544797647531482,0.0022485698723336825,3,0.5114251264132607,3000,PRUNED
79,0.0008594627142883837,2026-05-18 07:17:36.336555,2026-05-18 07:17:48.794363,0 days 00:00:12.457808,0.8666376419487954,0.9987428125992572,64,10.7003910269634,0.5376710388160291,0.0026514669568904296,6,0.45788222878041296,3000,COMPLETE
80,0.08665569871664047,2026-05-18 07:17:48.803842,2026-05-18 07:17:49.095339,0 days 00:00:00.291497,0.8814177840579291,0.9931477530320727,80,7.209941482664584,0.5884793579188277,0.004330583256016105,5,0.4956975257693706,3000,PRUNED
81,0.0951603502035141,2026-05-18 07:17:49.103241,2026-05-18 07:17:49.426935,0 days 00:00:00.323694,0.9888696711053415,0.9986524040244386,64,13.277457982108082,0.8212387299139997,0.0036553532793240787,6,0.5789611531335158,3000,PRUNED
82,0.041958920657634735,2026-05-18 07:17:49.435627,2026-05-18 07:17:50.295923,0 days 00:00:00.860296,0.8662123838538579,0.999050637101007,64,10.053176634333962,0.31981073621236994,0.002641768457903887,6,0.5407217756211633,3000,PRUNED
83,0.07531151920557022,2026-05-18 07:17:50.302839,2026-05-18 07:17:50.892044,0 days 00:00:00.589205,0.8549633725945311,0.9976766704506249,64,8.644145040266455,0.1594742904034367,0.0015986115064208814,6,0.4541884570287073,3000,PRUNED
84,0.08921951055526733,2026-05-18 07:17:50.899094,2026-05-18 07:17:51.216653,0 days 00:00:00.317559,0.8729457194645146,0.998793089396731,48,11.090689825447438,0.900604394526602,0.003000489389903968,6,0.4368535704247281,3000,PRUNED
85,0.04649200290441513,2026-05-18 07:17:51.223723,2026-05-18 07:17:52.119994,0 days 00:00:00.896271,0.8576686062458612,0.9992794181109538,64,12.449224640698626,0.473895304381259,0.003196477985448786,6,0.4688688890944814,3000,PRUNED
86,0.0011197587009519339,2026-05-18 07:17:52.127968,2026-05-18 07:18:04.940936,0 days 00:00:12.812968,0.8675090530343362,0.9981094105323522,64,16.350559308343925,0.25607465981592525,0.002709559980493671,6,0.4232970528763059,4000,COMPLETE
87,0.0842982679605484,2026-05-18 07:18:04.949659,2026-05-18 07:18:05.313024,0 days 00:00:00.363365,0.8600886897313424,0.9982729340353693,80,8.296832357080204,0.13484528978005744,0.004650701184958315,6,0.522027903783912,3000,PRUNED
88,0.08045798540115356,2026-05-18 07:18:05.319589,2026-05-18 07:18:05.970174,0 days 00:00:00.650585,0.8641429199980012,0.9989338230683209,48,5.22708228637256,0.3931496390315423,0.002111604173324559,6,0.6713834866847476,5000,PRUNED
89,0.08774800598621368,2026-05-18 07:18:05.977317,2026-05-18 07:18:06.311737,0 days 00:00:00.334420,0.8743676477568186,0.998470648937097,64,6.6840655268441305,0.18763000834580537,0.0038883104926376714,5,0.5963165196213772,3000,PRUNED
90,0.08600680530071259,2026-05-18 07:18:06.318365,2026-05-18 07:18:06.680411,0 days 00:00:00.362046,0.854138389971911,0.9967337593086708,64,5.6568584047549315,0.5432594668000832,0.0034527933779465968,6,0.8585731328543293,3000,PRUNED
91,0.0011039737146347761,2026-05-18 07:18:06.686804,2026-05-18 07:18:19.497339,0 days 00:00:12.810535,0.8687336203833648,0.9980130861406846,64,17.377207119202126,0.24335647828768694,0.0027158133593980257,6,0.4215253194101155,4000,COMPLETE
