number,value,datetime_start,datetime_complete,duration,params_adam_beta1,params_adam_beta2,params_hidden,params_lambda_ic,params_lambda_phys,params_lr,params_n_layers,params_scheduler_gamma,params_scheduler_step,state
0,0.0005360333598218858,2026-05-18 07:57:31.231814,2026-05-18 07:57:43.168909,0 days 00:00:11.937095,0.9712646604084909,0.9959510386162578,48,15.75132049977973,0.8471801418819978,0.0002051338263087451,6,0.3935967122017216,1000,COMPLETE
1,0.0015746218850836158,2026-05-18 07:57:43.180395,2026-05-18 07:57:50.458127,0 days 00:00:07.277732,0.8925939140143353,0.9951950886731592,96,46.22589001020831,7.579479953348009,0.00026587543983272726,2,0.4090949803242604,1000,COMPLETE
2,0.0005229536909610033,2026-05-18 07:57:50.465482,2026-05-18 07:57:59.211523,0 days 00:00:08.746041,0.9599246345950219,0.9919767704433677,64,1.9010245319870354,0.2801635158716261,0.0003839629299804173,3,0.5198171059762151,3000,COMPLETE
3,0.0013309750938788056,2026-05-18 07:57:59.221147,2026-05-18 07:58:08.889254,0 days 00:00:09.668107,0.9851884846304383,0.998003133746353,80,16.40928673064792,0.0015339162591163618,0.00021930485556643703,4,0.3390309557911677,5000,COMPLETE
4,0.0012903764145448804,2026-05-18 07:58:08.898788,2026-05-18 07:58:16.203541,0 days 00:00:07.304753,0.9773048562910295,0.9925619218178402,48,7.591104805282694,0.5456725485601477,0.00017541893487450815,2,0.5971061460667622,1000,COMPLETE
5,0.0037391670048236847,2026-05-18 07:58:16.213560,2026-05-18 07:58:17.414929,0 days 00:00:01.201369,0.9815298518189864,0.9988587907692338,96,12.399967836846093,0.12030178871154672,0.00023426581058204064,3,0.8817507766587351,4000,PRUNED
6,0.02445353753864765,2026-05-18 07:58:17.422789,2026-05-18 07:58:17.779448,0 days 00:00:00.356659,0.8879888644483455,0.9982045013406041,80,2.4658447214487373,0.002259279742015696,0.00012315571723666037,6,0.49519819845795865,2000,PRUNED
7,1.2137484191043768e-05,2026-05-18 07:58:17.787648,2026-05-18 07:58:26.562364,0 days 00:00:08.774716,0.9581142677015321,0.9919672852471884,48,1.9135880487692298,0.14817820606039092,0.0040215545266902904,3,0.3447303862078625,5000,COMPLETE
8,2.703516474866774e-05,2026-05-18 07:58:26.573398,2026-05-18 07:58:39.086986,0 days 00:00:12.513588,0.8662216683335181,0.9985447239161683,16,28.70875348195468,0.6720930050156113,0.0034877126245459306,6,0.3444267910404542,2000,COMPLETE
9,0.0008006584248505533,2026-05-18 07:58:39.095076,2026-05-18 07:58:45.837375,0 days 00:00:06.742299,0.9742097839606857,0.9946749277591033,80,4.187594718900626,0.0017956984225677636,0.0004470608546778491,3,0.7377637070028384,4000,PRUNED
10,0.09330537170171738,2026-05-18 07:58:45.844041,2026-05-18 07:58:46.142226,0 days 00:00:00.298185,0.9373716938041312,0.9903940161001624,128,1.0862348973937128,0.0184157984854315,0.009165193790139851,4,0.7141482441414871,5000,PRUNED
11,0.0003459196595940739,2026-05-18 07:58:46.150091,2026-05-18 07:58:57.304825,0 days 00:00:11.154734,0.8604465441190641,0.9998807207324026,16,73.47973767867614,3.014081614611621,0.0037539522659534334,5,0.3124093411638383,3000,COMPLETE
12,8.201259333873168e-05,2026-05-18 07:58:57.313810,2026-05-18 07:59:08.310542,0 days 00:00:10.996732,0.9287649115322774,0.9933875261285595,16,30.196969843218803,0.031214953823638873,0.0020518849625537163,5,0.4646909839694886,2000,COMPLETE
13,0.0002205598575528711,2026-05-18 07:59:08.319430,2026-05-18 07:59:17.470353,0 days 00:00:09.150923,0.9019111830037088,0.9967864956204765,32,6.5421073151592655,0.0396287130114545,0.0017021074204418985,4,0.315329696886326,2000,COMPLETE
14,2.828369133567321e-06,2026-05-18 07:59:17.478437,2026-05-18 07:59:28.635021,0 days 00:00:11.156584,0.8667959979275492,0.9905189446027594,32,29.936200869893714,1.5470900640652263,0.006096230092353268,5,0.5804885760194731,4000,COMPLETE
15,4.970363988832105e-06,2026-05-18 07:59:28.648017,2026-05-18 07:59:40.164895,0 days 00:00:11.516878,0.943876319964684,0.9904483293373831,48,1.0519095028133836,1.508625542422029,0.008429309163885967,5,0.6145382291843938,4000,COMPLETE
16,5.6859162214095704e-06,2026-05-18 07:59:40.173525,2026-05-18 07:59:51.624621,0 days 00:00:11.451096,0.915952269783803,0.9901304742223711,32,91.05273581735291,2.281166987382632,0.008152059999870393,5,0.6461695043338067,4000,COMPLETE
17,0.011832932941615582,2026-05-18 07:59:51.631925,2026-05-18 07:59:51.951732,0 days 00:00:00.319807,0.9441735906457455,0.9912491178387578,32,24.56966955619293,6.367238056975112,0.0008265370165105843,5,0.5723634572682853,3000,PRUNED
18,1.9689019609359093e-05,2026-05-18 07:59:51.960225,2026-05-18 08:00:03.510166,0 days 00:00:11.549941,0.8800800471105714,0.9939530170183561,64,1.1149993314073985,1.5305588647921704,0.005906266782034528,5,0.693626300652922,4000,COMPLETE
19,5.410812718764646e-06,2026-05-18 08:00:03.518278,2026-05-18 08:00:16.501229,0 days 00:00:12.982951,0.9135124750050402,0.9910442618435477,128,4.000009167270171,0.006389317704841252,0.0015632368259953138,6,0.8371288831612471,4000,COMPLETE
20,3.2479438232257962e-06,2026-05-18 08:00:16.508573,2026-05-18 08:00:27.796067,0 days 00:00:11.287494,0.8516269346278574,0.9930409862952141,48,39.24819020127144,0.3640282993687915,0.005631072996138016,5,0.8031522400235495,5000,COMPLETE
21,4.4670655370282475e-06,2026-05-18 08:00:27.804015,2026-05-18 08:00:37.638062,0 days 00:00:09.834047,0.8524301764908077,0.9929751137030197,48,48.07823951397634,0.32951237072808365,0.005652391337734208,5,0.804004614003205,5000,COMPLETE
22,0.0032720365561544895,2026-05-18 08:00:37.646652,2026-05-18 08:00:38.158361,0 days 00:00:00.511709,0.8509269812586627,0.9931891457826653,32,49.18304182406622,0.34912978215053375,0.0025726501090331333,4,0.7886812718126188,5000,PRUNED
23,0.002499066526070237,2026-05-18 08:00:38.164936,2026-05-18 08:00:38.699541,0 days 00:00:00.534605,0.8719577647904572,0.9941881150833464,64,54.123312104868944,0.20833673977905603,0.005409652258843025,5,0.7822026164769689,5000,PRUNED
24,0.0032599386759102345,2026-05-18 08:00:38.707015,2026-05-18 08:00:39.288590,0 days 00:00:00.581575,0.8517957450065726,0.9925358816746432,48,36.47212028693534,0.07179328221079773,0.0010709154320580146,6,0.8813735536905899,5000,PRUNED
25,4.400770194479264e-06,2026-05-18 08:00:39.295003,2026-05-18 08:00:48.969349,0 days 00:00:09.674346,0.8744542658661913,0.9915263435544188,32,20.315188730411748,3.7528466781083623,0.005639026931347986,5,0.6780010891580744,5000,COMPLETE
26,0.0028928129468113184,2026-05-18 08:00:48.979545,2026-05-18 08:00:49.497947,0 days 00:00:00.518402,0.8754463239168787,0.9916115821587527,32,19.287511239386873,3.717002281812209,0.0028001401215131195,4,0.6728135657297518,4000,PRUNED
27,0.0015322751132771373,2026-05-18 08:00:49.503884,2026-05-18 08:00:50.171912,0 days 00:00:00.668028,0.8638444702981697,0.9910117703936608,16,10.275229858408872,1.1339285004878048,0.005731003841795224,4,0.5505525219063128,5000,PRUNED
28,0.004987071268260479,2026-05-18 08:00:50.178067,2026-05-18 08:00:50.464956,0 days 00:00:00.286889,0.8850059619639097,0.9921904458063244,32,20.21718577546426,5.168611770726089,0.0011561246009004148,5,0.7556060391670799,4000,PRUNED
29,0.0016030349070206285,2026-05-18 08:00:50.470992,2026-05-18 08:00:51.346173,0 days 00:00:00.875181,0.905619093098395,0.9959423875310387,64,73.73361959067454,0.935337192900446,0.004287009069860014,6,0.6451639279788122,5000,PRUNED
30,0.005429982673376799,2026-05-18 08:00:51.352377,2026-05-18 08:00:51.638547,0 days 00:00:00.286170,0.8982989442543798,0.9936561868136647,48,13.621669732663197,2.1108823569297908,0.0006467377078810074,5,0.8504215244702832,4000,PRUNED
31,4.493203050515149e-06,2026-05-18 08:00:51.644572,2026-05-18 08:01:01.876800,0 days 00:00:10.232228,0.857567680983525,0.9929526273747096,48,40.05841116653547,0.4699989722234714,0.006608521297718777,5,0.8144686143269815,5000,COMPLETE
32,0.0027654676232486963,2026-05-18 08:01:01.884851,2026-05-18 08:01:02.414617,0 days 00:00:00.529766,0.8702577510470236,0.9914232562497554,32,23.5962107358844,0.8322471947280458,0.0028633065984043716,5,0.7416339068946519,5000,PRUNED
33,2.3623008473805385e-06,2026-05-18 08:01:02.420536,2026-05-18 08:01:13.468963,0 days 00:00:11.048427,0.8568447296570315,0.9951717431878475,48,56.52571543452457,8.436023304328902,0.004649268394427078,6,0.4399935297711267,5000,COMPLETE
34,3.5441614727460546e-06,2026-05-18 08:01:13.479069,2026-05-18 08:01:24.405387,0 days 00:00:10.926318,0.8791906765397017,0.9957419513873125,64,64.62023092947933,4.477441282060332,0.0073224336990038415,6,0.3836554415381256,5000,COMPLETE
35,0.0011258338345214725,2026-05-18 08:01:24.412687,2026-05-18 08:01:25.819697,0 days 00:00:01.407010,0.8580841269867092,0.9963555728112065,96,60.379531259677314,7.6612533701769205,0.009287100582037357,6,0.41592653205322616,5000,PRUNED
36,0.0016857425216585398,2026-05-18 08:01:25.827317,2026-05-18 08:01:26.685290,0 days 00:00:00.857973,0.893251273371087,0.9955030592354008,64,89.06440833053516,8.305792662142533,0.0069015737921952,6,0.437994614348884,4000,PRUNED
37,0.0008935558144003153,2026-05-18 08:01:26.692604,2026-05-18 08:01:29.838462,0 days 00:00:03.145858,0.8810754754444999,0.9948162951340306,80,65.25879647893005,9.792087373071668,0.004028453186876992,6,0.38157081963561595,3000,PRUNED
38,0.0022304083686321974,2026-05-18 08:01:29.845076,2026-05-18 08:01:30.432909,0 days 00:00:00.587833,0.8673016859820061,0.9968302195882982,64,37.19211362347626,5.096513716440784,0.002093484823667498,6,0.5059795225796007,5000,PRUNED
39,4.262789389031241e-06,2026-05-18 08:01:30.439805,2026-05-18 08:01:42.610018,0 days 00:00:12.170213,0.8896857471804118,0.9955018972398731,48,32.491382795664414,2.1688012964899896,0.004316088892928011,6,0.46255747612323467,1000,COMPLETE
40,0.005955071654170752,2026-05-18 08:01:42.618241,2026-05-18 08:01:42.828901,0 days 00:00:00.210660,0.8633373297296079,0.997184870665425,80,99.04137740113485,1.3046415219571386,0.009921745298176613,2,0.3760798034899474,4000,PRUNED
41,0.00027382560074329376,2026-05-18 08:01:42.835675,2026-05-18 08:01:46.725555,0 days 00:00:03.889880,0.8920302075886997,0.9954065089616416,48,28.67654837052626,2.142510041936473,0.004731343532438849,6,0.5400418513681657,1000,PRUNED
42,1.6453701618956984e-06,2026-05-18 08:01:46.733337,2026-05-18 08:01:58.897287,0 days 00:00:12.163950,0.8805128446388315,0.9944125579704586,48,42.64126440218682,3.2151169762325256,0.007455216283769997,6,0.4584173806034325,1000,COMPLETE
43,0.004279179498553276,2026-05-18 08:01:58.908218,2026-05-18 08:01:59.230680,0 days 00:00:00.322462,0.8783654669805515,0.9945016337784364,112,41.811829651366295,3.3037200972348533,0.007806646175533949,6,0.47219630343305585,3000,PRUNED
44,0.0014942357083782554,2026-05-18 08:01:59.239446,2026-05-18 08:02:00.189212,0 days 00:00:00.949766,0.8577506109983702,0.9950124882012314,64,61.560043059831195,0.6233908520302472,0.007225760089361714,6,0.41078306644981405,1000,PRUNED
45,0.0010125602129846811,2026-05-18 08:02:00.196446,2026-05-18 08:02:01.824875,0 days 00:00:01.628429,0.8674148269068228,0.9958362575611862,48,74.61256528066059,5.1512373144562975,0.0032712338414913698,6,0.4378432260563273,2000,PRUNED
46,0.0011168746277689934,2026-05-18 08:02:01.831858,2026-05-18 08:02:03.157238,0 days 00:00:01.325380,0.8845888523245224,0.9974838895489584,64,46.78325365228598,0.19271552447803958,0.004729046655182797,6,0.36487212882986647,5000,PRUNED
47,0.049244433641433716,2026-05-18 08:02:03.164607,2026-05-18 08:02:03.523656,0 days 00:00:00.359049,0.9670264253126721,0.9943519830887704,16,16.173497064319474,9.818902009824228,0.00016418479631553413,6,0.5315935804980435,3000,PRUNED
48,0.0030672959983348846,2026-05-18 08:02:03.531309,2026-05-18 08:02:03.836791,0 days 00:00:00.305482,0.8576254315517882,0.9963936242738924,80,26.94880954163108,0.47680262317214256,0.0034968730305816025,4,0.5788740018786731,4000,PRUNED
49,0.0034034880809485912,2026-05-18 08:02:03.844564,2026-05-18 08:02:04.070879,0 days 00:00:00.226315,0.8713044537583675,0.9936842667068746,48,53.10206122211505,3.491296396627249,0.006947224955096578,3,0.5065731142954703,3000,PRUNED
50,0.007038883864879608,2026-05-18 08:02:04.077059,2026-05-18 08:02:04.367116,0 days 00:00:00.290057,0.9079514388307799,0.9951431115433222,64,34.64693969150067,1.7355293018424374,0.00036537288730985193,5,0.3454980113634972,5000,PRUNED
51,4.508863185037626e-06,2026-05-18 08:02:04.373196,2026-05-18 08:02:16.229274,0 days 00:00:11.856078,0.8893679093906647,0.9962362299031119,48,31.976673744032063,2.647389360765659,0.0046376897322050635,6,0.4359664059027275,1000,COMPLETE
52,1.5964018302838667e-06,2026-05-18 08:02:16.239482,2026-05-18 08:02:27.542393,0 days 00:00:11.302911,0.8980587362877563,0.9956559969462905,48,43.242706770237945,4.741774996050037,0.008343743291523228,6,0.47826940942696317,1000,COMPLETE
53,0.0026874069590121508,2026-05-18 08:02:27.555206,2026-05-18 08:02:27.870224,0 days 00:00:00.315018,0.8966976273194098,0.9948153476473961,32,75.66828016753344,5.373986593103434,0.009795301717271837,6,0.6166605664000109,1000,PRUNED
54,3.4855975172831677e-06,2026-05-18 08:02:27.879397,2026-05-18 08:02:40.004228,0 days 00:00:12.124831,0.9243279257397896,0.99577563369876,48,44.06171432555407,0.06870356172971334,0.007842271490196244,6,0.4841835387896649,2000,COMPLETE
55,4.804895525012398e-06,2026-05-18 08:02:40.012492,2026-05-18 08:02:51.066217,0 days 00:00:11.053725,0.9242563963886092,0.9906842459404939,48,41.93570184013873,0.07887610561954968,0.008226755483541083,5,0.4796308747918444,2000,COMPLETE
56,0.0017504298593848944,2026-05-18 08:02:51.074626,2026-05-18 08:02:51.720669,0 days 00:00:00.646043,0.9216904128408495,0.993805453337474,32,54.64603730881181,0.01745033370076499,0.006319735461719248,6,0.49651095274766033,1000,PRUNED
57,0.006646719295531511,2026-05-18 08:02:51.728569,2026-05-18 08:02:52.015426,0 days 00:00:00.286857,0.9138658080462072,0.9978190612400514,16,7.6093173883285665,0.11646974282655326,0.005222784875862341,5,0.5598298730593697,2000,PRUNED
58,4.634364358935272e-06,2026-05-18 08:02:52.022786,2026-05-18 08:03:04.086385,0 days 00:00:12.063599,0.8535552927970778,0.9940433533662396,48,24.757310681031434,0.055918856694409665,0.008493441848100402,6,0.5215941570696142,2000,COMPLETE
59,0.006406786851584911,2026-05-18 08:03:04.096949,2026-05-18 08:03:04.341453,0 days 00:00:00.244504,0.9437698225964223,0.9926014941082152,32,43.81670569820573,0.022079668328202486,0.0033895563067013208,2,0.5904110680083577,1000,PRUNED
60,0.0037499067839235067,2026-05-18 08:03:04.349905,2026-05-18 08:03:04.630503,0 days 00:00:00.280598,0.9339740295188199,0.9966839829625717,32,21.89551965897914,0.009823966861769975,0.006099496791182044,5,0.4471298572589679,2000,PRUNED
61,1.9339822756592184e-06,2026-05-18 08:03:04.636654,2026-05-18 08:03:16.206681,0 days 00:00:11.570027,0.8618050744358849,0.9958783160361838,48,83.09805932616818,6.425430578359461,0.007627642921824246,6,0.40390429095009317,1000,COMPLETE
62,0.0007627193117514253,2026-05-18 08:03:16.217329,2026-05-18 08:03:19.610089,0 days 00:00:03.392760,0.8607982722687779,0.9951787440100865,48,87.15332374094405,6.697835437297527,0.005019358977240904,6,0.40634450556042717,1000,PRUNED
63,3.37753476742364e-06,2026-05-18 08:03:19.617688,2026-05-18 08:03:31.302426,0 days 00:00:11.684738,0.8506348430963335,0.9961140748458486,48,54.12325756355341,0.04521046654117155,0.00797186521738077,6,0.4191665471070438,1000,COMPLETE
64,0.00028905252111144364,2026-05-18 08:03:31.310409,2026-05-18 08:03:34.845179,0 days 00:00:03.534770,0.854225575128938,0.9961375898254233,48,55.53899331149159,2.807072470590961,0.00601705863173264,6,0.30380616347558886,1000,PRUNED
65,0.0016036916058510542,2026-05-18 08:03:34.853407,2026-05-18 08:03:35.527119,0 days 00:00:00.673712,0.8637270171966982,0.9944354668462781,32,82.28816197534395,0.03379909849403733,0.00877213466144806,6,0.39884411453853713,1000,PRUNED
66,3.5549933272704948e-06,2026-05-18 08:03:35.533783,2026-05-18 08:03:47.140087,0 days 00:00:11.606304,0.850844375339915,0.9919860035482226,48,62.20413674327617,6.722122724359774,0.006720994412990852,5,0.4227771065491885,1000,COMPLETE
67,0.08344695717096329,2026-05-18 08:03:47.152236,2026-05-18 08:03:47.528141,0 days 00:00:00.375905,0.8673728067646973,0.9994709940718014,32,37.2790226195594,4.148715980323185,0.00010843558466752727,6,0.456785587249036,1000,PRUNED
68,0.0031787704210728407,2026-05-18 08:03:47.535897,2026-05-18 08:03:47.793326,0 days 00:00:00.257429,0.8615996158292384,0.9900054436098544,64,3.164381818244589,1.5873354668295732,0.005306395499979033,3,0.33044484393428797,1000,PRUNED
69,0.0050331829115748405,2026-05-18 08:03:47.800651,2026-05-18 08:03:48.054252,0 days 00:00:00.253601,0.8762732585295253,0.9933736221503573,16,73.09541970767711,0.958324476773217,0.009933593444974007,4,0.3645942733063787,1000,PRUNED
70,0.003113154787570238,2026-05-18 08:03:48.061253,2026-05-18 08:03:48.352257,0 days 00:00:00.291004,0.8717040629392385,0.9966321666858906,48,28.663212160212826,0.0037122303636027633,0.002463024890728734,5,0.4265063789687553,1000,PRUNED
71,5.765226433140924e-06,2026-05-18 08:03:48.359613,2026-05-18 08:04:00.747620,0 days 00:00:12.388007,0.9283360681114174,0.9956503566302903,48,47.118008210987554,0.05762024237657534,0.007725009470896921,6,0.48035490078498144,2000,COMPLETE
72,0.0008519141701981425,2026-05-18 08:04:00.756888,2026-05-18 08:04:03.075485,0 days 00:00:02.318597,0.8574551167801475,0.9960589946392095,48,50.28773254933291,0.18807537598144378,0.00782787189971886,6,0.4532401594625994,2000,PRUNED
73,0.0009578063618391752,2026-05-18 08:04:03.085236,2026-05-18 08:04:03.946551,0 days 00:00:00.861315,0.884378283044327,0.9953452376440286,48,39.21351281684109,0.0011273568002424996,0.0039209975930684406,6,0.48952176583845874,1000,PRUNED
74,0.002664634957909584,2026-05-18 08:04:03.952667,2026-05-18 08:04:04.292787,0 days 00:00:00.340120,0.9096699835410778,0.9946254015071709,64,68.62962918186882,0.08685630179524532,0.006280045348556709,6,0.631967619654484,2000,PRUNED
75,3.6743576856679283e-06,2026-05-18 08:04:04.299321,2026-05-18 08:04:16.772572,0 days 00:00:12.473251,0.8545963000618142,0.9957136713018949,32,32.68860516681438,0.04355412491996637,0.008763794717226332,6,0.7067289741844771,1000,COMPLETE
76,0.0006072936812415719,2026-05-18 08:04:16.780888,2026-05-18 08:04:18.505051,0 days 00:00:01.724163,0.8651687555449967,0.9971427982441852,48,98.49497439998026,0.26486957953428447,0.007142807540559141,6,0.5070781396549013,1000,PRUNED
77,0.002628323622047901,2026-05-18 08:04:18.514807,2026-05-18 08:04:18.846276,0 days 00:00:00.331469,0.9024310196801937,0.9949153146256502,32,55.73633650099347,0.15582364372546723,0.0054586063952258386,6,0.8976936819020521,4000,PRUNED
78,0.0022367576602846384,2026-05-18 08:04:18.855599,2026-05-18 08:04:19.170380,0 days 00:00:00.314781,0.8740896514151438,0.9970981725603244,64,47.31735171228986,7.75484229814718,0.004364777830418098,6,0.3926584166037837,1000,PRUNED
79,0.002993681700900197,2026-05-18 08:04:19.176498,2026-05-18 08:04:19.461750,0 days 00:00:00.285252,0.8602922027190518,0.9963550374833149,48,13.124583730269519,0.020483087122762835,0.0014972942223739378,5,0.4693654764465395,3000,PRUNED
80,0.0014368185074999928,2026-05-18 08:04:19.468040,2026-05-18 08:04:20.056744,0 days 00:00:00.588704,0.8503713393692128,0.9942281456313423,32,80.60462826161488,0.1170521821827492,0.00794207933570665,6,0.5285836647697325,5000,PRUNED
81,0.015852801501750946,2026-05-18 08:04:20.063984,2026-05-18 08:04:20.378835,0 days 00:00:00.314851,0.9888696711053415,0.9959225476677103,64,61.79389987391548,3.9348461092948015,0.007580750250828771,6,0.3861066622529128,5000,PRUNED
82,0.0024190344847738743,2026-05-18 08:04:20.385188,2026-05-18 08:04:20.731062,0 days 00:00:00.345874,0.8813457136503321,0.9953447442475271,64,67.12774013506677,4.624971408888909,0.006838956382080395,6,0.3565004610858974,5000,PRUNED
83,0.0014852714957669377,2026-05-18 08:04:20.739162,2026-05-18 08:04:21.426216,0 days 00:00:00.687054,0.8704842570845875,0.9956401715795764,80,41.54715766757584,6.311223202329654,0.00901715466175773,6,0.4290922160282136,5000,PRUNED
84,3.1330228011938743e-06,2026-05-18 08:04:21.436148,2026-05-18 08:04:33.980492,0 days 00:00:12.544344,0.9186787135098254,0.9965337627927117,48,18.087562991907376,2.4968456418272673,0.0058894892500980876,6,0.41104969292576554,5000,COMPLETE
85,0.004928217735141516,2026-05-18 08:04:33.989046,2026-05-18 08:04:34.348206,0 days 00:00:00.359160,0.9159708503772211,0.9966037405209548,48,18.10154654127361,2.6567205510019942,0.0007323630743068147,6,0.41633549289699934,5000,PRUNED
86,0.0037135654129087925,2026-05-18 08:04:34.355495,2026-05-18 08:04:34.690428,0 days 00:00:00.334933,0.9533723331119336,0.9975316822051946,48,25.492200923585404,1.076167372774216,0.00578533603831129,5,0.4503425633840461,4000,PRUNED
87,0.00012731627793982625,2026-05-18 08:04:34.697631,2026-05-18 08:04:38.957040,0 days 00:00:04.259409,0.9288753230729107,0.996868705552727,48,11.005814323252899,1.8441230265811834,0.00479332222785792,6,0.49232978024125346,5000,PRUNED
88,0.002182641066610813,2026-05-18 08:04:38.965843,2026-05-18 08:04:39.323881,0 days 00:00:00.358038,0.918510086277194,0.996061782239043,48,36.35771609559259,0.787135603558972,0.0036803629113371173,6,0.6713834866847476,3000,PRUNED
89,0.0022617303766310215,2026-05-18 08:04:39.333059,2026-05-18 08:04:39.601348,0 days 00:00:00.268289,0.9345471649307664,0.9984588714013293,32,7.821960903385514,1.2317575227913984,0.006317027922363588,4,0.4002677721698093,1000,PRUNED
90,5.081976269138977e-06,2026-05-18 08:04:39.608722,2026-05-18 08:04:51.493656,0 days 00:00:11.884934,0.8997504488812774,0.9950149673901201,48,32.87993979708776,0.0261091344676824,0.005156078999826834,6,0.5497890980961831,5000,COMPLETE
