number,value,datetime_start,datetime_complete,duration,params_adam_beta1,params_adam_beta2,params_hidden,params_lambda_ic,params_lambda_phys,params_lr,params_n_layers,params_scheduler_gamma,params_scheduler_step,state
183,0.0015121035976335406,2026-05-18 08:11:45.784849,2026-05-18 08:11:46.122902,0 days 00:00:00.338053,0.890280011754692,0.9937534406693961,48,54.42017973408138,8.064187253534,0.007927565969828012,5,0.42727364813841395,1000,PRUNED
184,0.0035032343585044146,2026-05-18 08:11:46.129814,2026-05-18 08:11:46.462370,0 days 00:00:00.332556,0.8990705384431315,0.9938848513923666,48,56.377627534582544,9.892916820698604,0.0019955537041847406,5,0.3943606485405239,1000,PRUNED
185,2.323688931937795e-06,2026-05-18 08:11:46.469900,2026-05-18 08:11:57.752433,0 days 00:00:11.282533,0.8951443223362896,0.9935213777170384,48,48.45119872671584,4.992912330073189,0.008319838943895418,5,0.43514665666282304,1000,COMPLETE
186,0.0009329138556495309,2026-05-18 08:11:57.760869,2026-05-18 08:11:58.384877,0 days 00:00:00.624008,0.9003708698403997,0.9931042217686864,48,67.91154323236002,8.136970486891839,0.009950234560164938,5,0.4106618406829833,1000,PRUNED
187,0.0009654750465415418,2026-05-18 08:11:58.392909,2026-05-18 08:11:58.998646,0 days 00:00:00.605737,0.908249756108256,0.9941824536760815,48,53.2074270192694,3.3308054763527113,0.007417498022688443,5,0.3794560994540617,1000,PRUNED
188,0.001863939454779029,2026-05-18 08:11:59.007240,2026-05-18 08:11:59.342420,0 days 00:00:00.335180,0.9026865685047603,0.9932967470997686,48,58.40663974817284,7.124330136831865,0.0066055122169746535,5,0.4237098888259476,1000,PRUNED
189,0.0015605679946020246,2026-05-18 08:11:59.349852,2026-05-18 08:11:59.647603,0 days 00:00:00.297751,0.8877861314152742,0.9938651365982883,48,39.0404424960129,8.822445818171484,0.007011892758570268,5,0.4439439839891095,1000,PRUNED
190,2.707358362386003e-06,2026-05-18 08:11:59.654356,2026-05-18 08:12:09.556879,0 days 00:00:09.902523,0.8904143813217651,0.9941082547178545,48,62.426616716703656,4.770416905339436,0.008237456436672364,5,0.43014544773900865,1000,COMPLETE
191,1.879015144368168e-06,2026-05-18 08:12:09.565362,2026-05-18 08:12:19.367127,0 days 00:00:09.801765,0.9048366670459415,0.9935350111065732,48,71.10023298368392,6.231788592028382,0.008991076325386477,5,0.45301970108185713,1000,COMPLETE
192,1.8633918443811126e-06,2026-05-18 08:12:19.375656,2026-05-18 08:12:30.795346,0 days 00:00:11.419690,0.8862367598301535,0.9936055143164261,48,45.23545755097032,5.5767620526787764,0.008470623843471827,5,0.4803312256779323,1000,COMPLETE
193,0.0013875054428353906,2026-05-18 08:12:30.805080,2026-05-18 08:12:31.135597,0 days 00:00:00.330517,0.9063941712913184,0.9935389414697076,48,99.89049323647411,6.802494410055631,0.007829640726851153,5,0.47993498162569054,1000,PRUNED
194,0.024954214692115784,2026-05-18 08:12:31.142534,2026-05-18 08:12:31.455706,0 days 00:00:00.313172,0.9033194107287847,0.9936482365783784,112,50.712162364721905,5.716818328065125,0.008597855473506291,5,0.47523204753122616,1000,PRUNED
195,0.0013556776102632284,2026-05-18 08:12:31.462439,2026-05-18 08:12:31.750030,0 days 00:00:00.287591,0.8854183830603135,0.9933071456154696,48,69.86371062277391,9.943148210454424,0.007238387613524094,5,0.4937390886541884,1000,PRUNED
196,0.0014990506460890174,2026-05-18 08:12:31.756314,2026-05-18 08:12:32.041656,0 days 00:00:00.285342,0.8980630789797264,0.9938029507162053,48,46.49389581511892,4.202704338379355,0.009085052047292598,5,0.4503540128420304,1000,PRUNED
197,0.0029663783498108387,2026-05-18 08:12:32.047835,2026-05-18 08:12:32.305784,0 days 00:00:00.257949,0.8969020740555103,0.9929099645733392,48,60.60348400846146,7.275676319170364,0.007888436549591848,4,0.4673062888316373,1000,PRUNED
198,0.0013200194807723165,2026-05-18 08:12:32.312066,2026-05-18 08:12:32.602252,0 days 00:00:00.290186,0.8929241314254521,0.9935167666532385,48,53.67196372435545,5.4035062073544164,0.00863495930917203,5,0.5021022107460148,1000,PRUNED
199,0.00157512491568923,2026-05-18 08:12:32.609449,2026-05-18 08:12:32.901361,0 days 00:00:00.291912,0.8827213426602885,0.9943657568593303,48,64.07439590728282,7.944175928314505,0.006802648654338502,5,0.45432180607268835,1000,PRUNED
